<?xml version="1.0" encoding="UTF-8"?>
<!-- Generated by org.testng.reporters.JUnitXMLReporter -->
<testsuite hostname="DESKTOP-HVP7PI8" ignored="0" name="Edge Browser Tests" tests="24" failures="0" timestamp="2025-09-29T22:36:56 IST" time="4.803" errors="0">
  <testcase name="@BeforeMethod setUp" time="1.75" classname="com.nse.stock.base.BaseTest">
    <failure type="java.lang.RuntimeException" message="WebDriver setup failed">
      <![CDATA[java.lang.RuntimeException: WebDriver setup failed
at com.nse.stock.base.BaseTest.setUp(BaseTest.java:59)
at java.util.concurrent.ThreadPoolExecutor.runWorker(ThreadPoolExecutor.java:1142)
at java.util.concurrent.ThreadPoolExecutor$Worker.run(ThreadPoolExecutor.java:617)
at java.lang.Thread.run(Thread.java:745)
Caused by: java.lang.RuntimeException: Edge driver setup failed: The path to the driver executable must be set by the webdriver.edge.driver system property; for more information, see https://github.com/SeleniumHQ/selenium/wiki/MicrosoftWebDriver. The latest version can be downloaded from http://go.microsoft.com/fwlink/?LinkId=619687
at com.nse.stock.utils.DriverManager.createEdgeDriverWithFallback(DriverManager.java:188)
at com.nse.stock.utils.DriverManager.createDriver(DriverManager.java:65)
at com.nse.stock.utils.DriverManager.getDriver(DriverManager.java:32)
at com.nse.stock.base.BaseTest.setUp(BaseTest.java:42)
... 19 more
Caused by: java.lang.IllegalStateException: The path to the driver executable must be set by the webdriver.edge.driver system property; for more information, see https://github.com/SeleniumHQ/selenium/wiki/MicrosoftWebDriver. The latest version can be downloaded from http://go.microsoft.com/fwlink/?LinkId=619687
at com.google.common.base.Preconditions.checkState(Preconditions.java:847)
at org.openqa.selenium.remote.service.DriverService.findExecutable(DriverService.java:134)
at org.openqa.selenium.edge.EdgeDriverService.access$000(EdgeDriverService.java:37)
at org.openqa.selenium.edge.EdgeDriverService$Builder.findDefaultExecutable(EdgeDriverService.java:90)
at org.openqa.selenium.remote.service.DriverService$Builder.build(DriverService.java:355)
at org.openqa.selenium.edge.EdgeDriverService.createDefaultService(EdgeDriverService.java:70)
at org.openqa.selenium.edge.EdgeDriver.<init>(EdgeDriver.java:130)
at com.nse.stock.utils.DriverManager.createEdgeDriverWithFallback(DriverManager.java:185)
... 22 more
... Removed 16 stack frames]]>
    </failure>
  </testcase> <!-- @BeforeMethod setUp -->
  <testcase name="@AfterMethod tearDown" time="-1.759165613419E9" classname="com.nse.stock.base.BaseTest">
    <skipped/>
  </testcase> <!-- @AfterMethod tearDown -->
  <testcase name="@BeforeMethod setUp" time="-1.759165613419E9" classname="com.nse.stock.base.BaseTest">
    <skipped/>
  </testcase> <!-- @BeforeMethod setUp -->
  <testcase name="@AfterMethod tearDown" time="-1.759165613432E9" classname="com.nse.stock.base.BaseTest">
    <skipped/>
  </testcase> <!-- @AfterMethod tearDown -->
  <testcase name="@BeforeMethod setUp" time="-1.759165613432E9" classname="com.nse.stock.base.BaseTest">
    <skipped/>
  </testcase> <!-- @BeforeMethod setUp -->
  <testcase name="@AfterMethod tearDown" time="-1.75916561345E9" classname="com.nse.stock.base.BaseTest">
    <skipped/>
  </testcase> <!-- @AfterMethod tearDown -->
  <testcase name="@BeforeMethod setUp" time="-1.759165613453E9" classname="com.nse.stock.base.BaseTest">
    <skipped/>
  </testcase> <!-- @BeforeMethod setUp -->
  <testcase name="@AfterMethod tearDown" time="-1.759165613461E9" classname="com.nse.stock.base.BaseTest">
    <skipped/>
  </testcase> <!-- @AfterMethod tearDown -->
  <testcase name="@BeforeMethod setUp" time="1.307" classname="com.nse.stock.base.BaseTest">
    <failure type="java.lang.RuntimeException" message="WebDriver setup failed">
      <![CDATA[java.lang.RuntimeException: WebDriver setup failed
at com.nse.stock.base.BaseTest.setUp(BaseTest.java:59)
at java.util.concurrent.ThreadPoolExecutor.runWorker(ThreadPoolExecutor.java:1142)
at java.util.concurrent.ThreadPoolExecutor$Worker.run(ThreadPoolExecutor.java:617)
at java.lang.Thread.run(Thread.java:745)
Caused by: java.lang.RuntimeException: Edge driver setup failed: The path to the driver executable must be set by the webdriver.edge.driver system property; for more information, see https://github.com/SeleniumHQ/selenium/wiki/MicrosoftWebDriver. The latest version can be downloaded from http://go.microsoft.com/fwlink/?LinkId=619687
at com.nse.stock.utils.DriverManager.createEdgeDriverWithFallback(DriverManager.java:188)
at com.nse.stock.utils.DriverManager.createDriver(DriverManager.java:65)
at com.nse.stock.utils.DriverManager.getDriver(DriverManager.java:32)
at com.nse.stock.base.BaseTest.setUp(BaseTest.java:42)
... 19 more
Caused by: java.lang.IllegalStateException: The path to the driver executable must be set by the webdriver.edge.driver system property; for more information, see https://github.com/SeleniumHQ/selenium/wiki/MicrosoftWebDriver. The latest version can be downloaded from http://go.microsoft.com/fwlink/?LinkId=619687
at com.google.common.base.Preconditions.checkState(Preconditions.java:847)
at org.openqa.selenium.remote.service.DriverService.findExecutable(DriverService.java:134)
at org.openqa.selenium.edge.EdgeDriverService.access$000(EdgeDriverService.java:37)
at org.openqa.selenium.edge.EdgeDriverService$Builder.findDefaultExecutable(EdgeDriverService.java:90)
at org.openqa.selenium.remote.service.DriverService$Builder.build(DriverService.java:355)
at org.openqa.selenium.edge.EdgeDriverService.createDefaultService(EdgeDriverService.java:70)
at org.openqa.selenium.edge.EdgeDriver.<init>(EdgeDriver.java:130)
at com.nse.stock.utils.DriverManager.createEdgeDriverWithFallback(DriverManager.java:185)
... 22 more
... Removed 16 stack frames]]>
    </failure>
  </testcase> <!-- @BeforeMethod setUp -->
  <testcase name="@AfterMethod tearDown" time="-1.759165614813E9" classname="com.nse.stock.base.BaseTest">
    <skipped/>
  </testcase> <!-- @AfterMethod tearDown -->
  <testcase name="@BeforeMethod setUp" time="1.438" classname="com.nse.stock.base.BaseTest">
    <failure type="java.lang.RuntimeException" message="WebDriver setup failed">
      <![CDATA[java.lang.RuntimeException: WebDriver setup failed
at com.nse.stock.base.BaseTest.setUp(BaseTest.java:59)
at java.util.concurrent.ThreadPoolExecutor.runWorker(ThreadPoolExecutor.java:1142)
at java.util.concurrent.ThreadPoolExecutor$Worker.run(ThreadPoolExecutor.java:617)
at java.lang.Thread.run(Thread.java:745)
Caused by: java.lang.RuntimeException: Edge driver setup failed: The path to the driver executable must be set by the webdriver.edge.driver system property; for more information, see https://github.com/SeleniumHQ/selenium/wiki/MicrosoftWebDriver. The latest version can be downloaded from http://go.microsoft.com/fwlink/?LinkId=619687
at com.nse.stock.utils.DriverManager.createEdgeDriverWithFallback(DriverManager.java:188)
at com.nse.stock.utils.DriverManager.createDriver(DriverManager.java:65)
at com.nse.stock.utils.DriverManager.getDriver(DriverManager.java:32)
at com.nse.stock.base.BaseTest.setUp(BaseTest.java:42)
... 19 more
Caused by: java.lang.IllegalStateException: The path to the driver executable must be set by the webdriver.edge.driver system property; for more information, see https://github.com/SeleniumHQ/selenium/wiki/MicrosoftWebDriver. The latest version can be downloaded from http://go.microsoft.com/fwlink/?LinkId=619687
at com.google.common.base.Preconditions.checkState(Preconditions.java:847)
at org.openqa.selenium.remote.service.DriverService.findExecutable(DriverService.java:134)
at org.openqa.selenium.edge.EdgeDriverService.access$000(EdgeDriverService.java:37)
at org.openqa.selenium.edge.EdgeDriverService$Builder.findDefaultExecutable(EdgeDriverService.java:90)
at org.openqa.selenium.remote.service.DriverService$Builder.build(DriverService.java:355)
at org.openqa.selenium.edge.EdgeDriverService.createDefaultService(EdgeDriverService.java:70)
at org.openqa.selenium.edge.EdgeDriver.<init>(EdgeDriver.java:130)
at com.nse.stock.utils.DriverManager.createEdgeDriverWithFallback(DriverManager.java:185)
... 22 more
... Removed 16 stack frames]]>
    </failure>
  </testcase> <!-- @BeforeMethod setUp -->
  <testcase name="@AfterMethod tearDown" time="-1.759165616259E9" classname="com.nse.stock.base.BaseTest">
    <skipped/>
  </testcase> <!-- @AfterMethod tearDown -->
  <testcase name="@BeforeMethod setUp" time="-1.759165616259E9" classname="com.nse.stock.base.BaseTest">
    <skipped/>
  </testcase> <!-- @BeforeMethod setUp -->
  <testcase name="@AfterMethod tearDown" time="-1.759165616259E9" classname="com.nse.stock.base.BaseTest">
    <skipped/>
  </testcase> <!-- @AfterMethod tearDown -->
  <testcase name="@BeforeMethod setUp" time="-1.759165616267E9" classname="com.nse.stock.base.BaseTest">
    <skipped/>
  </testcase> <!-- @BeforeMethod setUp -->
  <testcase name="@AfterMethod tearDown" time="-1.75916561627E9" classname="com.nse.stock.base.BaseTest">
    <skipped/>
  </testcase> <!-- @AfterMethod tearDown -->
  <testcase name="@BeforeMethod setUp" time="-1.75916561627E9" classname="com.nse.stock.base.BaseTest">
    <skipped/>
  </testcase> <!-- @BeforeMethod setUp -->
  <testcase name="@AfterMethod tearDown" time="-1.75916561628E9" classname="com.nse.stock.base.BaseTest">
    <skipped/>
  </testcase> <!-- @AfterMethod tearDown -->
  <testcase name="@BeforeMethod setUp" time="-1.75916561628E9" classname="com.nse.stock.base.BaseTest">
    <skipped/>
  </testcase> <!-- @BeforeMethod setUp -->
  <testcase name="@AfterMethod tearDown" time="-1.759165616296E9" classname="com.nse.stock.base.BaseTest">
    <skipped/>
  </testcase> <!-- @AfterMethod tearDown -->
  <testcase name="@BeforeMethod setUp" time="-1.759165616296E9" classname="com.nse.stock.base.BaseTest">
    <skipped/>
  </testcase> <!-- @BeforeMethod setUp -->
  <testcase name="@AfterMethod tearDown" time="-1.759165616307E9" classname="com.nse.stock.base.BaseTest">
    <skipped/>
  </testcase> <!-- @AfterMethod tearDown -->
  <testcase name="@BeforeMethod setUp" time="-1.759165616307E9" classname="com.nse.stock.base.BaseTest">
    <skipped/>
  </testcase> <!-- @BeforeMethod setUp -->
  <testcase name="@AfterMethod tearDown" time="-1.759165616315E9" classname="com.nse.stock.base.BaseTest">
    <skipped/>
  </testcase> <!-- @AfterMethod tearDown -->
  <testcase name="@BeforeMethod setUp" time="-1.759165616315E9" classname="com.nse.stock.base.BaseTest">
    <skipped/>
  </testcase> <!-- @BeforeMethod setUp -->
  <testcase name="@AfterMethod tearDown" time="-1.759165616315E9" classname="com.nse.stock.base.BaseTest">
    <skipped/>
  </testcase> <!-- @AfterMethod tearDown -->
  <testcase name="@BeforeMethod setUp" time="-1.759165616315E9" classname="com.nse.stock.base.BaseTest">
    <skipped/>
  </testcase> <!-- @BeforeMethod setUp -->
  <testcase name="@AfterMethod tearDown" time="-1.759165616323E9" classname="com.nse.stock.base.BaseTest">
    <skipped/>
  </testcase> <!-- @AfterMethod tearDown -->
  <testcase name="@BeforeMethod setUp" time="-1.759165616323E9" classname="com.nse.stock.base.BaseTest">
    <skipped/>
  </testcase> <!-- @BeforeMethod setUp -->
  <testcase name="@AfterMethod tearDown" time="-1.759165616331E9" classname="com.nse.stock.base.BaseTest">
    <skipped/>
  </testcase> <!-- @AfterMethod tearDown -->
  <testcase name="@BeforeMethod setUp" time="-1.759165616331E9" classname="com.nse.stock.base.BaseTest">
    <skipped/>
  </testcase> <!-- @BeforeMethod setUp -->
  <testcase name="@AfterMethod tearDown" time="-1.759165616339E9" classname="com.nse.stock.base.BaseTest">
    <skipped/>
  </testcase> <!-- @AfterMethod tearDown -->
  <testcase name="@BeforeMethod setUp" time="-1.759165616339E9" classname="com.nse.stock.base.BaseTest">
    <skipped/>
  </testcase> <!-- @BeforeMethod setUp -->
  <testcase name="@AfterMethod tearDown" time="-1.759165616347E9" classname="com.nse.stock.base.BaseTest">
    <skipped/>
  </testcase> <!-- @AfterMethod tearDown -->
  <testcase name="@BeforeMethod setUp" time="-1.759165616363E9" classname="com.nse.stock.base.BaseTest">
    <skipped/>
  </testcase> <!-- @BeforeMethod setUp -->
  <testcase name="@AfterMethod tearDown" time="-1.759165616389E9" classname="com.nse.stock.base.BaseTest">
    <skipped/>
  </testcase> <!-- @AfterMethod tearDown -->
  <testcase name="@BeforeMethod setUp" time="-1.759165616389E9" classname="com.nse.stock.base.BaseTest">
    <skipped/>
  </testcase> <!-- @BeforeMethod setUp -->
  <testcase name="@AfterMethod tearDown" time="-1.759165616389E9" classname="com.nse.stock.base.BaseTest">
    <skipped/>
  </testcase> <!-- @AfterMethod tearDown -->
  <testcase name="@BeforeMethod setUp" time="-1.759165616397E9" classname="com.nse.stock.base.BaseTest">
    <skipped/>
  </testcase> <!-- @BeforeMethod setUp -->
  <testcase name="@AfterMethod tearDown" time="-1.759165616397E9" classname="com.nse.stock.base.BaseTest">
    <skipped/>
  </testcase> <!-- @AfterMethod tearDown -->
  <testcase name="@BeforeMethod setUp" time="-1.759165616397E9" classname="com.nse.stock.base.BaseTest">
    <skipped/>
  </testcase> <!-- @BeforeMethod setUp -->
  <testcase name="@AfterMethod tearDown" time="-1.75916561641E9" classname="com.nse.stock.base.BaseTest">
    <skipped/>
  </testcase> <!-- @AfterMethod tearDown -->
  <testcase name="@BeforeMethod setUp" time="-1.75916561641E9" classname="com.nse.stock.base.BaseTest">
    <skipped/>
  </testcase> <!-- @BeforeMethod setUp -->
  <testcase name="@AfterMethod tearDown" time="-1.759165616426E9" classname="com.nse.stock.base.BaseTest">
    <skipped/>
  </testcase> <!-- @AfterMethod tearDown -->
  <testcase name="@AfterClass tearDownClass" time="-1.759165616426E9" classname="com.nse.stock.base.BaseTest">
    <skipped/>
  </testcase> <!-- @AfterClass tearDownClass -->
  <testcase name="@BeforeMethod setUp" time="-1.759165616436E9" classname="com.nse.stock.base.BaseTest">
    <skipped/>
  </testcase> <!-- @BeforeMethod setUp -->
  <testcase name="@AfterMethod tearDown" time="-1.759165616442E9" classname="com.nse.stock.base.BaseTest">
    <skipped/>
  </testcase> <!-- @AfterMethod tearDown -->
  <testcase name="@AfterClass tearDownClass" time="-1.759165616443E9" classname="com.nse.stock.base.BaseTest">
    <skipped/>
  </testcase> <!-- @AfterClass tearDownClass -->
  <testcase name="@BeforeMethod setUp" time="-1.759165616443E9" classname="com.nse.stock.base.BaseTest">
    <skipped/>
  </testcase> <!-- @BeforeMethod setUp -->
  <testcase name="@AfterMethod tearDown" time="-1.759165616445E9" classname="com.nse.stock.base.BaseTest">
    <skipped/>
  </testcase> <!-- @AfterMethod tearDown -->
  <testcase name="@AfterClass tearDownClass" time="-1.759165616445E9" classname="com.nse.stock.base.BaseTest">
    <skipped/>
  </testcase> <!-- @AfterClass tearDownClass -->
  <testcase name="test52WeekHighLowExtraction" time="0.0" classname="com.nse.stock.tests.Stock52WeekHighLowTest">
    <skipped/>
  </testcase> <!-- test52WeekHighLowExtraction -->
  <testcase name="test52WeekHighLowExtraction" time="0.0" classname="com.nse.stock.tests.Stock52WeekHighLowTest">
    <skipped/>
  </testcase> <!-- test52WeekHighLowExtraction -->
  <testcase name="test52WeekHighLowExtraction" time="0.0" classname="com.nse.stock.tests.Stock52WeekHighLowTest">
    <skipped/>
  </testcase> <!-- test52WeekHighLowExtraction -->
  <testcase name="test52WeekHighLowExtraction" time="0.0" classname="com.nse.stock.tests.Stock52WeekHighLowTest">
    <skipped/>
  </testcase> <!-- test52WeekHighLowExtraction -->
  <testcase name="testNSEWebsiteAccessibility" time="0.0" classname="com.nse.stock.tests.StockInformationTest">
    <skipped/>
  </testcase> <!-- testNSEWebsiteAccessibility -->
  <testcase name="testStockProfitLossCalculation" time="0.0" classname="com.nse.stock.tests.StockProfitLossTest">
    <skipped/>
  </testcase> <!-- testStockProfitLossCalculation -->
  <testcase name="testStockProfitLossCalculation" time="0.0" classname="com.nse.stock.tests.StockProfitLossTest">
    <skipped/>
  </testcase> <!-- testStockProfitLossCalculation -->
  <testcase name="testStockProfitLossCalculation" time="0.0" classname="com.nse.stock.tests.StockProfitLossTest">
    <skipped/>
  </testcase> <!-- testStockProfitLossCalculation -->
  <testcase name="testStockProfitLossCalculation" time="0.0" classname="com.nse.stock.tests.StockProfitLossTest">
    <skipped/>
  </testcase> <!-- testStockProfitLossCalculation -->
  <testcase name="testStockProfitLossCalculation" time="0.0" classname="com.nse.stock.tests.StockProfitLossTest">
    <skipped/>
  </testcase> <!-- testStockProfitLossCalculation -->
  <testcase name="testStockInformationDisplay" time="0.0" classname="com.nse.stock.tests.StockInformationTest">
    <skipped/>
  </testcase> <!-- testStockInformationDisplay -->
  <testcase name="testStockInformationDisplay" time="0.0" classname="com.nse.stock.tests.StockInformationTest">
    <skipped/>
  </testcase> <!-- testStockInformationDisplay -->
  <testcase name="testStockInformationDisplay" time="0.0" classname="com.nse.stock.tests.StockInformationTest">
    <skipped/>
  </testcase> <!-- testStockInformationDisplay -->
  <testcase name="testTataMotors52WeekData" time="0.0" classname="com.nse.stock.tests.Stock52WeekHighLowTest">
    <skipped/>
  </testcase> <!-- testTataMotors52WeekData -->
  <testcase name="testTataMotorsProfitLoss" time="0.0" classname="com.nse.stock.tests.StockProfitLossTest">
    <skipped/>
  </testcase> <!-- testTataMotorsProfitLoss -->
  <testcase name="test52WeekDataAvailability" time="0.0" classname="com.nse.stock.tests.Stock52WeekHighLowTest">
    <skipped/>
  </testcase> <!-- test52WeekDataAvailability -->
  <testcase name="testCustomPurchasePriceProfitLoss" time="0.0" classname="com.nse.stock.tests.StockProfitLossTest">
    <skipped/>
  </testcase> <!-- testCustomPurchasePriceProfitLoss -->
  <testcase name="testDefaultStockInformation" time="0.0" classname="com.nse.stock.tests.StockInformationTest">
    <skipped/>
  </testcase> <!-- testDefaultStockInformation -->
  <testcase name="test52WeekDataConsistency" time="0.0" classname="com.nse.stock.tests.Stock52WeekHighLowTest">
    <skipped/>
  </testcase> <!-- test52WeekDataConsistency -->
  <testcase name="testBatchProfitLossCalculation" time="0.0" classname="com.nse.stock.tests.StockProfitLossTest">
    <skipped/>
  </testcase> <!-- testBatchProfitLossCalculation -->
  <testcase name="testInvalidStockSearch" time="0.0" classname="com.nse.stock.tests.StockInformationTest">
    <skipped/>
  </testcase> <!-- testInvalidStockSearch -->
  <testcase name="test52WeekExtractionMethods" time="0.0" classname="com.nse.stock.tests.Stock52WeekHighLowTest">
    <skipped/>
  </testcase> <!-- test52WeekExtractionMethods -->
  <testcase name="testProfitLossEdgeCases" time="0.0" classname="com.nse.stock.tests.StockProfitLossTest">
    <skipped/>
  </testcase> <!-- testProfitLossEdgeCases -->
  <testcase name="testStockInformationCompleteness" time="0.0" classname="com.nse.stock.tests.StockInformationTest">
    <skipped/>
  </testcase> <!-- testStockInformationCompleteness -->
</testsuite> <!-- Edge Browser Tests -->
