<?xml version="1.0" encoding="UTF-8"?>
<!-- Generated by org.testng.reporters.JUnitXMLReporter -->
<testsuite hostname="DESKTOP-HVP7PI8" ignored="0" name="Firefox Browser Tests" tests="24" failures="0" timestamp="2025-09-29T22:36:51 IST" time="5.876" errors="0">
  <testcase name="@BeforeMethod setUp" time="1.706" classname="com.nse.stock.base.BaseTest">
    <failure type="java.lang.RuntimeException" message="WebDriver setup failed">
      <![CDATA[java.lang.RuntimeException: WebDriver setup failed
at com.nse.stock.base.BaseTest.setUp(BaseTest.java:59)
at java.util.concurrent.ThreadPoolExecutor.runWorker(ThreadPoolExecutor.java:1142)
at java.util.concurrent.ThreadPoolExecutor$Worker.run(ThreadPoolExecutor.java:617)
at java.lang.Thread.run(Thread.java:745)
Caused by: java.lang.RuntimeException: Edge driver setup failed: The path to the driver executable must be set by the webdriver.edge.driver system property; for more information, see https://github.com/SeleniumHQ/selenium/wiki/MicrosoftWebDriver. The latest version can be downloaded from http://go.microsoft.com/fwlink/?LinkId=619687
at com.nse.stock.utils.DriverManager.createEdgeDriverWithFallback(DriverManager.java:188)
at com.nse.stock.utils.DriverManager.createDriver(DriverManager.java:65)
at com.nse.stock.utils.DriverManager.getDriver(DriverManager.java:32)
at com.nse.stock.base.BaseTest.setUp(BaseTest.java:42)
... 19 more
Caused by: java.lang.IllegalStateException: The path to the driver executable must be set by the webdriver.edge.driver system property; for more information, see https://github.com/SeleniumHQ/selenium/wiki/MicrosoftWebDriver. The latest version can be downloaded from http://go.microsoft.com/fwlink/?LinkId=619687
at com.google.common.base.Preconditions.checkState(Preconditions.java:847)
at org.openqa.selenium.remote.service.DriverService.findExecutable(DriverService.java:134)
at org.openqa.selenium.edge.EdgeDriverService.access$000(EdgeDriverService.java:37)
at org.openqa.selenium.edge.EdgeDriverService$Builder.findDefaultExecutable(EdgeDriverService.java:90)
at org.openqa.selenium.remote.service.DriverService$Builder.build(DriverService.java:355)
at org.openqa.selenium.edge.EdgeDriverService.createDefaultService(EdgeDriverService.java:70)
at org.openqa.selenium.edge.EdgeDriver.<init>(EdgeDriver.java:130)
at com.nse.stock.utils.DriverManager.createEdgeDriverWithFallback(DriverManager.java:185)
... 22 more
... Removed 16 stack frames]]>
    </failure>
  </testcase> <!-- @BeforeMethod setUp -->
  <testcase name="@AfterMethod tearDown" time="-1.759165607031E9" classname="com.nse.stock.base.BaseTest">
    <skipped/>
  </testcase> <!-- @AfterMethod tearDown -->
  <testcase name="@BeforeMethod setUp" time="-1.759165607039E9" classname="com.nse.stock.base.BaseTest">
    <skipped/>
  </testcase> <!-- @BeforeMethod setUp -->
  <testcase name="@AfterMethod tearDown" time="-1.759165607047E9" classname="com.nse.stock.base.BaseTest">
    <skipped/>
  </testcase> <!-- @AfterMethod tearDown -->
  <testcase name="@BeforeMethod setUp" time="-1.759165607047E9" classname="com.nse.stock.base.BaseTest">
    <skipped/>
  </testcase> <!-- @BeforeMethod setUp -->
  <testcase name="@AfterMethod tearDown" time="-1.759165607055E9" classname="com.nse.stock.base.BaseTest">
    <skipped/>
  </testcase> <!-- @AfterMethod tearDown -->
  <testcase name="@BeforeMethod setUp" time="-1.759165607055E9" classname="com.nse.stock.base.BaseTest">
    <skipped/>
  </testcase> <!-- @BeforeMethod setUp -->
  <testcase name="@AfterMethod tearDown" time="-1.759165607063E9" classname="com.nse.stock.base.BaseTest">
    <skipped/>
  </testcase> <!-- @AfterMethod tearDown -->
  <testcase name="@BeforeMethod setUp" time="2.041" classname="com.nse.stock.base.BaseTest">
    <failure type="java.lang.RuntimeException" message="WebDriver setup failed">
      <![CDATA[java.lang.RuntimeException: WebDriver setup failed
at com.nse.stock.base.BaseTest.setUp(BaseTest.java:59)
at java.util.concurrent.ThreadPoolExecutor.runWorker(ThreadPoolExecutor.java:1142)
at java.util.concurrent.ThreadPoolExecutor$Worker.run(ThreadPoolExecutor.java:617)
at java.lang.Thread.run(Thread.java:745)
Caused by: java.lang.RuntimeException: Edge driver setup failed: The path to the driver executable must be set by the webdriver.edge.driver system property; for more information, see https://github.com/SeleniumHQ/selenium/wiki/MicrosoftWebDriver. The latest version can be downloaded from http://go.microsoft.com/fwlink/?LinkId=619687
at com.nse.stock.utils.DriverManager.createEdgeDriverWithFallback(DriverManager.java:188)
at com.nse.stock.utils.DriverManager.createDriver(DriverManager.java:65)
at com.nse.stock.utils.DriverManager.getDriver(DriverManager.java:32)
at com.nse.stock.base.BaseTest.setUp(BaseTest.java:42)
... 19 more
Caused by: java.lang.IllegalStateException: The path to the driver executable must be set by the webdriver.edge.driver system property; for more information, see https://github.com/SeleniumHQ/selenium/wiki/MicrosoftWebDriver. The latest version can be downloaded from http://go.microsoft.com/fwlink/?LinkId=619687
at com.google.common.base.Preconditions.checkState(Preconditions.java:847)
at org.openqa.selenium.remote.service.DriverService.findExecutable(DriverService.java:134)
at org.openqa.selenium.edge.EdgeDriverService.access$000(EdgeDriverService.java:37)
at org.openqa.selenium.edge.EdgeDriverService$Builder.findDefaultExecutable(EdgeDriverService.java:90)
at org.openqa.selenium.remote.service.DriverService$Builder.build(DriverService.java:355)
at org.openqa.selenium.edge.EdgeDriverService.createDefaultService(EdgeDriverService.java:70)
at org.openqa.selenium.edge.EdgeDriver.<init>(EdgeDriver.java:130)
at com.nse.stock.utils.DriverManager.createEdgeDriverWithFallback(DriverManager.java:185)
... 22 more
... Removed 16 stack frames]]>
    </failure>
  </testcase> <!-- @BeforeMethod setUp -->
  <testcase name="@AfterMethod tearDown" time="-1.759165609104E9" classname="com.nse.stock.base.BaseTest">
    <skipped/>
  </testcase> <!-- @AfterMethod tearDown -->
  <testcase name="@BeforeMethod setUp" time="1.648" classname="com.nse.stock.base.BaseTest">
    <failure type="java.lang.RuntimeException" message="WebDriver setup failed">
      <![CDATA[java.lang.RuntimeException: WebDriver setup failed
at com.nse.stock.base.BaseTest.setUp(BaseTest.java:59)
at java.util.concurrent.ThreadPoolExecutor.runWorker(ThreadPoolExecutor.java:1142)
at java.util.concurrent.ThreadPoolExecutor$Worker.run(ThreadPoolExecutor.java:617)
at java.lang.Thread.run(Thread.java:745)
Caused by: java.lang.RuntimeException: Edge driver setup failed: The path to the driver executable must be set by the webdriver.edge.driver system property; for more information, see https://github.com/SeleniumHQ/selenium/wiki/MicrosoftWebDriver. The latest version can be downloaded from http://go.microsoft.com/fwlink/?LinkId=619687
at com.nse.stock.utils.DriverManager.createEdgeDriverWithFallback(DriverManager.java:188)
at com.nse.stock.utils.DriverManager.createDriver(DriverManager.java:65)
at com.nse.stock.utils.DriverManager.getDriver(DriverManager.java:32)
at com.nse.stock.base.BaseTest.setUp(BaseTest.java:42)
... 19 more
Caused by: java.lang.IllegalStateException: The path to the driver executable must be set by the webdriver.edge.driver system property; for more information, see https://github.com/SeleniumHQ/selenium/wiki/MicrosoftWebDriver. The latest version can be downloaded from http://go.microsoft.com/fwlink/?LinkId=619687
at com.google.common.base.Preconditions.checkState(Preconditions.java:847)
at org.openqa.selenium.remote.service.DriverService.findExecutable(DriverService.java:134)
at org.openqa.selenium.edge.EdgeDriverService.access$000(EdgeDriverService.java:37)
at org.openqa.selenium.edge.EdgeDriverService$Builder.findDefaultExecutable(EdgeDriverService.java:90)
at org.openqa.selenium.remote.service.DriverService$Builder.build(DriverService.java:355)
at org.openqa.selenium.edge.EdgeDriverService.createDefaultService(EdgeDriverService.java:70)
at org.openqa.selenium.edge.EdgeDriver.<init>(EdgeDriver.java:130)
at com.nse.stock.utils.DriverManager.createEdgeDriverWithFallback(DriverManager.java:185)
... 22 more
... Removed 16 stack frames]]>
    </failure>
  </testcase> <!-- @BeforeMethod setUp -->
  <testcase name="@AfterMethod tearDown" time="-1.759165610783E9" classname="com.nse.stock.base.BaseTest">
    <skipped/>
  </testcase> <!-- @AfterMethod tearDown -->
  <testcase name="@BeforeMethod setUp" time="-1.759165610788E9" classname="com.nse.stock.base.BaseTest">
    <skipped/>
  </testcase> <!-- @BeforeMethod setUp -->
  <testcase name="@AfterMethod tearDown" time="-1.759165610884E9" classname="com.nse.stock.base.BaseTest">
    <skipped/>
  </testcase> <!-- @AfterMethod tearDown -->
  <testcase name="@BeforeMethod setUp" time="-1.759165610884E9" classname="com.nse.stock.base.BaseTest">
    <skipped/>
  </testcase> <!-- @BeforeMethod setUp -->
  <testcase name="@AfterMethod tearDown" time="-1.759165610884E9" classname="com.nse.stock.base.BaseTest">
    <skipped/>
  </testcase> <!-- @AfterMethod tearDown -->
  <testcase name="@BeforeMethod setUp" time="-1.759165610884E9" classname="com.nse.stock.base.BaseTest">
    <skipped/>
  </testcase> <!-- @BeforeMethod setUp -->
  <testcase name="@AfterMethod tearDown" time="-1.759165610916E9" classname="com.nse.stock.base.BaseTest">
    <skipped/>
  </testcase> <!-- @AfterMethod tearDown -->
  <testcase name="@BeforeMethod setUp" time="-1.759165610924E9" classname="com.nse.stock.base.BaseTest">
    <skipped/>
  </testcase> <!-- @BeforeMethod setUp -->
  <testcase name="@AfterMethod tearDown" time="-1.759165610935E9" classname="com.nse.stock.base.BaseTest">
    <skipped/>
  </testcase> <!-- @AfterMethod tearDown -->
  <testcase name="@BeforeMethod setUp" time="-1.759165610935E9" classname="com.nse.stock.base.BaseTest">
    <skipped/>
  </testcase> <!-- @BeforeMethod setUp -->
  <testcase name="@AfterMethod tearDown" time="-1.759165610959E9" classname="com.nse.stock.base.BaseTest">
    <skipped/>
  </testcase> <!-- @AfterMethod tearDown -->
  <testcase name="@BeforeMethod setUp" time="-1.759165610961E9" classname="com.nse.stock.base.BaseTest">
    <skipped/>
  </testcase> <!-- @BeforeMethod setUp -->
  <testcase name="@AfterMethod tearDown" time="-1.759165610961E9" classname="com.nse.stock.base.BaseTest">
    <skipped/>
  </testcase> <!-- @AfterMethod tearDown -->
  <testcase name="@BeforeMethod setUp" time="-1.759165610969E9" classname="com.nse.stock.base.BaseTest">
    <skipped/>
  </testcase> <!-- @BeforeMethod setUp -->
  <testcase name="@AfterMethod tearDown" time="-1.759165610985E9" classname="com.nse.stock.base.BaseTest">
    <skipped/>
  </testcase> <!-- @AfterMethod tearDown -->
  <testcase name="@BeforeMethod setUp" time="-1.759165610985E9" classname="com.nse.stock.base.BaseTest">
    <skipped/>
  </testcase> <!-- @BeforeMethod setUp -->
  <testcase name="@AfterMethod tearDown" time="-1.759165610995E9" classname="com.nse.stock.base.BaseTest">
    <skipped/>
  </testcase> <!-- @AfterMethod tearDown -->
  <testcase name="@BeforeMethod setUp" time="-1.759165610995E9" classname="com.nse.stock.base.BaseTest">
    <skipped/>
  </testcase> <!-- @BeforeMethod setUp -->
  <testcase name="@AfterMethod tearDown" time="-1.759165611E9" classname="com.nse.stock.base.BaseTest">
    <skipped/>
  </testcase> <!-- @AfterMethod tearDown -->
  <testcase name="@BeforeMethod setUp" time="-1.759165611016E9" classname="com.nse.stock.base.BaseTest">
    <skipped/>
  </testcase> <!-- @BeforeMethod setUp -->
  <testcase name="@AfterMethod tearDown" time="-1.75916561103E9" classname="com.nse.stock.base.BaseTest">
    <skipped/>
  </testcase> <!-- @AfterMethod tearDown -->
  <testcase name="@BeforeMethod setUp" time="-1.75916561103E9" classname="com.nse.stock.base.BaseTest">
    <skipped/>
  </testcase> <!-- @BeforeMethod setUp -->
  <testcase name="@AfterMethod tearDown" time="-1.759165611047E9" classname="com.nse.stock.base.BaseTest">
    <skipped/>
  </testcase> <!-- @AfterMethod tearDown -->
  <testcase name="@BeforeMethod setUp" time="-1.759165611047E9" classname="com.nse.stock.base.BaseTest">
    <skipped/>
  </testcase> <!-- @BeforeMethod setUp -->
  <testcase name="@AfterMethod tearDown" time="-1.759165611053E9" classname="com.nse.stock.base.BaseTest">
    <skipped/>
  </testcase> <!-- @AfterMethod tearDown -->
  <testcase name="@BeforeMethod setUp" time="-1.759165611062E9" classname="com.nse.stock.base.BaseTest">
    <skipped/>
  </testcase> <!-- @BeforeMethod setUp -->
  <testcase name="@AfterMethod tearDown" time="-1.759165611094E9" classname="com.nse.stock.base.BaseTest">
    <skipped/>
  </testcase> <!-- @AfterMethod tearDown -->
  <testcase name="@BeforeMethod setUp" time="-1.759165611104E9" classname="com.nse.stock.base.BaseTest">
    <skipped/>
  </testcase> <!-- @BeforeMethod setUp -->
  <testcase name="@AfterMethod tearDown" time="-1.759165611119E9" classname="com.nse.stock.base.BaseTest">
    <skipped/>
  </testcase> <!-- @AfterMethod tearDown -->
  <testcase name="@BeforeMethod setUp" time="-1.759165611119E9" classname="com.nse.stock.base.BaseTest">
    <skipped/>
  </testcase> <!-- @BeforeMethod setUp -->
  <testcase name="@AfterMethod tearDown" time="-1.759165611134E9" classname="com.nse.stock.base.BaseTest">
    <skipped/>
  </testcase> <!-- @AfterMethod tearDown -->
  <testcase name="@BeforeMethod setUp" time="-1.759165611137E9" classname="com.nse.stock.base.BaseTest">
    <skipped/>
  </testcase> <!-- @BeforeMethod setUp -->
  <testcase name="@AfterMethod tearDown" time="-1.759165611137E9" classname="com.nse.stock.base.BaseTest">
    <skipped/>
  </testcase> <!-- @AfterMethod tearDown -->
  <testcase name="@AfterClass tearDownClass" time="-1.759165611147E9" classname="com.nse.stock.base.BaseTest">
    <skipped/>
  </testcase> <!-- @AfterClass tearDownClass -->
  <testcase name="@BeforeMethod setUp" time="-1.759165611152E9" classname="com.nse.stock.base.BaseTest">
    <skipped/>
  </testcase> <!-- @BeforeMethod setUp -->
  <testcase name="@AfterMethod tearDown" time="-1.75916561116E9" classname="com.nse.stock.base.BaseTest">
    <skipped/>
  </testcase> <!-- @AfterMethod tearDown -->
  <testcase name="@AfterClass tearDownClass" time="-1.75916561116E9" classname="com.nse.stock.base.BaseTest">
    <skipped/>
  </testcase> <!-- @AfterClass tearDownClass -->
  <testcase name="@BeforeMethod setUp" time="-1.75916561116E9" classname="com.nse.stock.base.BaseTest">
    <skipped/>
  </testcase> <!-- @BeforeMethod setUp -->
  <testcase name="@AfterMethod tearDown" time="-1.759165611166E9" classname="com.nse.stock.base.BaseTest">
    <skipped/>
  </testcase> <!-- @AfterMethod tearDown -->
  <testcase name="@AfterClass tearDownClass" time="-1.75916561118E9" classname="com.nse.stock.base.BaseTest">
    <skipped/>
  </testcase> <!-- @AfterClass tearDownClass -->
  <testcase name="test52WeekHighLowExtraction" time="0.0" classname="com.nse.stock.tests.Stock52WeekHighLowTest">
    <skipped/>
  </testcase> <!-- test52WeekHighLowExtraction -->
  <testcase name="test52WeekHighLowExtraction" time="0.0" classname="com.nse.stock.tests.Stock52WeekHighLowTest">
    <skipped/>
  </testcase> <!-- test52WeekHighLowExtraction -->
  <testcase name="test52WeekHighLowExtraction" time="0.0" classname="com.nse.stock.tests.Stock52WeekHighLowTest">
    <skipped/>
  </testcase> <!-- test52WeekHighLowExtraction -->
  <testcase name="test52WeekHighLowExtraction" time="0.0" classname="com.nse.stock.tests.Stock52WeekHighLowTest">
    <skipped/>
  </testcase> <!-- test52WeekHighLowExtraction -->
  <testcase name="testNSEWebsiteAccessibility" time="0.0" classname="com.nse.stock.tests.StockInformationTest">
    <skipped/>
  </testcase> <!-- testNSEWebsiteAccessibility -->
  <testcase name="testStockProfitLossCalculation" time="0.0" classname="com.nse.stock.tests.StockProfitLossTest">
    <skipped/>
  </testcase> <!-- testStockProfitLossCalculation -->
  <testcase name="testStockProfitLossCalculation" time="0.0" classname="com.nse.stock.tests.StockProfitLossTest">
    <skipped/>
  </testcase> <!-- testStockProfitLossCalculation -->
  <testcase name="testStockProfitLossCalculation" time="0.0" classname="com.nse.stock.tests.StockProfitLossTest">
    <skipped/>
  </testcase> <!-- testStockProfitLossCalculation -->
  <testcase name="testStockProfitLossCalculation" time="0.0" classname="com.nse.stock.tests.StockProfitLossTest">
    <skipped/>
  </testcase> <!-- testStockProfitLossCalculation -->
  <testcase name="testStockProfitLossCalculation" time="0.0" classname="com.nse.stock.tests.StockProfitLossTest">
    <skipped/>
  </testcase> <!-- testStockProfitLossCalculation -->
  <testcase name="testStockInformationDisplay" time="0.0" classname="com.nse.stock.tests.StockInformationTest">
    <skipped/>
  </testcase> <!-- testStockInformationDisplay -->
  <testcase name="testStockInformationDisplay" time="0.0" classname="com.nse.stock.tests.StockInformationTest">
    <skipped/>
  </testcase> <!-- testStockInformationDisplay -->
  <testcase name="testStockInformationDisplay" time="0.0" classname="com.nse.stock.tests.StockInformationTest">
    <skipped/>
  </testcase> <!-- testStockInformationDisplay -->
  <testcase name="testTataMotors52WeekData" time="0.0" classname="com.nse.stock.tests.Stock52WeekHighLowTest">
    <skipped/>
  </testcase> <!-- testTataMotors52WeekData -->
  <testcase name="testTataMotorsProfitLoss" time="0.0" classname="com.nse.stock.tests.StockProfitLossTest">
    <skipped/>
  </testcase> <!-- testTataMotorsProfitLoss -->
  <testcase name="test52WeekDataAvailability" time="0.0" classname="com.nse.stock.tests.Stock52WeekHighLowTest">
    <skipped/>
  </testcase> <!-- test52WeekDataAvailability -->
  <testcase name="testCustomPurchasePriceProfitLoss" time="0.0" classname="com.nse.stock.tests.StockProfitLossTest">
    <skipped/>
  </testcase> <!-- testCustomPurchasePriceProfitLoss -->
  <testcase name="testDefaultStockInformation" time="0.0" classname="com.nse.stock.tests.StockInformationTest">
    <skipped/>
  </testcase> <!-- testDefaultStockInformation -->
  <testcase name="test52WeekDataConsistency" time="0.0" classname="com.nse.stock.tests.Stock52WeekHighLowTest">
    <skipped/>
  </testcase> <!-- test52WeekDataConsistency -->
  <testcase name="testBatchProfitLossCalculation" time="0.0" classname="com.nse.stock.tests.StockProfitLossTest">
    <skipped/>
  </testcase> <!-- testBatchProfitLossCalculation -->
  <testcase name="testInvalidStockSearch" time="0.0" classname="com.nse.stock.tests.StockInformationTest">
    <skipped/>
  </testcase> <!-- testInvalidStockSearch -->
  <testcase name="test52WeekExtractionMethods" time="0.0" classname="com.nse.stock.tests.Stock52WeekHighLowTest">
    <skipped/>
  </testcase> <!-- test52WeekExtractionMethods -->
  <testcase name="testProfitLossEdgeCases" time="0.0" classname="com.nse.stock.tests.StockProfitLossTest">
    <skipped/>
  </testcase> <!-- testProfitLossEdgeCases -->
  <testcase name="testStockInformationCompleteness" time="0.0" classname="com.nse.stock.tests.StockInformationTest">
    <skipped/>
  </testcase> <!-- testStockInformationCompleteness -->
</testsuite> <!-- Firefox Browser Tests -->
