<?xml version="1.0" encoding="UTF-8"?>
<testsuite xmlns:xsi="http://www.w3.org/2001/XMLSchema-instance" xsi:noNamespaceSchemaLocation="https://maven.apache.org/surefire/maven-surefire-plugin/xsd/surefire-test-report-3.0.xsd" version="3.0" name="TestSuite" time="28.355" tests="225" errors="0" skipped="216" failures="9">
  <properties>
    <property name="sun.desktop" value="windows"/>
    <property name="awt.toolkit" value="sun.awt.windows.WToolkit"/>
    <property name="file.encoding.pkg" value="sun.io"/>
    <property name="java.specification.version" value="1.8"/>
    <property name="sun.cpu.isalist" value="amd64"/>
    <property name="sun.jnu.encoding" value="Cp1252"/>
    <property name="java.class.path" value="C:\Users\ambic\IdeaProjects\NSC_stock_capstone_project\target\test-classes;C:\Users\ambic\IdeaProjects\NSC_stock_capstone_project\target\classes;C:\Users\ambic\.m2\repository\org\seleniumhq\selenium\selenium-java\3.141.59\selenium-java-3.141.59.jar;C:\Users\ambic\.m2\repository\org\seleniumhq\selenium\selenium-api\3.141.59\selenium-api-3.141.59.jar;C:\Users\ambic\.m2\repository\org\seleniumhq\selenium\selenium-chrome-driver\3.141.59\selenium-chrome-driver-3.141.59.jar;C:\Users\ambic\.m2\repository\org\seleniumhq\selenium\selenium-edge-driver\3.141.59\selenium-edge-driver-3.141.59.jar;C:\Users\ambic\.m2\repository\org\seleniumhq\selenium\selenium-firefox-driver\3.141.59\selenium-firefox-driver-3.141.59.jar;C:\Users\ambic\.m2\repository\org\seleniumhq\selenium\selenium-ie-driver\3.141.59\selenium-ie-driver-3.141.59.jar;C:\Users\ambic\.m2\repository\org\seleniumhq\selenium\selenium-opera-driver\3.141.59\selenium-opera-driver-3.141.59.jar;C:\Users\ambic\.m2\repository\org\seleniumhq\selenium\selenium-remote-driver\3.141.59\selenium-remote-driver-3.141.59.jar;C:\Users\ambic\.m2\repository\org\seleniumhq\selenium\selenium-safari-driver\3.141.59\selenium-safari-driver-3.141.59.jar;C:\Users\ambic\.m2\repository\org\seleniumhq\selenium\selenium-support\3.141.59\selenium-support-3.141.59.jar;C:\Users\ambic\.m2\repository\net\bytebuddy\byte-buddy\1.8.15\byte-buddy-1.8.15.jar;C:\Users\ambic\.m2\repository\org\apache\commons\commons-exec\1.3\commons-exec-1.3.jar;C:\Users\ambic\.m2\repository\com\google\guava\guava\25.0-jre\guava-25.0-jre.jar;C:\Users\ambic\.m2\repository\com\google\code\findbugs\jsr305\1.3.9\jsr305-1.3.9.jar;C:\Users\ambic\.m2\repository\org\checkerframework\checker-compat-qual\2.0.0\checker-compat-qual-2.0.0.jar;C:\Users\ambic\.m2\repository\com\google\errorprone\error_prone_annotations\2.1.3\error_prone_annotations-2.1.3.jar;C:\Users\ambic\.m2\repository\com\google\j2objc\j2objc-annotations\1.1\j2objc-annotations-1.1.jar;C:\Users\ambic\.m2\repository\org\codehaus\mojo\animal-sniffer-annotations\1.14\animal-sniffer-annotations-1.14.jar;C:\Users\ambic\.m2\repository\com\squareup\okhttp3\okhttp\3.11.0\okhttp-3.11.0.jar;C:\Users\ambic\.m2\repository\com\squareup\okio\okio\1.14.0\okio-1.14.0.jar;C:\Users\ambic\.m2\repository\org\testng\testng\7.4.0\testng-7.4.0.jar;C:\Users\ambic\.m2\repository\com\beust\jcommander\1.78\jcommander-1.78.jar;C:\Users\ambic\.m2\repository\org\webjars\jquery\3.5.1\jquery-3.5.1.jar;C:\Users\ambic\.m2\repository\io\github\bonigarcia\webdrivermanager\5.6.2\webdrivermanager-5.6.2.jar;C:\Users\ambic\.m2\repository\org\slf4j\slf4j-api\2.0.9\slf4j-api-2.0.9.jar;C:\Users\ambic\.m2\repository\com\google\code\gson\gson\2.10.1\gson-2.10.1.jar;C:\Users\ambic\.m2\repository\com\github\docker-java\docker-java\3.3.4\docker-java-3.3.4.jar;C:\Users\ambic\.m2\repository\com\github\docker-java\docker-java-core\3.3.4\docker-java-core-3.3.4.jar;C:\Users\ambic\.m2\repository\com\github\docker-java\docker-java-api\3.3.4\docker-java-api-3.3.4.jar;C:\Users\ambic\.m2\repository\org\bouncycastle\bcpkix-jdk18on\1.76\bcpkix-jdk18on-1.76.jar;C:\Users\ambic\.m2\repository\org\bouncycastle\bcprov-jdk18on\1.76\bcprov-jdk18on-1.76.jar;C:\Users\ambic\.m2\repository\org\bouncycastle\bcutil-jdk18on\1.76\bcutil-jdk18on-1.76.jar;C:\Users\ambic\.m2\repository\org\slf4j\jcl-over-slf4j\1.7.30\jcl-over-slf4j-1.7.30.jar;C:\Users\ambic\.m2\repository\com\github\docker-java\docker-java-transport-httpclient5\3.3.4\docker-java-transport-httpclient5-3.3.4.jar;C:\Users\ambic\.m2\repository\com\github\docker-java\docker-java-transport\3.3.4\docker-java-transport-3.3.4.jar;C:\Users\ambic\.m2\repository\net\java\dev\jna\jna\5.13.0\jna-5.13.0.jar;C:\Users\ambic\.m2\repository\org\brotli\dec\0.1.2\dec-0.1.2.jar;C:\Users\ambic\.m2\repository\org\apache\commons\commons-lang3\3.13.0\commons-lang3-3.13.0.jar;C:\Users\ambic\.m2\repository\org\apache\commons\commons-compress\1.24.0\commons-compress-1.24.0.jar;C:\Users\ambic\.m2\repository\org\apache\httpcomponents\client5\httpclient5\5.2.1\httpclient5-5.2.1.jar;C:\Users\ambic\.m2\repository\org\apache\httpcomponents\core5\httpcore5\5.2\httpcore5-5.2.jar;C:\Users\ambic\.m2\repository\org\apache\httpcomponents\core5\httpcore5-h2\5.2\httpcore5-h2-5.2.jar;C:\Users\ambic\.m2\repository\com\aventstack\extentreports\4.1.7\extentreports-4.1.7.jar;C:\Users\ambic\.m2\repository\org\freemarker\freemarker\2.3.29\freemarker-2.3.29.jar;C:\Users\ambic\.m2\repository\org\apache\httpcomponents\httpclient\4.5.2\httpclient-4.5.2.jar;C:\Users\ambic\.m2\repository\org\apache\httpcomponents\httpcore\4.4.4\httpcore-4.4.4.jar;C:\Users\ambic\.m2\repository\commons-logging\commons-logging\1.2\commons-logging-1.2.jar;C:\Users\ambic\.m2\repository\org\apache\httpcomponents\httpmime\4.5.2\httpmime-4.5.2.jar;C:\Users\ambic\.m2\repository\org\mongodb\mongodb-driver\3.12.0\mongodb-driver-3.12.0.jar;C:\Users\ambic\.m2\repository\org\mongodb\mongodb-driver-core\3.12.0\mongodb-driver-core-3.12.0.jar;C:\Users\ambic\.m2\repository\org\mongodb\bson\3.12.0\bson-3.12.0.jar;C:\Users\ambic\.m2\repository\org\apache\logging\log4j\log4j-core\2.17.2\log4j-core-2.17.2.jar;C:\Users\ambic\.m2\repository\org\apache\logging\log4j\log4j-api\2.17.2\log4j-api-2.17.2.jar;C:\Users\ambic\.m2\repository\org\apache\poi\poi\5.2.2\poi-5.2.2.jar;C:\Users\ambic\.m2\repository\commons-codec\commons-codec\1.15\commons-codec-1.15.jar;C:\Users\ambic\.m2\repository\org\apache\commons\commons-collections4\4.4\commons-collections4-4.4.jar;C:\Users\ambic\.m2\repository\org\apache\commons\commons-math3\3.6.1\commons-math3-3.6.1.jar;C:\Users\ambic\.m2\repository\com\zaxxer\SparseBitSet\1.2\SparseBitSet-1.2.jar;C:\Users\ambic\.m2\repository\org\apache\poi\poi-ooxml\5.2.2\poi-ooxml-5.2.2.jar;C:\Users\ambic\.m2\repository\org\apache\poi\poi-ooxml-lite\5.2.2\poi-ooxml-lite-5.2.2.jar;C:\Users\ambic\.m2\repository\org\apache\xmlbeans\xmlbeans\5.0.3\xmlbeans-5.0.3.jar;C:\Users\ambic\.m2\repository\xml-apis\xml-apis\1.4.01\xml-apis-1.4.01.jar;C:\Users\ambic\.m2\repository\com\github\virtuald\curvesapi\1.07\curvesapi-1.07.jar;C:\Users\ambic\.m2\repository\com\fasterxml\jackson\core\jackson-databind\2.13.4\jackson-databind-2.13.4.jar;C:\Users\ambic\.m2\repository\com\fasterxml\jackson\core\jackson-annotations\2.13.4\jackson-annotations-2.13.4.jar;C:\Users\ambic\.m2\repository\com\fasterxml\jackson\core\jackson-core\2.13.4\jackson-core-2.13.4.jar;C:\Users\ambic\.m2\repository\commons-io\commons-io\2.11.0\commons-io-2.11.0.jar;"/>
    <property name="java.vm.vendor" value="Oracle Corporation"/>
    <property name="sun.arch.data.model" value="64"/>
    <property name="user.variant" value=""/>
    <property name="java.vendor.url" value="http://java.oracle.com/"/>
    <property name="user.timezone" value="Asia/Calcutta"/>
    <property name="suiteXmlFile" value="src/test/resources/testng-single-browser.xml"/>
    <property name="java.vm.specification.version" value="1.8"/>
    <property name="os.name" value="Windows 10"/>
    <property name="user.country" value="IN"/>
    <property name="sun.java.launcher" value="SUN_STANDARD"/>
    <property name="sun.boot.library.path" value="C:\Program Files\Java\jdk1.8.0_91\jre\bin"/>
    <property name="sun.java.command" value="C:\Users\ambic\AppData\Local\Temp\surefire2179294493838142490\surefirebooter-20250929223628002_3.jar C:\Users\ambic\AppData\Local\Temp\surefire2179294493838142490 2025-09-29T22-36-26_157-jvmRun1 surefire-20250929223628002_1tmp surefire_0-20250929223628002_2tmp"/>
    <property name="surefire.test.class.path" value="C:\Users\ambic\IdeaProjects\NSC_stock_capstone_project\target\test-classes;C:\Users\ambic\IdeaProjects\NSC_stock_capstone_project\target\classes;C:\Users\ambic\.m2\repository\org\seleniumhq\selenium\selenium-java\3.141.59\selenium-java-3.141.59.jar;C:\Users\ambic\.m2\repository\org\seleniumhq\selenium\selenium-api\3.141.59\selenium-api-3.141.59.jar;C:\Users\ambic\.m2\repository\org\seleniumhq\selenium\selenium-chrome-driver\3.141.59\selenium-chrome-driver-3.141.59.jar;C:\Users\ambic\.m2\repository\org\seleniumhq\selenium\selenium-edge-driver\3.141.59\selenium-edge-driver-3.141.59.jar;C:\Users\ambic\.m2\repository\org\seleniumhq\selenium\selenium-firefox-driver\3.141.59\selenium-firefox-driver-3.141.59.jar;C:\Users\ambic\.m2\repository\org\seleniumhq\selenium\selenium-ie-driver\3.141.59\selenium-ie-driver-3.141.59.jar;C:\Users\ambic\.m2\repository\org\seleniumhq\selenium\selenium-opera-driver\3.141.59\selenium-opera-driver-3.141.59.jar;C:\Users\ambic\.m2\repository\org\seleniumhq\selenium\selenium-remote-driver\3.141.59\selenium-remote-driver-3.141.59.jar;C:\Users\ambic\.m2\repository\org\seleniumhq\selenium\selenium-safari-driver\3.141.59\selenium-safari-driver-3.141.59.jar;C:\Users\ambic\.m2\repository\org\seleniumhq\selenium\selenium-support\3.141.59\selenium-support-3.141.59.jar;C:\Users\ambic\.m2\repository\net\bytebuddy\byte-buddy\1.8.15\byte-buddy-1.8.15.jar;C:\Users\ambic\.m2\repository\org\apache\commons\commons-exec\1.3\commons-exec-1.3.jar;C:\Users\ambic\.m2\repository\com\google\guava\guava\25.0-jre\guava-25.0-jre.jar;C:\Users\ambic\.m2\repository\com\google\code\findbugs\jsr305\1.3.9\jsr305-1.3.9.jar;C:\Users\ambic\.m2\repository\org\checkerframework\checker-compat-qual\2.0.0\checker-compat-qual-2.0.0.jar;C:\Users\ambic\.m2\repository\com\google\errorprone\error_prone_annotations\2.1.3\error_prone_annotations-2.1.3.jar;C:\Users\ambic\.m2\repository\com\google\j2objc\j2objc-annotations\1.1\j2objc-annotations-1.1.jar;C:\Users\ambic\.m2\repository\org\codehaus\mojo\animal-sniffer-annotations\1.14\animal-sniffer-annotations-1.14.jar;C:\Users\ambic\.m2\repository\com\squareup\okhttp3\okhttp\3.11.0\okhttp-3.11.0.jar;C:\Users\ambic\.m2\repository\com\squareup\okio\okio\1.14.0\okio-1.14.0.jar;C:\Users\ambic\.m2\repository\org\testng\testng\7.4.0\testng-7.4.0.jar;C:\Users\ambic\.m2\repository\com\beust\jcommander\1.78\jcommander-1.78.jar;C:\Users\ambic\.m2\repository\org\webjars\jquery\3.5.1\jquery-3.5.1.jar;C:\Users\ambic\.m2\repository\io\github\bonigarcia\webdrivermanager\5.6.2\webdrivermanager-5.6.2.jar;C:\Users\ambic\.m2\repository\org\slf4j\slf4j-api\2.0.9\slf4j-api-2.0.9.jar;C:\Users\ambic\.m2\repository\com\google\code\gson\gson\2.10.1\gson-2.10.1.jar;C:\Users\ambic\.m2\repository\com\github\docker-java\docker-java\3.3.4\docker-java-3.3.4.jar;C:\Users\ambic\.m2\repository\com\github\docker-java\docker-java-core\3.3.4\docker-java-core-3.3.4.jar;C:\Users\ambic\.m2\repository\com\github\docker-java\docker-java-api\3.3.4\docker-java-api-3.3.4.jar;C:\Users\ambic\.m2\repository\org\bouncycastle\bcpkix-jdk18on\1.76\bcpkix-jdk18on-1.76.jar;C:\Users\ambic\.m2\repository\org\bouncycastle\bcprov-jdk18on\1.76\bcprov-jdk18on-1.76.jar;C:\Users\ambic\.m2\repository\org\bouncycastle\bcutil-jdk18on\1.76\bcutil-jdk18on-1.76.jar;C:\Users\ambic\.m2\repository\org\slf4j\jcl-over-slf4j\1.7.30\jcl-over-slf4j-1.7.30.jar;C:\Users\ambic\.m2\repository\com\github\docker-java\docker-java-transport-httpclient5\3.3.4\docker-java-transport-httpclient5-3.3.4.jar;C:\Users\ambic\.m2\repository\com\github\docker-java\docker-java-transport\3.3.4\docker-java-transport-3.3.4.jar;C:\Users\ambic\.m2\repository\net\java\dev\jna\jna\5.13.0\jna-5.13.0.jar;C:\Users\ambic\.m2\repository\org\brotli\dec\0.1.2\dec-0.1.2.jar;C:\Users\ambic\.m2\repository\org\apache\commons\commons-lang3\3.13.0\commons-lang3-3.13.0.jar;C:\Users\ambic\.m2\repository\org\apache\commons\commons-compress\1.24.0\commons-compress-1.24.0.jar;C:\Users\ambic\.m2\repository\org\apache\httpcomponents\client5\httpclient5\5.2.1\httpclient5-5.2.1.jar;C:\Users\ambic\.m2\repository\org\apache\httpcomponents\core5\httpcore5\5.2\httpcore5-5.2.jar;C:\Users\ambic\.m2\repository\org\apache\httpcomponents\core5\httpcore5-h2\5.2\httpcore5-h2-5.2.jar;C:\Users\ambic\.m2\repository\com\aventstack\extentreports\4.1.7\extentreports-4.1.7.jar;C:\Users\ambic\.m2\repository\org\freemarker\freemarker\2.3.29\freemarker-2.3.29.jar;C:\Users\ambic\.m2\repository\org\apache\httpcomponents\httpclient\4.5.2\httpclient-4.5.2.jar;C:\Users\ambic\.m2\repository\org\apache\httpcomponents\httpcore\4.4.4\httpcore-4.4.4.jar;C:\Users\ambic\.m2\repository\commons-logging\commons-logging\1.2\commons-logging-1.2.jar;C:\Users\ambic\.m2\repository\org\apache\httpcomponents\httpmime\4.5.2\httpmime-4.5.2.jar;C:\Users\ambic\.m2\repository\org\mongodb\mongodb-driver\3.12.0\mongodb-driver-3.12.0.jar;C:\Users\ambic\.m2\repository\org\mongodb\mongodb-driver-core\3.12.0\mongodb-driver-core-3.12.0.jar;C:\Users\ambic\.m2\repository\org\mongodb\bson\3.12.0\bson-3.12.0.jar;C:\Users\ambic\.m2\repository\org\apache\logging\log4j\log4j-core\2.17.2\log4j-core-2.17.2.jar;C:\Users\ambic\.m2\repository\org\apache\logging\log4j\log4j-api\2.17.2\log4j-api-2.17.2.jar;C:\Users\ambic\.m2\repository\org\apache\poi\poi\5.2.2\poi-5.2.2.jar;C:\Users\ambic\.m2\repository\commons-codec\commons-codec\1.15\commons-codec-1.15.jar;C:\Users\ambic\.m2\repository\org\apache\commons\commons-collections4\4.4\commons-collections4-4.4.jar;C:\Users\ambic\.m2\repository\org\apache\commons\commons-math3\3.6.1\commons-math3-3.6.1.jar;C:\Users\ambic\.m2\repository\com\zaxxer\SparseBitSet\1.2\SparseBitSet-1.2.jar;C:\Users\ambic\.m2\repository\org\apache\poi\poi-ooxml\5.2.2\poi-ooxml-5.2.2.jar;C:\Users\ambic\.m2\repository\org\apache\poi\poi-ooxml-lite\5.2.2\poi-ooxml-lite-5.2.2.jar;C:\Users\ambic\.m2\repository\org\apache\xmlbeans\xmlbeans\5.0.3\xmlbeans-5.0.3.jar;C:\Users\ambic\.m2\repository\xml-apis\xml-apis\1.4.01\xml-apis-1.4.01.jar;C:\Users\ambic\.m2\repository\com\github\virtuald\curvesapi\1.07\curvesapi-1.07.jar;C:\Users\ambic\.m2\repository\com\fasterxml\jackson\core\jackson-databind\2.13.4\jackson-databind-2.13.4.jar;C:\Users\ambic\.m2\repository\com\fasterxml\jackson\core\jackson-annotations\2.13.4\jackson-annotations-2.13.4.jar;C:\Users\ambic\.m2\repository\com\fasterxml\jackson\core\jackson-core\2.13.4\jackson-core-2.13.4.jar;C:\Users\ambic\.m2\repository\commons-io\commons-io\2.11.0\commons-io-2.11.0.jar;"/>
    <property name="sun.cpu.endian" value="little"/>
    <property name="user.home" value="C:\Users\ambic"/>
    <property name="user.language" value="en"/>
    <property name="java.specification.vendor" value="Oracle Corporation"/>
    <property name="java.home" value="C:\Program Files\Java\jdk1.8.0_91\jre"/>
    <property name="basedir" value="C:\Users\ambic\IdeaProjects\NSC_stock_capstone_project"/>
    <property name="file.separator" value="\"/>
    <property name="line.separator" value="&#10;"/>
    <property name="java.vm.specification.vendor" value="Oracle Corporation"/>
    <property name="java.specification.name" value="Java Platform API Specification"/>
    <property name="java.awt.graphicsenv" value="sun.awt.Win32GraphicsEnvironment"/>
    <property name="surefire.real.class.path" value="C:\Users\ambic\AppData\Local\Temp\surefire2179294493838142490\surefirebooter-20250929223628002_3.jar"/>
    <property name="sun.boot.class.path" value="C:\Program Files\Java\jdk1.8.0_91\jre\lib\resources.jar;C:\Program Files\Java\jdk1.8.0_91\jre\lib\rt.jar;C:\Program Files\Java\jdk1.8.0_91\jre\lib\sunrsasign.jar;C:\Program Files\Java\jdk1.8.0_91\jre\lib\jsse.jar;C:\Program Files\Java\jdk1.8.0_91\jre\lib\jce.jar;C:\Program Files\Java\jdk1.8.0_91\jre\lib\charsets.jar;C:\Program Files\Java\jdk1.8.0_91\jre\lib\jfr.jar;C:\Program Files\Java\jdk1.8.0_91\jre\classes"/>
    <property name="user.script" value=""/>
    <property name="sun.management.compiler" value="HotSpot 64-Bit Tiered Compilers"/>
    <property name="java.runtime.version" value="1.8.0_91-b14"/>
    <property name="user.name" value="ambic"/>
    <property name="path.separator" value=";"/>
    <property name="os.version" value="10.0"/>
    <property name="java.endorsed.dirs" value="C:\Program Files\Java\jdk1.8.0_91\jre\lib\endorsed"/>
    <property name="java.runtime.name" value="Java(TM) SE Runtime Environment"/>
    <property name="file.encoding" value="Cp1252"/>
    <property name="browser" value="edge"/>
    <property name="java.vm.name" value="Java HotSpot(TM) 64-Bit Server VM"/>
    <property name="localRepository" value="C:\Users\ambic\.m2\repository"/>
    <property name="java.vendor.url.bug" value="http://bugreport.sun.com/bugreport/"/>
    <property name="java.io.tmpdir" value="C:\Users\ambic\AppData\Local\Temp\"/>
    <property name="java.version" value="1.8.0_91"/>
    <property name="user.dir" value="C:\Users\ambic\IdeaProjects\NSC_stock_capstone_project"/>
    <property name="os.arch" value="amd64"/>
    <property name="java.vm.specification.name" value="Java Virtual Machine Specification"/>
    <property name="java.awt.printerjob" value="sun.awt.windows.WPrinterJob"/>
    <property name="sun.os.patch.level" value=""/>
    <property name="java.library.path" value="C:\Program Files\Java\jdk1.8.0_91\jre\bin;C:\WINDOWS\Sun\Java\bin;C:\WINDOWS\system32;C:\WINDOWS;C:\Program Files\Java\jdk1.8.0_91\bin;C:\Users\ambic\IdeaProjects\NSC_stock_capstone_project\tools\apache-maven-3.9.5\bin;C:\oracle\product\10.2.0\db_1\bin;C:\Program Files (x86)\Common Files\Oracle\Java\javapath;C:\ProgramData\Oracle\Java\javapath;C:\Program Files (x86)\Intel\Intel(R) Management Engine Components\iCLS\;C:\Program Files\Intel\Intel(R) Management Engine Components\iCLS\;C:\Windows\system32;C:\Windows;C:\Windows\System32\Wbem;C:\Windows\System32\WindowsPowerShell\v1.0\;C:\Windows\System32\OpenSSH\;C:\Program Files (x86)\NVIDIA Corporation\PhysX\Common;C:\Program Files (x86)\Intel\Intel(R) Management Engine Components\DAL;C:\Program Files\Intel\Intel(R) Management Engine Components\DAL;C:\WINDOWS\system32;C:\WINDOWS;C:\WINDOWS\System32\Wbem;C:\WINDOWS\System32\WindowsPowerShell\v1.0\;C:\WINDOWS\System32\OpenSSH\;C:\softwares\platform-tools;C:\Program Files\PuTTY\;C:\softwares\platform-tools;C:\Program Files\JetBrains\IntelliJ IDEA Community Edition 2025.2.2\bin;."/>
    <property name="java.vm.info" value="mixed mode"/>
    <property name="java.vendor" value="Oracle Corporation"/>
    <property name="java.vm.version" value="25.91-b14"/>
    <property name="java.ext.dirs" value="C:\Program Files\Java\jdk1.8.0_91\jre\lib\ext;C:\WINDOWS\Sun\Java\lib\ext"/>
    <property name="sun.io.unicode.encoding" value="UnicodeLittle"/>
    <property name="java.class.version" value="52.0"/>
  </properties>
  <testcase name="setUp[edge](0)" classname="com.nse.stock.tests.Stock52WeekHighLowTest" time="9.355">
    <failure message="WebDriver setup failed" type="java.lang.RuntimeException"><![CDATA[java.lang.RuntimeException: WebDriver setup failed
	at com.nse.stock.base.BaseTest.setUp(BaseTest.java:59)
	at sun.reflect.NativeMethodAccessorImpl.invoke0(Native Method)
	at sun.reflect.NativeMethodAccessorImpl.invoke(NativeMethodAccessorImpl.java:62)
	at sun.reflect.DelegatingMethodAccessorImpl.invoke(DelegatingMethodAccessorImpl.java:43)
	at java.lang.reflect.Method.invoke(Method.java:498)
	at org.testng.internal.MethodInvocationHelper.invokeMethod(MethodInvocationHelper.java:133)
	at org.testng.internal.MethodInvocationHelper.invokeMethodConsideringTimeout(MethodInvocationHelper.java:62)
	at org.testng.internal.ConfigInvoker.invokeConfigurationMethod(ConfigInvoker.java:385)
	at org.testng.internal.ConfigInvoker.invokeConfigurations(ConfigInvoker.java:321)
	at org.testng.internal.TestInvoker.runConfigMethods(TestInvoker.java:700)
	at org.testng.internal.TestInvoker.invokeMethod(TestInvoker.java:527)
	at org.testng.internal.TestInvoker.invokeTestMethod(TestInvoker.java:173)
	at org.testng.internal.MethodRunner.runInSequence(MethodRunner.java:46)
	at org.testng.internal.TestInvoker$MethodInvocationAgent.invoke(TestInvoker.java:824)
	at org.testng.internal.TestInvoker.invokeTestMethods(TestInvoker.java:146)
	at org.testng.internal.TestMethodWorker.invokeTestMethods(TestMethodWorker.java:146)
	at org.testng.internal.TestMethodWorker.run(TestMethodWorker.java:128)
	at java.util.concurrent.ThreadPoolExecutor.runWorker(ThreadPoolExecutor.java:1142)
	at java.util.concurrent.ThreadPoolExecutor$Worker.run(ThreadPoolExecutor.java:617)
	at java.lang.Thread.run(Thread.java:745)
Caused by: java.lang.RuntimeException: Edge driver setup failed: The path to the driver executable must be set by the webdriver.edge.driver system property; for more information, see https://github.com/SeleniumHQ/selenium/wiki/MicrosoftWebDriver. The latest version can be downloaded from http://go.microsoft.com/fwlink/?LinkId=619687
	at com.nse.stock.utils.DriverManager.createEdgeDriverWithFallback(DriverManager.java:188)
	at com.nse.stock.utils.DriverManager.createDriver(DriverManager.java:65)
	at com.nse.stock.utils.DriverManager.getDriver(DriverManager.java:32)
	at com.nse.stock.base.BaseTest.setUp(BaseTest.java:42)
	... 19 more
Caused by: java.lang.IllegalStateException: The path to the driver executable must be set by the webdriver.edge.driver system property; for more information, see https://github.com/SeleniumHQ/selenium/wiki/MicrosoftWebDriver. The latest version can be downloaded from http://go.microsoft.com/fwlink/?LinkId=619687
	at com.google.common.base.Preconditions.checkState(Preconditions.java:847)
	at org.openqa.selenium.remote.service.DriverService.findExecutable(DriverService.java:134)
	at org.openqa.selenium.edge.EdgeDriverService.access$000(EdgeDriverService.java:37)
	at org.openqa.selenium.edge.EdgeDriverService$Builder.findDefaultExecutable(EdgeDriverService.java:90)
	at org.openqa.selenium.remote.service.DriverService$Builder.build(DriverService.java:355)
	at org.openqa.selenium.edge.EdgeDriverService.createDefaultService(EdgeDriverService.java:70)
	at org.openqa.selenium.edge.EdgeDriver.<init>(EdgeDriver.java:130)
	at com.nse.stock.utils.DriverManager.createEdgeDriverWithFallback(DriverManager.java:185)
	... 22 more
]]></failure>
    <system-out><![CDATA[2025-09-29 22:36:34.755 [main] INFO  com.nse.stock.utils.ConfigReader - Configuration properties loaded successfully
2025-09-29 22:36:35.900 [TestNG-test=Chrome Browser Tests-1] INFO  com.nse.stock.base.BaseTest - Setting up test class with browser: edge
2025-09-29 22:36:36.663 [TestNG-test=Chrome Browser Tests-1] INFO  com.nse.stock.utils.TestDataReader - Stock test data loaded successfully
2025-09-29 22:36:36.693 [TestNG-test=Chrome Browser Tests-1] INFO  com.nse.stock.base.BaseTest - Starting test setup for browser: edge
2025-09-29 22:36:36.700 [TestNG-test=Chrome Browser Tests-1] INFO  com.nse.stock.utils.DriverManager - Creating WebDriver for browser: edge
2025-09-29 22:36:36.700 [TestNG-test=Chrome Browser Tests-1] INFO  com.nse.stock.utils.DriverManager - ? Starting Edge WebDriver setup with enhanced fallback mechanism...
2025-09-29 22:36:36.700 [TestNG-test=Chrome Browser Tests-1] INFO  com.nse.stock.utils.DriverManager - Method 1: Attempting WebDriverManager setup with timeout...
2025-09-29 22:36:39.973 [TestNG-test=Chrome Browser Tests-1] WARN  com.nse.stock.utils.DriverManager - ? WebDriverManager failed: io.github.bonigarcia.wdm.config.WebDriverManagerException: java.net.UnknownHostException: msedgedriver.azureedge.net. Trying fallback methods...
2025-09-29 22:36:39.976 [TestNG-test=Chrome Browser Tests-1] INFO  com.nse.stock.utils.DriverManager - Method 2: Searching for local EdgeDriver installation...
2025-09-29 22:36:39.981 [TestNG-test=Chrome Browser Tests-1] WARN  com.nse.stock.utils.DriverManager - ? No local EdgeDriver found in standard locations
2025-09-29 22:36:39.981 [TestNG-test=Chrome Browser Tests-1] WARN  com.nse.stock.utils.DriverManager - ? No local EdgeDriver found. Proceeding with system PATH...
2025-09-29 22:36:39.989 [TestNG-test=Chrome Browser Tests-1] INFO  com.nse.stock.utils.DriverManager - Creating Edge WebDriver with basic options...
2025-09-29 22:36:40.148 [TestNG-test=Chrome Browser Tests-1] ERROR com.nse.stock.utils.DriverManager - Failed to create Edge driver: The path to the driver executable must be set by the webdriver.edge.driver system property; for more information, see https://github.com/SeleniumHQ/selenium/wiki/MicrosoftWebDriver. The latest version can be downloaded from http://go.microsoft.com/fwlink/?LinkId=619687
2025-09-29 22:36:40.150 [TestNG-test=Chrome Browser Tests-1] ERROR com.nse.stock.base.BaseTest - Failed to setup WebDriver: Edge driver setup failed: The path to the driver executable must be set by the webdriver.edge.driver system property; for more information, see https://github.com/SeleniumHQ/selenium/wiki/MicrosoftWebDriver. The latest version can be downloaded from http://go.microsoft.com/fwlink/?LinkId=619687
java.lang.RuntimeException: Edge driver setup failed: The path to the driver executable must be set by the webdriver.edge.driver system property; for more information, see https://github.com/SeleniumHQ/selenium/wiki/MicrosoftWebDriver. The latest version can be downloaded from http://go.microsoft.com/fwlink/?LinkId=619687
	at com.nse.stock.utils.DriverManager.createEdgeDriverWithFallback(DriverManager.java:188) ~[classes/:?]
	at com.nse.stock.utils.DriverManager.createDriver(DriverManager.java:65) ~[classes/:?]
	at com.nse.stock.utils.DriverManager.getDriver(DriverManager.java:32) ~[classes/:?]
	at com.nse.stock.base.BaseTest.setUp(BaseTest.java:42) ~[classes/:?]
	at sun.reflect.NativeMethodAccessorImpl.invoke0(Native Method) ~[?:1.8.0_91]
	at sun.reflect.NativeMethodAccessorImpl.invoke(NativeMethodAccessorImpl.java:62) ~[?:1.8.0_91]
	at sun.reflect.DelegatingMethodAccessorImpl.invoke(DelegatingMethodAccessorImpl.java:43) ~[?:1.8.0_91]
	at java.lang.reflect.Method.invoke(Method.java:498) ~[?:1.8.0_91]
	at org.testng.internal.MethodInvocationHelper.invokeMethod(MethodInvocationHelper.java:133) ~[testng-7.4.0.jar:7.4.0]
	at org.testng.internal.MethodInvocationHelper.invokeMethodConsideringTimeout(MethodInvocationHelper.java:62) ~[testng-7.4.0.jar:7.4.0]
	at org.testng.internal.ConfigInvoker.invokeConfigurationMethod(ConfigInvoker.java:385) ~[testng-7.4.0.jar:7.4.0]
	at org.testng.internal.ConfigInvoker.invokeConfigurations(ConfigInvoker.java:321) ~[testng-7.4.0.jar:7.4.0]
	at org.testng.internal.TestInvoker.runConfigMethods(TestInvoker.java:700) ~[testng-7.4.0.jar:7.4.0]
	at org.testng.internal.TestInvoker.invokeMethod(TestInvoker.java:527) ~[testng-7.4.0.jar:7.4.0]
	at org.testng.internal.TestInvoker.invokeTestMethod(TestInvoker.java:173) ~[testng-7.4.0.jar:7.4.0]
	at org.testng.internal.MethodRunner.runInSequence(MethodRunner.java:46) ~[testng-7.4.0.jar:7.4.0]
	at org.testng.internal.TestInvoker$MethodInvocationAgent.invoke(TestInvoker.java:824) ~[testng-7.4.0.jar:7.4.0]
	at org.testng.internal.TestInvoker.invokeTestMethods(TestInvoker.java:146) ~[testng-7.4.0.jar:7.4.0]
	at org.testng.internal.TestMethodWorker.invokeTestMethods(TestMethodWorker.java:146) ~[testng-7.4.0.jar:7.4.0]
	at org.testng.internal.TestMethodWorker.run(TestMethodWorker.java:128) ~[testng-7.4.0.jar:7.4.0]
	at java.util.concurrent.ThreadPoolExecutor.runWorker(ThreadPoolExecutor.java:1142) ~[?:1.8.0_91]
	at java.util.concurrent.ThreadPoolExecutor$Worker.run(ThreadPoolExecutor.java:617) ~[?:1.8.0_91]
	at java.lang.Thread.run(Thread.java:745) ~[?:1.8.0_91]
Caused by: java.lang.IllegalStateException: The path to the driver executable must be set by the webdriver.edge.driver system property; for more information, see https://github.com/SeleniumHQ/selenium/wiki/MicrosoftWebDriver. The latest version can be downloaded from http://go.microsoft.com/fwlink/?LinkId=619687
	at com.google.common.base.Preconditions.checkState(Preconditions.java:847) ~[guava-25.0-jre.jar:?]
	at org.openqa.selenium.remote.service.DriverService.findExecutable(DriverService.java:134) ~[selenium-remote-driver-3.141.59.jar:?]
	at org.openqa.selenium.edge.EdgeDriverService.access$000(EdgeDriverService.java:37) ~[selenium-edge-driver-3.141.59.jar:?]
	at org.openqa.selenium.edge.EdgeDriverService$Builder.findDefaultExecutable(EdgeDriverService.java:90) ~[selenium-edge-driver-3.141.59.jar:?]
	at org.openqa.selenium.remote.service.DriverService$Builder.build(DriverService.java:355) ~[selenium-remote-driver-3.141.59.jar:?]
	at org.openqa.selenium.edge.EdgeDriverService.createDefaultService(EdgeDriverService.java:70) ~[selenium-edge-driver-3.141.59.jar:?]
	at org.openqa.selenium.edge.EdgeDriver.<init>(EdgeDriver.java:130) ~[selenium-edge-driver-3.141.59.jar:?]
	at com.nse.stock.utils.DriverManager.createEdgeDriverWithFallback(DriverManager.java:185) ~[classes/:?]
	... 22 more
]]></system-out>
    <system-err><![CDATA[SLF4J: No SLF4J providers were found.
SLF4J: Defaulting to no-operation (NOP) logger implementation
SLF4J: See https://www.slf4j.org/codes.html#noProviders for further details.
]]></system-err>
  </testcase>
  <testcase name="setUp[edge](0)" classname="com.nse.stock.tests.Stock52WeekHighLowTest" time="3.099">
    <failure message="WebDriver setup failed" type="java.lang.RuntimeException"><![CDATA[java.lang.RuntimeException: WebDriver setup failed
	at com.nse.stock.base.BaseTest.setUp(BaseTest.java:59)
	at sun.reflect.NativeMethodAccessorImpl.invoke0(Native Method)
	at sun.reflect.NativeMethodAccessorImpl.invoke(NativeMethodAccessorImpl.java:62)
	at sun.reflect.DelegatingMethodAccessorImpl.invoke(DelegatingMethodAccessorImpl.java:43)
	at java.lang.reflect.Method.invoke(Method.java:498)
	at org.testng.internal.MethodInvocationHelper.invokeMethod(MethodInvocationHelper.java:133)
	at org.testng.internal.MethodInvocationHelper.invokeMethodConsideringTimeout(MethodInvocationHelper.java:62)
	at org.testng.internal.ConfigInvoker.invokeConfigurationMethod(ConfigInvoker.java:385)
	at org.testng.internal.ConfigInvoker.invokeConfigurations(ConfigInvoker.java:321)
	at org.testng.internal.TestInvoker.runConfigMethods(TestInvoker.java:700)
	at org.testng.internal.TestInvoker.invokeMethod(TestInvoker.java:527)
	at org.testng.internal.TestInvoker.invokeTestMethod(TestInvoker.java:173)
	at org.testng.internal.MethodRunner.runInSequence(MethodRunner.java:46)
	at org.testng.internal.TestInvoker$MethodInvocationAgent.invoke(TestInvoker.java:824)
	at org.testng.internal.TestInvoker.invokeTestMethods(TestInvoker.java:146)
	at org.testng.internal.TestMethodWorker.invokeTestMethods(TestMethodWorker.java:146)
	at org.testng.internal.TestMethodWorker.run(TestMethodWorker.java:128)
	at java.util.concurrent.ThreadPoolExecutor.runWorker(ThreadPoolExecutor.java:1142)
	at java.util.concurrent.ThreadPoolExecutor$Worker.run(ThreadPoolExecutor.java:617)
	at java.lang.Thread.run(Thread.java:745)
Caused by: java.lang.RuntimeException: Edge driver setup failed: The path to the driver executable must be set by the webdriver.edge.driver system property; for more information, see https://github.com/SeleniumHQ/selenium/wiki/MicrosoftWebDriver. The latest version can be downloaded from http://go.microsoft.com/fwlink/?LinkId=619687
	at com.nse.stock.utils.DriverManager.createEdgeDriverWithFallback(DriverManager.java:188)
	at com.nse.stock.utils.DriverManager.createDriver(DriverManager.java:65)
	at com.nse.stock.utils.DriverManager.getDriver(DriverManager.java:32)
	at com.nse.stock.base.BaseTest.setUp(BaseTest.java:42)
	... 19 more
Caused by: java.lang.IllegalStateException: The path to the driver executable must be set by the webdriver.edge.driver system property; for more information, see https://github.com/SeleniumHQ/selenium/wiki/MicrosoftWebDriver. The latest version can be downloaded from http://go.microsoft.com/fwlink/?LinkId=619687
	at com.google.common.base.Preconditions.checkState(Preconditions.java:847)
	at org.openqa.selenium.remote.service.DriverService.findExecutable(DriverService.java:134)
	at org.openqa.selenium.edge.EdgeDriverService.access$000(EdgeDriverService.java:37)
	at org.openqa.selenium.edge.EdgeDriverService$Builder.findDefaultExecutable(EdgeDriverService.java:90)
	at org.openqa.selenium.remote.service.DriverService$Builder.build(DriverService.java:355)
	at org.openqa.selenium.edge.EdgeDriverService.createDefaultService(EdgeDriverService.java:70)
	at org.openqa.selenium.edge.EdgeDriver.<init>(EdgeDriver.java:130)
	at com.nse.stock.utils.DriverManager.createEdgeDriverWithFallback(DriverManager.java:185)
	... 22 more
]]></failure>
    <system-out><![CDATA[2025-09-29 22:36:45.304 [main] INFO  com.nse.stock.listeners.ExtentReportListener - ExtentReports flushed successfully
2025-09-29 22:36:45.304 [main] INFO  com.nse.stock.listeners.ExtentReportListener - Report location: src/reports/html/ExtentReport.html
2025-09-29 22:36:45.317 [TestNG-test=Firefox Browser Tests-1] INFO  com.nse.stock.base.BaseTest - Setting up test class with browser: edge
2025-09-29 22:36:45.317 [TestNG-test=Firefox Browser Tests-1] INFO  com.nse.stock.base.BaseTest - Starting test setup for browser: edge
2025-09-29 22:36:45.317 [TestNG-test=Firefox Browser Tests-1] INFO  com.nse.stock.utils.DriverManager - Creating WebDriver for browser: edge
2025-09-29 22:36:45.317 [TestNG-test=Firefox Browser Tests-1] INFO  com.nse.stock.utils.DriverManager - ? Starting Edge WebDriver setup with enhanced fallback mechanism...
2025-09-29 22:36:45.317 [TestNG-test=Firefox Browser Tests-1] INFO  com.nse.stock.utils.DriverManager - Method 1: Attempting WebDriverManager setup with timeout...
2025-09-29 22:36:47.007 [TestNG-test=Firefox Browser Tests-1] WARN  com.nse.stock.utils.DriverManager - ? WebDriverManager failed: io.github.bonigarcia.wdm.config.WebDriverManagerException: java.net.UnknownHostException: msedgedriver.azureedge.net. Trying fallback methods...
2025-09-29 22:36:47.007 [TestNG-test=Firefox Browser Tests-1] INFO  com.nse.stock.utils.DriverManager - Method 2: Searching for local EdgeDriver installation...
2025-09-29 22:36:47.007 [TestNG-test=Firefox Browser Tests-1] WARN  com.nse.stock.utils.DriverManager - ? No local EdgeDriver found in standard locations
2025-09-29 22:36:47.007 [TestNG-test=Firefox Browser Tests-1] WARN  com.nse.stock.utils.DriverManager - ? No local EdgeDriver found. Proceeding with system PATH...
2025-09-29 22:36:47.007 [TestNG-test=Firefox Browser Tests-1] INFO  com.nse.stock.utils.DriverManager - Creating Edge WebDriver with basic options...
2025-09-29 22:36:47.015 [TestNG-test=Firefox Browser Tests-1] ERROR com.nse.stock.utils.DriverManager - Failed to create Edge driver: The path to the driver executable must be set by the webdriver.edge.driver system property; for more information, see https://github.com/SeleniumHQ/selenium/wiki/MicrosoftWebDriver. The latest version can be downloaded from http://go.microsoft.com/fwlink/?LinkId=619687
2025-09-29 22:36:47.015 [TestNG-test=Firefox Browser Tests-1] ERROR com.nse.stock.base.BaseTest - Failed to setup WebDriver: Edge driver setup failed: The path to the driver executable must be set by the webdriver.edge.driver system property; for more information, see https://github.com/SeleniumHQ/selenium/wiki/MicrosoftWebDriver. The latest version can be downloaded from http://go.microsoft.com/fwlink/?LinkId=619687
java.lang.RuntimeException: Edge driver setup failed: The path to the driver executable must be set by the webdriver.edge.driver system property; for more information, see https://github.com/SeleniumHQ/selenium/wiki/MicrosoftWebDriver. The latest version can be downloaded from http://go.microsoft.com/fwlink/?LinkId=619687
	at com.nse.stock.utils.DriverManager.createEdgeDriverWithFallback(DriverManager.java:188) ~[classes/:?]
	at com.nse.stock.utils.DriverManager.createDriver(DriverManager.java:65) ~[classes/:?]
	at com.nse.stock.utils.DriverManager.getDriver(DriverManager.java:32) ~[classes/:?]
	at com.nse.stock.base.BaseTest.setUp(BaseTest.java:42) ~[classes/:?]
	at sun.reflect.NativeMethodAccessorImpl.invoke0(Native Method) ~[?:1.8.0_91]
	at sun.reflect.NativeMethodAccessorImpl.invoke(NativeMethodAccessorImpl.java:62) ~[?:1.8.0_91]
	at sun.reflect.DelegatingMethodAccessorImpl.invoke(DelegatingMethodAccessorImpl.java:43) ~[?:1.8.0_91]
	at java.lang.reflect.Method.invoke(Method.java:498) ~[?:1.8.0_91]
	at org.testng.internal.MethodInvocationHelper.invokeMethod(MethodInvocationHelper.java:133) ~[testng-7.4.0.jar:7.4.0]
	at org.testng.internal.MethodInvocationHelper.invokeMethodConsideringTimeout(MethodInvocationHelper.java:62) ~[testng-7.4.0.jar:7.4.0]
	at org.testng.internal.ConfigInvoker.invokeConfigurationMethod(ConfigInvoker.java:385) ~[testng-7.4.0.jar:7.4.0]
	at org.testng.internal.ConfigInvoker.invokeConfigurations(ConfigInvoker.java:321) ~[testng-7.4.0.jar:7.4.0]
	at org.testng.internal.TestInvoker.runConfigMethods(TestInvoker.java:700) ~[testng-7.4.0.jar:7.4.0]
	at org.testng.internal.TestInvoker.invokeMethod(TestInvoker.java:527) ~[testng-7.4.0.jar:7.4.0]
	at org.testng.internal.TestInvoker.invokeTestMethod(TestInvoker.java:173) ~[testng-7.4.0.jar:7.4.0]
	at org.testng.internal.MethodRunner.runInSequence(MethodRunner.java:46) ~[testng-7.4.0.jar:7.4.0]
	at org.testng.internal.TestInvoker$MethodInvocationAgent.invoke(TestInvoker.java:824) ~[testng-7.4.0.jar:7.4.0]
	at org.testng.internal.TestInvoker.invokeTestMethods(TestInvoker.java:146) ~[testng-7.4.0.jar:7.4.0]
	at org.testng.internal.TestMethodWorker.invokeTestMethods(TestMethodWorker.java:146) ~[testng-7.4.0.jar:7.4.0]
	at org.testng.internal.TestMethodWorker.run(TestMethodWorker.java:128) ~[testng-7.4.0.jar:7.4.0]
	at java.util.concurrent.ThreadPoolExecutor.runWorker(ThreadPoolExecutor.java:1142) ~[?:1.8.0_91]
	at java.util.concurrent.ThreadPoolExecutor$Worker.run(ThreadPoolExecutor.java:617) ~[?:1.8.0_91]
	at java.lang.Thread.run(Thread.java:745) ~[?:1.8.0_91]
Caused by: java.lang.IllegalStateException: The path to the driver executable must be set by the webdriver.edge.driver system property; for more information, see https://github.com/SeleniumHQ/selenium/wiki/MicrosoftWebDriver. The latest version can be downloaded from http://go.microsoft.com/fwlink/?LinkId=619687
	at com.google.common.base.Preconditions.checkState(Preconditions.java:847) ~[guava-25.0-jre.jar:?]
	at org.openqa.selenium.remote.service.DriverService.findExecutable(DriverService.java:134) ~[selenium-remote-driver-3.141.59.jar:?]
	at org.openqa.selenium.edge.EdgeDriverService.access$000(EdgeDriverService.java:37) ~[selenium-edge-driver-3.141.59.jar:?]
	at org.openqa.selenium.edge.EdgeDriverService$Builder.findDefaultExecutable(EdgeDriverService.java:90) ~[selenium-edge-driver-3.141.59.jar:?]
	at org.openqa.selenium.remote.service.DriverService$Builder.build(DriverService.java:355) ~[selenium-remote-driver-3.141.59.jar:?]
	at org.openqa.selenium.edge.EdgeDriverService.createDefaultService(EdgeDriverService.java:70) ~[selenium-edge-driver-3.141.59.jar:?]
	at org.openqa.selenium.edge.EdgeDriver.<init>(EdgeDriver.java:130) ~[selenium-edge-driver-3.141.59.jar:?]
	at com.nse.stock.utils.DriverManager.createEdgeDriverWithFallback(DriverManager.java:185) ~[classes/:?]
	... 22 more
]]></system-out>
  </testcase>
  <testcase name="setUp[edge](0)" classname="com.nse.stock.tests.Stock52WeekHighLowTest" time="2.178">
    <failure message="WebDriver setup failed" type="java.lang.RuntimeException"><![CDATA[java.lang.RuntimeException: WebDriver setup failed
	at com.nse.stock.base.BaseTest.setUp(BaseTest.java:59)
	at sun.reflect.NativeMethodAccessorImpl.invoke0(Native Method)
	at sun.reflect.NativeMethodAccessorImpl.invoke(NativeMethodAccessorImpl.java:62)
	at sun.reflect.DelegatingMethodAccessorImpl.invoke(DelegatingMethodAccessorImpl.java:43)
	at java.lang.reflect.Method.invoke(Method.java:498)
	at org.testng.internal.MethodInvocationHelper.invokeMethod(MethodInvocationHelper.java:133)
	at org.testng.internal.MethodInvocationHelper.invokeMethodConsideringTimeout(MethodInvocationHelper.java:62)
	at org.testng.internal.ConfigInvoker.invokeConfigurationMethod(ConfigInvoker.java:385)
	at org.testng.internal.ConfigInvoker.invokeConfigurations(ConfigInvoker.java:321)
	at org.testng.internal.TestInvoker.runConfigMethods(TestInvoker.java:700)
	at org.testng.internal.TestInvoker.invokeMethod(TestInvoker.java:527)
	at org.testng.internal.TestInvoker.invokeTestMethod(TestInvoker.java:173)
	at org.testng.internal.MethodRunner.runInSequence(MethodRunner.java:46)
	at org.testng.internal.TestInvoker$MethodInvocationAgent.invoke(TestInvoker.java:824)
	at org.testng.internal.TestInvoker.invokeTestMethods(TestInvoker.java:146)
	at org.testng.internal.TestMethodWorker.invokeTestMethods(TestMethodWorker.java:146)
	at org.testng.internal.TestMethodWorker.run(TestMethodWorker.java:128)
	at java.util.concurrent.ThreadPoolExecutor.runWorker(ThreadPoolExecutor.java:1142)
	at java.util.concurrent.ThreadPoolExecutor$Worker.run(ThreadPoolExecutor.java:617)
	at java.lang.Thread.run(Thread.java:745)
Caused by: java.lang.RuntimeException: Edge driver setup failed: The path to the driver executable must be set by the webdriver.edge.driver system property; for more information, see https://github.com/SeleniumHQ/selenium/wiki/MicrosoftWebDriver. The latest version can be downloaded from http://go.microsoft.com/fwlink/?LinkId=619687
	at com.nse.stock.utils.DriverManager.createEdgeDriverWithFallback(DriverManager.java:188)
	at com.nse.stock.utils.DriverManager.createDriver(DriverManager.java:65)
	at com.nse.stock.utils.DriverManager.getDriver(DriverManager.java:32)
	at com.nse.stock.base.BaseTest.setUp(BaseTest.java:42)
	... 19 more
Caused by: java.lang.IllegalStateException: The path to the driver executable must be set by the webdriver.edge.driver system property; for more information, see https://github.com/SeleniumHQ/selenium/wiki/MicrosoftWebDriver. The latest version can be downloaded from http://go.microsoft.com/fwlink/?LinkId=619687
	at com.google.common.base.Preconditions.checkState(Preconditions.java:847)
	at org.openqa.selenium.remote.service.DriverService.findExecutable(DriverService.java:134)
	at org.openqa.selenium.edge.EdgeDriverService.access$000(EdgeDriverService.java:37)
	at org.openqa.selenium.edge.EdgeDriverService$Builder.findDefaultExecutable(EdgeDriverService.java:90)
	at org.openqa.selenium.remote.service.DriverService$Builder.build(DriverService.java:355)
	at org.openqa.selenium.edge.EdgeDriverService.createDefaultService(EdgeDriverService.java:70)
	at org.openqa.selenium.edge.EdgeDriver.<init>(EdgeDriver.java:130)
	at com.nse.stock.utils.DriverManager.createEdgeDriverWithFallback(DriverManager.java:185)
	... 22 more
]]></failure>
    <system-out><![CDATA[2025-09-29 22:36:51.642 [main] INFO  com.nse.stock.listeners.ExtentReportListener - ExtentReports flushed successfully
2025-09-29 22:36:51.642 [main] INFO  com.nse.stock.listeners.ExtentReportListener - Report location: src/reports/html/ExtentReport.html
2025-09-29 22:36:51.650 [TestNG-test=Edge Browser Tests-1] INFO  com.nse.stock.base.BaseTest - Setting up test class with browser: edge
2025-09-29 22:36:51.650 [TestNG-test=Edge Browser Tests-1] INFO  com.nse.stock.base.BaseTest - Starting test setup for browser: edge
2025-09-29 22:36:51.650 [TestNG-test=Edge Browser Tests-1] INFO  com.nse.stock.utils.DriverManager - Creating WebDriver for browser: edge
2025-09-29 22:36:51.650 [TestNG-test=Edge Browser Tests-1] INFO  com.nse.stock.utils.DriverManager - ? Starting Edge WebDriver setup with enhanced fallback mechanism...
2025-09-29 22:36:51.650 [TestNG-test=Edge Browser Tests-1] INFO  com.nse.stock.utils.DriverManager - Method 1: Attempting WebDriverManager setup with timeout...
2025-09-29 22:36:53.384 [TestNG-test=Edge Browser Tests-1] WARN  com.nse.stock.utils.DriverManager - ? WebDriverManager failed: io.github.bonigarcia.wdm.config.WebDriverManagerException: java.net.UnknownHostException: msedgedriver.azureedge.net. Trying fallback methods...
2025-09-29 22:36:53.392 [TestNG-test=Edge Browser Tests-1] INFO  com.nse.stock.utils.DriverManager - Method 2: Searching for local EdgeDriver installation...
2025-09-29 22:36:53.392 [TestNG-test=Edge Browser Tests-1] WARN  com.nse.stock.utils.DriverManager - ? No local EdgeDriver found in standard locations
2025-09-29 22:36:53.392 [TestNG-test=Edge Browser Tests-1] WARN  com.nse.stock.utils.DriverManager - ? No local EdgeDriver found. Proceeding with system PATH...
2025-09-29 22:36:53.392 [TestNG-test=Edge Browser Tests-1] INFO  com.nse.stock.utils.DriverManager - Creating Edge WebDriver with basic options...
2025-09-29 22:36:53.400 [TestNG-test=Edge Browser Tests-1] ERROR com.nse.stock.utils.DriverManager - Failed to create Edge driver: The path to the driver executable must be set by the webdriver.edge.driver system property; for more information, see https://github.com/SeleniumHQ/selenium/wiki/MicrosoftWebDriver. The latest version can be downloaded from http://go.microsoft.com/fwlink/?LinkId=619687
2025-09-29 22:36:53.400 [TestNG-test=Edge Browser Tests-1] ERROR com.nse.stock.base.BaseTest - Failed to setup WebDriver: Edge driver setup failed: The path to the driver executable must be set by the webdriver.edge.driver system property; for more information, see https://github.com/SeleniumHQ/selenium/wiki/MicrosoftWebDriver. The latest version can be downloaded from http://go.microsoft.com/fwlink/?LinkId=619687
java.lang.RuntimeException: Edge driver setup failed: The path to the driver executable must be set by the webdriver.edge.driver system property; for more information, see https://github.com/SeleniumHQ/selenium/wiki/MicrosoftWebDriver. The latest version can be downloaded from http://go.microsoft.com/fwlink/?LinkId=619687
	at com.nse.stock.utils.DriverManager.createEdgeDriverWithFallback(DriverManager.java:188) ~[classes/:?]
	at com.nse.stock.utils.DriverManager.createDriver(DriverManager.java:65) ~[classes/:?]
	at com.nse.stock.utils.DriverManager.getDriver(DriverManager.java:32) ~[classes/:?]
	at com.nse.stock.base.BaseTest.setUp(BaseTest.java:42) ~[classes/:?]
	at sun.reflect.NativeMethodAccessorImpl.invoke0(Native Method) ~[?:1.8.0_91]
	at sun.reflect.NativeMethodAccessorImpl.invoke(NativeMethodAccessorImpl.java:62) ~[?:1.8.0_91]
	at sun.reflect.DelegatingMethodAccessorImpl.invoke(DelegatingMethodAccessorImpl.java:43) ~[?:1.8.0_91]
	at java.lang.reflect.Method.invoke(Method.java:498) ~[?:1.8.0_91]
	at org.testng.internal.MethodInvocationHelper.invokeMethod(MethodInvocationHelper.java:133) ~[testng-7.4.0.jar:7.4.0]
	at org.testng.internal.MethodInvocationHelper.invokeMethodConsideringTimeout(MethodInvocationHelper.java:62) ~[testng-7.4.0.jar:7.4.0]
	at org.testng.internal.ConfigInvoker.invokeConfigurationMethod(ConfigInvoker.java:385) ~[testng-7.4.0.jar:7.4.0]
	at org.testng.internal.ConfigInvoker.invokeConfigurations(ConfigInvoker.java:321) ~[testng-7.4.0.jar:7.4.0]
	at org.testng.internal.TestInvoker.runConfigMethods(TestInvoker.java:700) ~[testng-7.4.0.jar:7.4.0]
	at org.testng.internal.TestInvoker.invokeMethod(TestInvoker.java:527) ~[testng-7.4.0.jar:7.4.0]
	at org.testng.internal.TestInvoker.invokeTestMethod(TestInvoker.java:173) ~[testng-7.4.0.jar:7.4.0]
	at org.testng.internal.MethodRunner.runInSequence(MethodRunner.java:46) ~[testng-7.4.0.jar:7.4.0]
	at org.testng.internal.TestInvoker$MethodInvocationAgent.invoke(TestInvoker.java:824) ~[testng-7.4.0.jar:7.4.0]
	at org.testng.internal.TestInvoker.invokeTestMethods(TestInvoker.java:146) ~[testng-7.4.0.jar:7.4.0]
	at org.testng.internal.TestMethodWorker.invokeTestMethods(TestMethodWorker.java:146) ~[testng-7.4.0.jar:7.4.0]
	at org.testng.internal.TestMethodWorker.run(TestMethodWorker.java:128) ~[testng-7.4.0.jar:7.4.0]
	at java.util.concurrent.ThreadPoolExecutor.runWorker(ThreadPoolExecutor.java:1142) ~[?:1.8.0_91]
	at java.util.concurrent.ThreadPoolExecutor$Worker.run(ThreadPoolExecutor.java:617) ~[?:1.8.0_91]
	at java.lang.Thread.run(Thread.java:745) ~[?:1.8.0_91]
Caused by: java.lang.IllegalStateException: The path to the driver executable must be set by the webdriver.edge.driver system property; for more information, see https://github.com/SeleniumHQ/selenium/wiki/MicrosoftWebDriver. The latest version can be downloaded from http://go.microsoft.com/fwlink/?LinkId=619687
	at com.google.common.base.Preconditions.checkState(Preconditions.java:847) ~[guava-25.0-jre.jar:?]
	at org.openqa.selenium.remote.service.DriverService.findExecutable(DriverService.java:134) ~[selenium-remote-driver-3.141.59.jar:?]
	at org.openqa.selenium.edge.EdgeDriverService.access$000(EdgeDriverService.java:37) ~[selenium-edge-driver-3.141.59.jar:?]
	at org.openqa.selenium.edge.EdgeDriverService$Builder.findDefaultExecutable(EdgeDriverService.java:90) ~[selenium-edge-driver-3.141.59.jar:?]
	at org.openqa.selenium.remote.service.DriverService$Builder.build(DriverService.java:355) ~[selenium-remote-driver-3.141.59.jar:?]
	at org.openqa.selenium.edge.EdgeDriverService.createDefaultService(EdgeDriverService.java:70) ~[selenium-edge-driver-3.141.59.jar:?]
	at org.openqa.selenium.edge.EdgeDriver.<init>(EdgeDriver.java:130) ~[selenium-edge-driver-3.141.59.jar:?]
	at com.nse.stock.utils.DriverManager.createEdgeDriverWithFallback(DriverManager.java:185) ~[classes/:?]
	... 22 more
]]></system-out>
  </testcase>
  <testcase name="test52WeekHighLowExtraction[TATAMOTORS](1)" classname="com.nse.stock.tests.Stock52WeekHighLowTest" time="0">
    <skipped message="WebDriver setup failed"/>
    <system-out><![CDATA[2025-09-29 22:36:40.743 [TestNG-test=Chrome Browser Tests-1] INFO  com.nse.stock.listeners.ExtentReportListener - ExtentReports initialized successfully
2025-09-29 22:36:40.766 [TestNG-test=Chrome Browser Tests-1] INFO  com.nse.stock.listeners.ExtentReportListener - Test started: test52WeekHighLowExtraction - Extract and verify 52-week high and low prices for stocks
2025-09-29 22:36:40.774 [TestNG-test=Chrome Browser Tests-1] INFO  com.nse.stock.listeners.ScreenshotListener - Test started: test52WeekHighLowExtraction on browser: edge in thread: TestNG-test=Chrome Browser Tests-1
2025-09-29 22:36:40.790 [TestNG-test=Chrome Browser Tests-1] WARN  com.nse.stock.listeners.ExtentReportListener - Test skipped: test52WeekHighLowExtraction - WebDriver setup failed
]]></system-out>
  </testcase>
  <testcase name="test52WeekHighLowExtraction[TATAMOTORS](1)" classname="com.nse.stock.tests.Stock52WeekHighLowTest" time="0">
    <skipped message="WebDriver setup failed"/>
    <system-out><![CDATA[2025-09-29 22:36:47.031 [TestNG-test=Firefox Browser Tests-1] INFO  com.nse.stock.listeners.ExtentReportListener - Test started: test52WeekHighLowExtraction - Extract and verify 52-week high and low prices for stocks
2025-09-29 22:36:47.031 [TestNG-test=Firefox Browser Tests-1] INFO  com.nse.stock.listeners.ScreenshotListener - Test started: test52WeekHighLowExtraction on browser: edge in thread: TestNG-test=Firefox Browser Tests-1
2025-09-29 22:36:47.031 [TestNG-test=Firefox Browser Tests-1] WARN  com.nse.stock.listeners.ExtentReportListener - Test skipped: test52WeekHighLowExtraction - WebDriver setup failed
]]></system-out>
  </testcase>
  <testcase name="test52WeekHighLowExtraction[TATAMOTORS](1)" classname="com.nse.stock.tests.Stock52WeekHighLowTest" time="0">
    <skipped message="WebDriver setup failed"/>
    <system-out><![CDATA[2025-09-29 22:36:53.408 [TestNG-test=Edge Browser Tests-1] INFO  com.nse.stock.listeners.ExtentReportListener - Test started: test52WeekHighLowExtraction - Extract and verify 52-week high and low prices for stocks
2025-09-29 22:36:53.408 [TestNG-test=Edge Browser Tests-1] INFO  com.nse.stock.listeners.ScreenshotListener - Test started: test52WeekHighLowExtraction on browser: edge in thread: TestNG-test=Edge Browser Tests-1
2025-09-29 22:36:53.408 [TestNG-test=Edge Browser Tests-1] WARN  com.nse.stock.listeners.ExtentReportListener - Test skipped: test52WeekHighLowExtraction - WebDriver setup failed
]]></system-out>
  </testcase>
  <testcase name="tearDown" classname="com.nse.stock.tests.Stock52WeekHighLowTest" time="0">
    <skipped/>
    <system-out><![CDATA[2025-09-29 22:36:40.798 [TestNG-test=Chrome Browser Tests-1] WARN  com.nse.stock.listeners.ScreenshotListener - WebDriver is null, cannot capture screenshot for test: test52WeekHighLowExtraction
]]></system-out>
  </testcase>
  <testcase name="tearDown" classname="com.nse.stock.tests.Stock52WeekHighLowTest" time="0">
    <skipped/>
    <system-out><![CDATA[2025-09-29 22:36:40.819 [TestNG-test=Chrome Browser Tests-1] WARN  com.nse.stock.listeners.ScreenshotListener - WebDriver is null, cannot capture screenshot for test: test52WeekHighLowExtraction
]]></system-out>
  </testcase>
  <testcase name="tearDown" classname="com.nse.stock.tests.Stock52WeekHighLowTest" time="0">
    <skipped/>
    <system-out><![CDATA[2025-09-29 22:36:40.867 [TestNG-test=Chrome Browser Tests-1] WARN  com.nse.stock.listeners.ScreenshotListener - WebDriver is null, cannot capture screenshot for test: test52WeekHighLowExtraction
]]></system-out>
  </testcase>
  <testcase name="tearDown" classname="com.nse.stock.tests.Stock52WeekHighLowTest" time="0">
    <skipped/>
    <system-out><![CDATA[2025-09-29 22:36:40.870 [TestNG-test=Chrome Browser Tests-1] WARN  com.nse.stock.listeners.ScreenshotListener - WebDriver is null, cannot capture screenshot for test: test52WeekHighLowExtraction
]]></system-out>
  </testcase>
  <testcase name="tearDown" classname="com.nse.stock.tests.Stock52WeekHighLowTest" time="0">
    <skipped/>
    <system-out><![CDATA[2025-09-29 22:36:43.595 [TestNG-test=Chrome Browser Tests-1] WARN  com.nse.stock.listeners.ScreenshotListener - WebDriver is null, cannot capture screenshot for test: testTataMotors52WeekData
]]></system-out>
  </testcase>
  <testcase name="tearDown" classname="com.nse.stock.tests.Stock52WeekHighLowTest" time="0">
    <skipped/>
    <system-out><![CDATA[2025-09-29 22:36:43.647 [TestNG-test=Chrome Browser Tests-1] WARN  com.nse.stock.listeners.ScreenshotListener - WebDriver is null, cannot capture screenshot for test: test52WeekDataAvailability
]]></system-out>
  </testcase>
  <testcase name="tearDown" classname="com.nse.stock.tests.Stock52WeekHighLowTest" time="0">
    <skipped/>
    <system-out><![CDATA[2025-09-29 22:36:43.696 [TestNG-test=Chrome Browser Tests-1] WARN  com.nse.stock.listeners.ScreenshotListener - WebDriver is null, cannot capture screenshot for test: test52WeekDataConsistency
]]></system-out>
  </testcase>
  <testcase name="tearDown" classname="com.nse.stock.tests.Stock52WeekHighLowTest" time="0">
    <skipped/>
    <system-out><![CDATA[2025-09-29 22:36:43.736 [TestNG-test=Chrome Browser Tests-1] WARN  com.nse.stock.listeners.ScreenshotListener - WebDriver is null, cannot capture screenshot for test: test52WeekExtractionMethods
]]></system-out>
  </testcase>
  <testcase name="tearDown" classname="com.nse.stock.tests.Stock52WeekHighLowTest" time="0">
    <skipped/>
    <system-out><![CDATA[2025-09-29 22:36:47.031 [TestNG-test=Firefox Browser Tests-1] WARN  com.nse.stock.listeners.ScreenshotListener - WebDriver is null, cannot capture screenshot for test: test52WeekHighLowExtraction
]]></system-out>
  </testcase>
  <testcase name="tearDown" classname="com.nse.stock.tests.Stock52WeekHighLowTest" time="0">
    <skipped/>
    <system-out><![CDATA[2025-09-29 22:36:47.047 [TestNG-test=Firefox Browser Tests-1] WARN  com.nse.stock.listeners.ScreenshotListener - WebDriver is null, cannot capture screenshot for test: test52WeekHighLowExtraction
]]></system-out>
  </testcase>
  <testcase name="tearDown" classname="com.nse.stock.tests.Stock52WeekHighLowTest" time="0">
    <skipped/>
    <system-out><![CDATA[2025-09-29 22:36:47.055 [TestNG-test=Firefox Browser Tests-1] WARN  com.nse.stock.listeners.ScreenshotListener - WebDriver is null, cannot capture screenshot for test: test52WeekHighLowExtraction
]]></system-out>
  </testcase>
  <testcase name="tearDown" classname="com.nse.stock.tests.Stock52WeekHighLowTest" time="0">
    <skipped/>
    <system-out><![CDATA[2025-09-29 22:36:47.063 [TestNG-test=Firefox Browser Tests-1] WARN  com.nse.stock.listeners.ScreenshotListener - WebDriver is null, cannot capture screenshot for test: test52WeekHighLowExtraction
]]></system-out>
  </testcase>
  <testcase name="tearDown" classname="com.nse.stock.tests.Stock52WeekHighLowTest" time="0">
    <skipped/>
    <system-out><![CDATA[2025-09-29 22:36:50.995 [TestNG-test=Firefox Browser Tests-1] WARN  com.nse.stock.listeners.ScreenshotListener - WebDriver is null, cannot capture screenshot for test: testTataMotors52WeekData
]]></system-out>
  </testcase>
  <testcase name="tearDown" classname="com.nse.stock.tests.Stock52WeekHighLowTest" time="0">
    <skipped/>
    <system-out><![CDATA[2025-09-29 22:36:51.030 [TestNG-test=Firefox Browser Tests-1] WARN  com.nse.stock.listeners.ScreenshotListener - WebDriver is null, cannot capture screenshot for test: test52WeekDataAvailability
]]></system-out>
  </testcase>
  <testcase name="tearDown" classname="com.nse.stock.tests.Stock52WeekHighLowTest" time="0">
    <skipped/>
    <system-out><![CDATA[2025-09-29 22:36:51.094 [TestNG-test=Firefox Browser Tests-1] WARN  com.nse.stock.listeners.ScreenshotListener - WebDriver is null, cannot capture screenshot for test: test52WeekDataConsistency
]]></system-out>
  </testcase>
  <testcase name="tearDown" classname="com.nse.stock.tests.Stock52WeekHighLowTest" time="0">
    <skipped/>
    <system-out><![CDATA[2025-09-29 22:36:51.137 [TestNG-test=Firefox Browser Tests-1] WARN  com.nse.stock.listeners.ScreenshotListener - WebDriver is null, cannot capture screenshot for test: test52WeekExtractionMethods
]]></system-out>
  </testcase>
  <testcase name="tearDown" classname="com.nse.stock.tests.Stock52WeekHighLowTest" time="0">
    <skipped/>
    <system-out><![CDATA[2025-09-29 22:36:53.416 [TestNG-test=Edge Browser Tests-1] WARN  com.nse.stock.listeners.ScreenshotListener - WebDriver is null, cannot capture screenshot for test: test52WeekHighLowExtraction
]]></system-out>
  </testcase>
  <testcase name="tearDown" classname="com.nse.stock.tests.Stock52WeekHighLowTest" time="0">
    <skipped/>
    <system-out><![CDATA[2025-09-29 22:36:53.432 [TestNG-test=Edge Browser Tests-1] WARN  com.nse.stock.listeners.ScreenshotListener - WebDriver is null, cannot capture screenshot for test: test52WeekHighLowExtraction
]]></system-out>
  </testcase>
  <testcase name="tearDown" classname="com.nse.stock.tests.Stock52WeekHighLowTest" time="0">
    <skipped/>
    <system-out><![CDATA[2025-09-29 22:36:53.450 [TestNG-test=Edge Browser Tests-1] WARN  com.nse.stock.listeners.ScreenshotListener - WebDriver is null, cannot capture screenshot for test: test52WeekHighLowExtraction
]]></system-out>
  </testcase>
  <testcase name="tearDown" classname="com.nse.stock.tests.Stock52WeekHighLowTest" time="0">
    <skipped/>
    <system-out><![CDATA[2025-09-29 22:36:53.461 [TestNG-test=Edge Browser Tests-1] WARN  com.nse.stock.listeners.ScreenshotListener - WebDriver is null, cannot capture screenshot for test: test52WeekHighLowExtraction
]]></system-out>
  </testcase>
  <testcase name="tearDown" classname="com.nse.stock.tests.Stock52WeekHighLowTest" time="0">
    <skipped/>
    <system-out><![CDATA[2025-09-29 22:36:56.323 [TestNG-test=Edge Browser Tests-1] WARN  com.nse.stock.listeners.ScreenshotListener - WebDriver is null, cannot capture screenshot for test: testTataMotors52WeekData
]]></system-out>
  </testcase>
  <testcase name="tearDown" classname="com.nse.stock.tests.Stock52WeekHighLowTest" time="0">
    <skipped/>
    <system-out><![CDATA[2025-09-29 22:36:56.339 [TestNG-test=Edge Browser Tests-1] WARN  com.nse.stock.listeners.ScreenshotListener - WebDriver is null, cannot capture screenshot for test: test52WeekDataAvailability
]]></system-out>
  </testcase>
  <testcase name="tearDown" classname="com.nse.stock.tests.Stock52WeekHighLowTest" time="0">
    <skipped/>
    <system-out><![CDATA[2025-09-29 22:36:56.389 [TestNG-test=Edge Browser Tests-1] WARN  com.nse.stock.listeners.ScreenshotListener - WebDriver is null, cannot capture screenshot for test: test52WeekDataConsistency
]]></system-out>
  </testcase>
  <testcase name="tearDown" classname="com.nse.stock.tests.Stock52WeekHighLowTest" time="0">
    <skipped/>
    <system-out><![CDATA[2025-09-29 22:36:56.426 [TestNG-test=Edge Browser Tests-1] WARN  com.nse.stock.listeners.ScreenshotListener - WebDriver is null, cannot capture screenshot for test: test52WeekExtractionMethods
]]></system-out>
  </testcase>
  <testcase name="setUp" classname="com.nse.stock.tests.Stock52WeekHighLowTest" time="0">
    <skipped/>
  </testcase>
  <testcase name="setUp" classname="com.nse.stock.tests.Stock52WeekHighLowTest" time="0">
    <skipped/>
  </testcase>
  <testcase name="setUp" classname="com.nse.stock.tests.Stock52WeekHighLowTest" time="0">
    <skipped/>
  </testcase>
  <testcase name="setUp" classname="com.nse.stock.tests.Stock52WeekHighLowTest" time="0">
    <skipped/>
  </testcase>
  <testcase name="setUp" classname="com.nse.stock.tests.Stock52WeekHighLowTest" time="0">
    <skipped/>
  </testcase>
  <testcase name="setUp" classname="com.nse.stock.tests.Stock52WeekHighLowTest" time="0">
    <skipped/>
  </testcase>
  <testcase name="setUp" classname="com.nse.stock.tests.Stock52WeekHighLowTest" time="0">
    <skipped/>
  </testcase>
  <testcase name="setUp" classname="com.nse.stock.tests.Stock52WeekHighLowTest" time="0">
    <skipped/>
  </testcase>
  <testcase name="setUp" classname="com.nse.stock.tests.Stock52WeekHighLowTest" time="0">
    <skipped/>
  </testcase>
  <testcase name="setUp" classname="com.nse.stock.tests.Stock52WeekHighLowTest" time="0">
    <skipped/>
  </testcase>
  <testcase name="setUp" classname="com.nse.stock.tests.Stock52WeekHighLowTest" time="0">
    <skipped/>
  </testcase>
  <testcase name="setUp" classname="com.nse.stock.tests.Stock52WeekHighLowTest" time="0">
    <skipped/>
  </testcase>
  <testcase name="setUp" classname="com.nse.stock.tests.Stock52WeekHighLowTest" time="0">
    <skipped/>
  </testcase>
  <testcase name="setUp" classname="com.nse.stock.tests.Stock52WeekHighLowTest" time="0">
    <skipped/>
  </testcase>
  <testcase name="setUp" classname="com.nse.stock.tests.Stock52WeekHighLowTest" time="0">
    <skipped/>
  </testcase>
  <testcase name="setUp" classname="com.nse.stock.tests.Stock52WeekHighLowTest" time="0">
    <skipped/>
  </testcase>
  <testcase name="setUp" classname="com.nse.stock.tests.Stock52WeekHighLowTest" time="0">
    <skipped/>
  </testcase>
  <testcase name="setUp" classname="com.nse.stock.tests.Stock52WeekHighLowTest" time="0">
    <skipped/>
  </testcase>
  <testcase name="setUp" classname="com.nse.stock.tests.Stock52WeekHighLowTest" time="0">
    <skipped/>
  </testcase>
  <testcase name="setUp" classname="com.nse.stock.tests.Stock52WeekHighLowTest" time="0">
    <skipped/>
  </testcase>
  <testcase name="setUp" classname="com.nse.stock.tests.Stock52WeekHighLowTest" time="0">
    <skipped/>
  </testcase>
  <testcase name="test52WeekHighLowExtraction[RELIANCE](2)" classname="com.nse.stock.tests.Stock52WeekHighLowTest" time="0">
    <skipped message="WebDriver setup failed"/>
    <system-out><![CDATA[2025-09-29 22:36:40.798 [TestNG-test=Chrome Browser Tests-1] INFO  com.nse.stock.listeners.ExtentReportListener - Test started: test52WeekHighLowExtraction - Extract and verify 52-week high and low prices for stocks
2025-09-29 22:36:40.798 [TestNG-test=Chrome Browser Tests-1] INFO  com.nse.stock.listeners.ScreenshotListener - Test started: test52WeekHighLowExtraction on browser: edge in thread: TestNG-test=Chrome Browser Tests-1
2025-09-29 22:36:40.807 [TestNG-test=Chrome Browser Tests-1] WARN  com.nse.stock.listeners.ExtentReportListener - Test skipped: test52WeekHighLowExtraction - WebDriver setup failed
]]></system-out>
  </testcase>
  <testcase name="test52WeekHighLowExtraction[RELIANCE](2)" classname="com.nse.stock.tests.Stock52WeekHighLowTest" time="0">
    <skipped message="WebDriver setup failed"/>
    <system-out><![CDATA[2025-09-29 22:36:47.039 [TestNG-test=Firefox Browser Tests-1] INFO  com.nse.stock.listeners.ExtentReportListener - Test started: test52WeekHighLowExtraction - Extract and verify 52-week high and low prices for stocks
2025-09-29 22:36:47.039 [TestNG-test=Firefox Browser Tests-1] INFO  com.nse.stock.listeners.ScreenshotListener - Test started: test52WeekHighLowExtraction on browser: edge in thread: TestNG-test=Firefox Browser Tests-1
2025-09-29 22:36:47.047 [TestNG-test=Firefox Browser Tests-1] WARN  com.nse.stock.listeners.ExtentReportListener - Test skipped: test52WeekHighLowExtraction - WebDriver setup failed
]]></system-out>
  </testcase>
  <testcase name="test52WeekHighLowExtraction[RELIANCE](2)" classname="com.nse.stock.tests.Stock52WeekHighLowTest" time="0">
    <skipped message="WebDriver setup failed"/>
    <system-out><![CDATA[2025-09-29 22:36:53.424 [TestNG-test=Edge Browser Tests-1] INFO  com.nse.stock.listeners.ExtentReportListener - Test started: test52WeekHighLowExtraction - Extract and verify 52-week high and low prices for stocks
2025-09-29 22:36:53.424 [TestNG-test=Edge Browser Tests-1] INFO  com.nse.stock.listeners.ScreenshotListener - Test started: test52WeekHighLowExtraction on browser: edge in thread: TestNG-test=Edge Browser Tests-1
2025-09-29 22:36:53.432 [TestNG-test=Edge Browser Tests-1] WARN  com.nse.stock.listeners.ExtentReportListener - Test skipped: test52WeekHighLowExtraction - WebDriver setup failed
]]></system-out>
  </testcase>
  <testcase name="test52WeekHighLowExtraction[INFY](3)" classname="com.nse.stock.tests.Stock52WeekHighLowTest" time="0">
    <skipped message="WebDriver setup failed"/>
    <system-out><![CDATA[2025-09-29 22:36:40.836 [TestNG-test=Chrome Browser Tests-1] INFO  com.nse.stock.listeners.ExtentReportListener - Test started: test52WeekHighLowExtraction - Extract and verify 52-week high and low prices for stocks
2025-09-29 22:36:40.861 [TestNG-test=Chrome Browser Tests-1] INFO  com.nse.stock.listeners.ScreenshotListener - Test started: test52WeekHighLowExtraction on browser: edge in thread: TestNG-test=Chrome Browser Tests-1
2025-09-29 22:36:40.867 [TestNG-test=Chrome Browser Tests-1] WARN  com.nse.stock.listeners.ExtentReportListener - Test skipped: test52WeekHighLowExtraction - WebDriver setup failed
]]></system-out>
  </testcase>
  <testcase name="test52WeekHighLowExtraction[INFY](3)" classname="com.nse.stock.tests.Stock52WeekHighLowTest" time="0">
    <skipped message="WebDriver setup failed"/>
    <system-out><![CDATA[2025-09-29 22:36:47.055 [TestNG-test=Firefox Browser Tests-1] INFO  com.nse.stock.listeners.ExtentReportListener - Test started: test52WeekHighLowExtraction - Extract and verify 52-week high and low prices for stocks
2025-09-29 22:36:47.055 [TestNG-test=Firefox Browser Tests-1] INFO  com.nse.stock.listeners.ScreenshotListener - Test started: test52WeekHighLowExtraction on browser: edge in thread: TestNG-test=Firefox Browser Tests-1
2025-09-29 22:36:47.055 [TestNG-test=Firefox Browser Tests-1] WARN  com.nse.stock.listeners.ExtentReportListener - Test skipped: test52WeekHighLowExtraction - WebDriver setup failed
]]></system-out>
  </testcase>
  <testcase name="test52WeekHighLowExtraction[INFY](3)" classname="com.nse.stock.tests.Stock52WeekHighLowTest" time="0">
    <skipped message="WebDriver setup failed"/>
    <system-out><![CDATA[2025-09-29 22:36:53.432 [TestNG-test=Edge Browser Tests-1] INFO  com.nse.stock.listeners.ExtentReportListener - Test started: test52WeekHighLowExtraction - Extract and verify 52-week high and low prices for stocks
2025-09-29 22:36:53.432 [TestNG-test=Edge Browser Tests-1] INFO  com.nse.stock.listeners.ScreenshotListener - Test started: test52WeekHighLowExtraction on browser: edge in thread: TestNG-test=Edge Browser Tests-1
2025-09-29 22:36:53.450 [TestNG-test=Edge Browser Tests-1] WARN  com.nse.stock.listeners.ExtentReportListener - Test skipped: test52WeekHighLowExtraction - WebDriver setup failed
]]></system-out>
  </testcase>
  <testcase name="test52WeekHighLowExtraction[TCS](4)" classname="com.nse.stock.tests.Stock52WeekHighLowTest" time="0">
    <skipped message="WebDriver setup failed"/>
    <system-out><![CDATA[2025-09-29 22:36:40.870 [TestNG-test=Chrome Browser Tests-1] INFO  com.nse.stock.listeners.ExtentReportListener - Test started: test52WeekHighLowExtraction - Extract and verify 52-week high and low prices for stocks
2025-09-29 22:36:40.870 [TestNG-test=Chrome Browser Tests-1] INFO  com.nse.stock.listeners.ScreenshotListener - Test started: test52WeekHighLowExtraction on browser: edge in thread: TestNG-test=Chrome Browser Tests-1
2025-09-29 22:36:40.870 [TestNG-test=Chrome Browser Tests-1] WARN  com.nse.stock.listeners.ExtentReportListener - Test skipped: test52WeekHighLowExtraction - WebDriver setup failed
]]></system-out>
  </testcase>
  <testcase name="test52WeekHighLowExtraction[TCS](4)" classname="com.nse.stock.tests.Stock52WeekHighLowTest" time="0">
    <skipped message="WebDriver setup failed"/>
    <system-out><![CDATA[2025-09-29 22:36:47.055 [TestNG-test=Firefox Browser Tests-1] INFO  com.nse.stock.listeners.ExtentReportListener - Test started: test52WeekHighLowExtraction - Extract and verify 52-week high and low prices for stocks
2025-09-29 22:36:47.063 [TestNG-test=Firefox Browser Tests-1] INFO  com.nse.stock.listeners.ScreenshotListener - Test started: test52WeekHighLowExtraction on browser: edge in thread: TestNG-test=Firefox Browser Tests-1
2025-09-29 22:36:47.063 [TestNG-test=Firefox Browser Tests-1] WARN  com.nse.stock.listeners.ExtentReportListener - Test skipped: test52WeekHighLowExtraction - WebDriver setup failed
]]></system-out>
  </testcase>
  <testcase name="test52WeekHighLowExtraction[TCS](4)" classname="com.nse.stock.tests.Stock52WeekHighLowTest" time="0">
    <skipped message="WebDriver setup failed"/>
    <system-out><![CDATA[2025-09-29 22:36:53.453 [TestNG-test=Edge Browser Tests-1] INFO  com.nse.stock.listeners.ExtentReportListener - Test started: test52WeekHighLowExtraction - Extract and verify 52-week high and low prices for stocks
2025-09-29 22:36:53.453 [TestNG-test=Edge Browser Tests-1] INFO  com.nse.stock.listeners.ScreenshotListener - Test started: test52WeekHighLowExtraction on browser: edge in thread: TestNG-test=Edge Browser Tests-1
2025-09-29 22:36:53.461 [TestNG-test=Edge Browser Tests-1] WARN  com.nse.stock.listeners.ExtentReportListener - Test skipped: test52WeekHighLowExtraction - WebDriver setup failed
]]></system-out>
  </testcase>
  <testcase name="testTataMotors52WeekData" classname="com.nse.stock.tests.Stock52WeekHighLowTest" time="0">
    <skipped message="WebDriver setup failed"/>
    <system-out><![CDATA[2025-09-29 22:36:43.595 [TestNG-test=Chrome Browser Tests-1] INFO  com.nse.stock.listeners.ExtentReportListener - Test started: testTataMotors52WeekData - Verify 52-week data for TATAMOTORS specifically
2025-09-29 22:36:43.595 [TestNG-test=Chrome Browser Tests-1] INFO  com.nse.stock.listeners.ScreenshotListener - Test started: testTataMotors52WeekData on browser: edge in thread: TestNG-test=Chrome Browser Tests-1
2025-09-29 22:36:43.595 [TestNG-test=Chrome Browser Tests-1] WARN  com.nse.stock.listeners.ExtentReportListener - Test skipped: testTataMotors52WeekData - WebDriver setup failed
]]></system-out>
  </testcase>
  <testcase name="testTataMotors52WeekData" classname="com.nse.stock.tests.Stock52WeekHighLowTest" time="0">
    <skipped message="WebDriver setup failed"/>
    <system-out><![CDATA[2025-09-29 22:36:50.985 [TestNG-test=Firefox Browser Tests-1] INFO  com.nse.stock.listeners.ExtentReportListener - Test started: testTataMotors52WeekData - Verify 52-week data for TATAMOTORS specifically
2025-09-29 22:36:50.985 [TestNG-test=Firefox Browser Tests-1] INFO  com.nse.stock.listeners.ScreenshotListener - Test started: testTataMotors52WeekData on browser: edge in thread: TestNG-test=Firefox Browser Tests-1
2025-09-29 22:36:50.985 [TestNG-test=Firefox Browser Tests-1] WARN  com.nse.stock.listeners.ExtentReportListener - Test skipped: testTataMotors52WeekData - WebDriver setup failed
]]></system-out>
  </testcase>
  <testcase name="testTataMotors52WeekData" classname="com.nse.stock.tests.Stock52WeekHighLowTest" time="0">
    <skipped message="WebDriver setup failed"/>
    <system-out><![CDATA[2025-09-29 22:36:56.323 [TestNG-test=Edge Browser Tests-1] INFO  com.nse.stock.listeners.ExtentReportListener - Test started: testTataMotors52WeekData - Verify 52-week data for TATAMOTORS specifically
2025-09-29 22:36:56.323 [TestNG-test=Edge Browser Tests-1] INFO  com.nse.stock.listeners.ScreenshotListener - Test started: testTataMotors52WeekData on browser: edge in thread: TestNG-test=Edge Browser Tests-1
2025-09-29 22:36:56.323 [TestNG-test=Edge Browser Tests-1] WARN  com.nse.stock.listeners.ExtentReportListener - Test skipped: testTataMotors52WeekData - WebDriver setup failed
]]></system-out>
  </testcase>
  <testcase name="test52WeekDataAvailability" classname="com.nse.stock.tests.Stock52WeekHighLowTest" time="0">
    <skipped message="WebDriver setup failed"/>
    <system-out><![CDATA[2025-09-29 22:36:43.630 [TestNG-test=Chrome Browser Tests-1] INFO  com.nse.stock.listeners.ExtentReportListener - Test started: test52WeekDataAvailability - Test 52-week data availability across multiple stocks
2025-09-29 22:36:43.630 [TestNG-test=Chrome Browser Tests-1] INFO  com.nse.stock.listeners.ScreenshotListener - Test started: test52WeekDataAvailability on browser: edge in thread: TestNG-test=Chrome Browser Tests-1
2025-09-29 22:36:43.630 [TestNG-test=Chrome Browser Tests-1] WARN  com.nse.stock.listeners.ExtentReportListener - Test skipped: test52WeekDataAvailability - WebDriver setup failed
]]></system-out>
  </testcase>
  <testcase name="test52WeekDataAvailability" classname="com.nse.stock.tests.Stock52WeekHighLowTest" time="0">
    <skipped message="WebDriver setup failed"/>
    <system-out><![CDATA[2025-09-29 22:36:51.022 [TestNG-test=Firefox Browser Tests-1] INFO  com.nse.stock.listeners.ExtentReportListener - Test started: test52WeekDataAvailability - Test 52-week data availability across multiple stocks
2025-09-29 22:36:51.022 [TestNG-test=Firefox Browser Tests-1] INFO  com.nse.stock.listeners.ScreenshotListener - Test started: test52WeekDataAvailability on browser: edge in thread: TestNG-test=Firefox Browser Tests-1
2025-09-29 22:36:51.022 [TestNG-test=Firefox Browser Tests-1] WARN  com.nse.stock.listeners.ExtentReportListener - Test skipped: test52WeekDataAvailability - WebDriver setup failed
]]></system-out>
  </testcase>
  <testcase name="test52WeekDataAvailability" classname="com.nse.stock.tests.Stock52WeekHighLowTest" time="0">
    <skipped message="WebDriver setup failed"/>
    <system-out><![CDATA[2025-09-29 22:36:56.331 [TestNG-test=Edge Browser Tests-1] INFO  com.nse.stock.listeners.ExtentReportListener - Test started: test52WeekDataAvailability - Test 52-week data availability across multiple stocks
2025-09-29 22:36:56.331 [TestNG-test=Edge Browser Tests-1] INFO  com.nse.stock.listeners.ScreenshotListener - Test started: test52WeekDataAvailability on browser: edge in thread: TestNG-test=Edge Browser Tests-1
2025-09-29 22:36:56.339 [TestNG-test=Edge Browser Tests-1] WARN  com.nse.stock.listeners.ExtentReportListener - Test skipped: test52WeekDataAvailability - WebDriver setup failed
]]></system-out>
  </testcase>
  <testcase name="test52WeekDataConsistency" classname="com.nse.stock.tests.Stock52WeekHighLowTest" time="0">
    <skipped message="WebDriver setup failed"/>
    <system-out><![CDATA[2025-09-29 22:36:43.688 [TestNG-test=Chrome Browser Tests-1] INFO  com.nse.stock.listeners.ExtentReportListener - Test started: test52WeekDataConsistency - Verify 52-week data logical consistency
2025-09-29 22:36:43.688 [TestNG-test=Chrome Browser Tests-1] INFO  com.nse.stock.listeners.ScreenshotListener - Test started: test52WeekDataConsistency on browser: edge in thread: TestNG-test=Chrome Browser Tests-1
2025-09-29 22:36:43.696 [TestNG-test=Chrome Browser Tests-1] WARN  com.nse.stock.listeners.ExtentReportListener - Test skipped: test52WeekDataConsistency - WebDriver setup failed
]]></system-out>
  </testcase>
  <testcase name="test52WeekDataConsistency" classname="com.nse.stock.tests.Stock52WeekHighLowTest" time="0">
    <skipped message="WebDriver setup failed"/>
    <system-out><![CDATA[2025-09-29 22:36:51.065 [TestNG-test=Firefox Browser Tests-1] INFO  com.nse.stock.listeners.ExtentReportListener - Test started: test52WeekDataConsistency - Verify 52-week data logical consistency
2025-09-29 22:36:51.065 [TestNG-test=Firefox Browser Tests-1] INFO  com.nse.stock.listeners.ScreenshotListener - Test started: test52WeekDataConsistency on browser: edge in thread: TestNG-test=Firefox Browser Tests-1
2025-09-29 22:36:51.094 [TestNG-test=Firefox Browser Tests-1] WARN  com.nse.stock.listeners.ExtentReportListener - Test skipped: test52WeekDataConsistency - WebDriver setup failed
]]></system-out>
  </testcase>
  <testcase name="test52WeekDataConsistency" classname="com.nse.stock.tests.Stock52WeekHighLowTest" time="0">
    <skipped message="WebDriver setup failed"/>
    <system-out><![CDATA[2025-09-29 22:36:56.389 [TestNG-test=Edge Browser Tests-1] INFO  com.nse.stock.listeners.ExtentReportListener - Test started: test52WeekDataConsistency - Verify 52-week data logical consistency
2025-09-29 22:36:56.389 [TestNG-test=Edge Browser Tests-1] INFO  com.nse.stock.listeners.ScreenshotListener - Test started: test52WeekDataConsistency on browser: edge in thread: TestNG-test=Edge Browser Tests-1
2025-09-29 22:36:56.389 [TestNG-test=Edge Browser Tests-1] WARN  com.nse.stock.listeners.ExtentReportListener - Test skipped: test52WeekDataConsistency - WebDriver setup failed
]]></system-out>
  </testcase>
  <testcase name="test52WeekExtractionMethods" classname="com.nse.stock.tests.Stock52WeekHighLowTest" time="0">
    <skipped message="WebDriver setup failed"/>
    <system-out><![CDATA[2025-09-29 22:36:43.736 [TestNG-test=Chrome Browser Tests-1] INFO  com.nse.stock.listeners.ExtentReportListener - Test started: test52WeekExtractionMethods - Test 52-week data extraction methods
2025-09-29 22:36:43.736 [TestNG-test=Chrome Browser Tests-1] INFO  com.nse.stock.listeners.ScreenshotListener - Test started: test52WeekExtractionMethods on browser: edge in thread: TestNG-test=Chrome Browser Tests-1
2025-09-29 22:36:43.736 [TestNG-test=Chrome Browser Tests-1] WARN  com.nse.stock.listeners.ExtentReportListener - Test skipped: test52WeekExtractionMethods - WebDriver setup failed
]]></system-out>
  </testcase>
  <testcase name="test52WeekExtractionMethods" classname="com.nse.stock.tests.Stock52WeekHighLowTest" time="0">
    <skipped message="WebDriver setup failed"/>
    <system-out><![CDATA[2025-09-29 22:36:51.137 [TestNG-test=Firefox Browser Tests-1] INFO  com.nse.stock.listeners.ExtentReportListener - Test started: test52WeekExtractionMethods - Test 52-week data extraction methods
2025-09-29 22:36:51.137 [TestNG-test=Firefox Browser Tests-1] INFO  com.nse.stock.listeners.ScreenshotListener - Test started: test52WeekExtractionMethods on browser: edge in thread: TestNG-test=Firefox Browser Tests-1
2025-09-29 22:36:51.137 [TestNG-test=Firefox Browser Tests-1] WARN  com.nse.stock.listeners.ExtentReportListener - Test skipped: test52WeekExtractionMethods - WebDriver setup failed
]]></system-out>
  </testcase>
  <testcase name="test52WeekExtractionMethods" classname="com.nse.stock.tests.Stock52WeekHighLowTest" time="0">
    <skipped message="WebDriver setup failed"/>
    <system-out><![CDATA[2025-09-29 22:36:56.410 [TestNG-test=Edge Browser Tests-1] INFO  com.nse.stock.listeners.ExtentReportListener - Test started: test52WeekExtractionMethods - Test 52-week data extraction methods
2025-09-29 22:36:56.410 [TestNG-test=Edge Browser Tests-1] INFO  com.nse.stock.listeners.ScreenshotListener - Test started: test52WeekExtractionMethods on browser: edge in thread: TestNG-test=Edge Browser Tests-1
2025-09-29 22:36:56.426 [TestNG-test=Edge Browser Tests-1] WARN  com.nse.stock.listeners.ExtentReportListener - Test skipped: test52WeekExtractionMethods - WebDriver setup failed
]]></system-out>
  </testcase>
  <testcase name="tearDownClass" classname="com.nse.stock.tests.Stock52WeekHighLowTest" time="0">
    <skipped/>
  </testcase>
  <testcase name="tearDownClass" classname="com.nse.stock.tests.Stock52WeekHighLowTest" time="0">
    <skipped/>
  </testcase>
  <testcase name="tearDownClass" classname="com.nse.stock.tests.Stock52WeekHighLowTest" time="0">
    <skipped/>
  </testcase>
  <testcase name="setUp[edge](0)" classname="com.nse.stock.tests.StockInformationTest" time="1.44">
    <failure message="WebDriver setup failed" type="java.lang.RuntimeException"><![CDATA[java.lang.RuntimeException: WebDriver setup failed
	at com.nse.stock.base.BaseTest.setUp(BaseTest.java:59)
	at sun.reflect.NativeMethodAccessorImpl.invoke0(Native Method)
	at sun.reflect.NativeMethodAccessorImpl.invoke(NativeMethodAccessorImpl.java:62)
	at sun.reflect.DelegatingMethodAccessorImpl.invoke(DelegatingMethodAccessorImpl.java:43)
	at java.lang.reflect.Method.invoke(Method.java:498)
	at org.testng.internal.MethodInvocationHelper.invokeMethod(MethodInvocationHelper.java:133)
	at org.testng.internal.MethodInvocationHelper.invokeMethodConsideringTimeout(MethodInvocationHelper.java:62)
	at org.testng.internal.ConfigInvoker.invokeConfigurationMethod(ConfigInvoker.java:385)
	at org.testng.internal.ConfigInvoker.invokeConfigurations(ConfigInvoker.java:321)
	at org.testng.internal.TestInvoker.runConfigMethods(TestInvoker.java:700)
	at org.testng.internal.TestInvoker.invokeMethod(TestInvoker.java:527)
	at org.testng.internal.TestInvoker.invokeTestMethod(TestInvoker.java:173)
	at org.testng.internal.MethodRunner.runInSequence(MethodRunner.java:46)
	at org.testng.internal.TestInvoker$MethodInvocationAgent.invoke(TestInvoker.java:824)
	at org.testng.internal.TestInvoker.invokeTestMethods(TestInvoker.java:146)
	at org.testng.internal.TestMethodWorker.invokeTestMethods(TestMethodWorker.java:146)
	at org.testng.internal.TestMethodWorker.run(TestMethodWorker.java:128)
	at java.util.concurrent.ThreadPoolExecutor.runWorker(ThreadPoolExecutor.java:1142)
	at java.util.concurrent.ThreadPoolExecutor$Worker.run(ThreadPoolExecutor.java:617)
	at java.lang.Thread.run(Thread.java:745)
Caused by: java.lang.RuntimeException: Edge driver setup failed: The path to the driver executable must be set by the webdriver.edge.driver system property; for more information, see https://github.com/SeleniumHQ/selenium/wiki/MicrosoftWebDriver. The latest version can be downloaded from http://go.microsoft.com/fwlink/?LinkId=619687
	at com.nse.stock.utils.DriverManager.createEdgeDriverWithFallback(DriverManager.java:188)
	at com.nse.stock.utils.DriverManager.createDriver(DriverManager.java:65)
	at com.nse.stock.utils.DriverManager.getDriver(DriverManager.java:32)
	at com.nse.stock.base.BaseTest.setUp(BaseTest.java:42)
	... 19 more
Caused by: java.lang.IllegalStateException: The path to the driver executable must be set by the webdriver.edge.driver system property; for more information, see https://github.com/SeleniumHQ/selenium/wiki/MicrosoftWebDriver. The latest version can be downloaded from http://go.microsoft.com/fwlink/?LinkId=619687
	at com.google.common.base.Preconditions.checkState(Preconditions.java:847)
	at org.openqa.selenium.remote.service.DriverService.findExecutable(DriverService.java:134)
	at org.openqa.selenium.edge.EdgeDriverService.access$000(EdgeDriverService.java:37)
	at org.openqa.selenium.edge.EdgeDriverService$Builder.findDefaultExecutable(EdgeDriverService.java:90)
	at org.openqa.selenium.remote.service.DriverService$Builder.build(DriverService.java:355)
	at org.openqa.selenium.edge.EdgeDriverService.createDefaultService(EdgeDriverService.java:70)
	at org.openqa.selenium.edge.EdgeDriver.<init>(EdgeDriver.java:130)
	at com.nse.stock.utils.DriverManager.createEdgeDriverWithFallback(DriverManager.java:185)
	... 22 more
]]></failure>
    <system-out><![CDATA[2025-09-29 22:36:40.904 [TestNG-test=Chrome Browser Tests-1] INFO  com.nse.stock.base.BaseTest - Setting up test class with browser: edge
2025-09-29 22:36:40.906 [TestNG-test=Chrome Browser Tests-1] INFO  com.nse.stock.base.BaseTest - Starting test setup for browser: edge
2025-09-29 22:36:40.906 [TestNG-test=Chrome Browser Tests-1] INFO  com.nse.stock.utils.DriverManager - Creating WebDriver for browser: edge
2025-09-29 22:36:40.906 [TestNG-test=Chrome Browser Tests-1] INFO  com.nse.stock.utils.DriverManager - ? Starting Edge WebDriver setup with enhanced fallback mechanism...
2025-09-29 22:36:40.910 [TestNG-test=Chrome Browser Tests-1] INFO  com.nse.stock.utils.DriverManager - Method 1: Attempting WebDriverManager setup with timeout...
2025-09-29 22:36:42.344 [TestNG-test=Chrome Browser Tests-1] WARN  com.nse.stock.utils.DriverManager - ? WebDriverManager failed: io.github.bonigarcia.wdm.config.WebDriverManagerException: java.net.UnknownHostException: msedgedriver.azureedge.net. Trying fallback methods...
2025-09-29 22:36:42.350 [TestNG-test=Chrome Browser Tests-1] INFO  com.nse.stock.utils.DriverManager - Method 2: Searching for local EdgeDriver installation...
2025-09-29 22:36:42.350 [TestNG-test=Chrome Browser Tests-1] WARN  com.nse.stock.utils.DriverManager - ? No local EdgeDriver found in standard locations
2025-09-29 22:36:42.350 [TestNG-test=Chrome Browser Tests-1] WARN  com.nse.stock.utils.DriverManager - ? No local EdgeDriver found. Proceeding with system PATH...
2025-09-29 22:36:42.350 [TestNG-test=Chrome Browser Tests-1] INFO  com.nse.stock.utils.DriverManager - Creating Edge WebDriver with basic options...
2025-09-29 22:36:42.359 [TestNG-test=Chrome Browser Tests-1] ERROR com.nse.stock.utils.DriverManager - Failed to create Edge driver: The path to the driver executable must be set by the webdriver.edge.driver system property; for more information, see https://github.com/SeleniumHQ/selenium/wiki/MicrosoftWebDriver. The latest version can be downloaded from http://go.microsoft.com/fwlink/?LinkId=619687
2025-09-29 22:36:42.359 [TestNG-test=Chrome Browser Tests-1] ERROR com.nse.stock.base.BaseTest - Failed to setup WebDriver: Edge driver setup failed: The path to the driver executable must be set by the webdriver.edge.driver system property; for more information, see https://github.com/SeleniumHQ/selenium/wiki/MicrosoftWebDriver. The latest version can be downloaded from http://go.microsoft.com/fwlink/?LinkId=619687
java.lang.RuntimeException: Edge driver setup failed: The path to the driver executable must be set by the webdriver.edge.driver system property; for more information, see https://github.com/SeleniumHQ/selenium/wiki/MicrosoftWebDriver. The latest version can be downloaded from http://go.microsoft.com/fwlink/?LinkId=619687
	at com.nse.stock.utils.DriverManager.createEdgeDriverWithFallback(DriverManager.java:188) ~[classes/:?]
	at com.nse.stock.utils.DriverManager.createDriver(DriverManager.java:65) ~[classes/:?]
	at com.nse.stock.utils.DriverManager.getDriver(DriverManager.java:32) ~[classes/:?]
	at com.nse.stock.base.BaseTest.setUp(BaseTest.java:42) ~[classes/:?]
	at sun.reflect.NativeMethodAccessorImpl.invoke0(Native Method) ~[?:1.8.0_91]
	at sun.reflect.NativeMethodAccessorImpl.invoke(NativeMethodAccessorImpl.java:62) ~[?:1.8.0_91]
	at sun.reflect.DelegatingMethodAccessorImpl.invoke(DelegatingMethodAccessorImpl.java:43) ~[?:1.8.0_91]
	at java.lang.reflect.Method.invoke(Method.java:498) ~[?:1.8.0_91]
	at org.testng.internal.MethodInvocationHelper.invokeMethod(MethodInvocationHelper.java:133) ~[testng-7.4.0.jar:7.4.0]
	at org.testng.internal.MethodInvocationHelper.invokeMethodConsideringTimeout(MethodInvocationHelper.java:62) ~[testng-7.4.0.jar:7.4.0]
	at org.testng.internal.ConfigInvoker.invokeConfigurationMethod(ConfigInvoker.java:385) ~[testng-7.4.0.jar:7.4.0]
	at org.testng.internal.ConfigInvoker.invokeConfigurations(ConfigInvoker.java:321) ~[testng-7.4.0.jar:7.4.0]
	at org.testng.internal.TestInvoker.runConfigMethods(TestInvoker.java:700) ~[testng-7.4.0.jar:7.4.0]
	at org.testng.internal.TestInvoker.invokeMethod(TestInvoker.java:527) ~[testng-7.4.0.jar:7.4.0]
	at org.testng.internal.TestInvoker.invokeTestMethod(TestInvoker.java:173) ~[testng-7.4.0.jar:7.4.0]
	at org.testng.internal.MethodRunner.runInSequence(MethodRunner.java:46) ~[testng-7.4.0.jar:7.4.0]
	at org.testng.internal.TestInvoker$MethodInvocationAgent.invoke(TestInvoker.java:824) ~[testng-7.4.0.jar:7.4.0]
	at org.testng.internal.TestInvoker.invokeTestMethods(TestInvoker.java:146) ~[testng-7.4.0.jar:7.4.0]
	at org.testng.internal.TestMethodWorker.invokeTestMethods(TestMethodWorker.java:146) ~[testng-7.4.0.jar:7.4.0]
	at org.testng.internal.TestMethodWorker.run(TestMethodWorker.java:128) ~[testng-7.4.0.jar:7.4.0]
	at java.util.concurrent.ThreadPoolExecutor.runWorker(ThreadPoolExecutor.java:1142) ~[?:1.8.0_91]
	at java.util.concurrent.ThreadPoolExecutor$Worker.run(ThreadPoolExecutor.java:617) ~[?:1.8.0_91]
	at java.lang.Thread.run(Thread.java:745) ~[?:1.8.0_91]
Caused by: java.lang.IllegalStateException: The path to the driver executable must be set by the webdriver.edge.driver system property; for more information, see https://github.com/SeleniumHQ/selenium/wiki/MicrosoftWebDriver. The latest version can be downloaded from http://go.microsoft.com/fwlink/?LinkId=619687
	at com.google.common.base.Preconditions.checkState(Preconditions.java:847) ~[guava-25.0-jre.jar:?]
	at org.openqa.selenium.remote.service.DriverService.findExecutable(DriverService.java:134) ~[selenium-remote-driver-3.141.59.jar:?]
	at org.openqa.selenium.edge.EdgeDriverService.access$000(EdgeDriverService.java:37) ~[selenium-edge-driver-3.141.59.jar:?]
	at org.openqa.selenium.edge.EdgeDriverService$Builder.findDefaultExecutable(EdgeDriverService.java:90) ~[selenium-edge-driver-3.141.59.jar:?]
	at org.openqa.selenium.remote.service.DriverService$Builder.build(DriverService.java:355) ~[selenium-remote-driver-3.141.59.jar:?]
	at org.openqa.selenium.edge.EdgeDriverService.createDefaultService(EdgeDriverService.java:70) ~[selenium-edge-driver-3.141.59.jar:?]
	at org.openqa.selenium.edge.EdgeDriver.<init>(EdgeDriver.java:130) ~[selenium-edge-driver-3.141.59.jar:?]
	at com.nse.stock.utils.DriverManager.createEdgeDriverWithFallback(DriverManager.java:185) ~[classes/:?]
	... 22 more
]]></system-out>
  </testcase>
  <testcase name="setUp[edge](0)" classname="com.nse.stock.tests.StockInformationTest" time="2.042">
    <failure message="WebDriver setup failed" type="java.lang.RuntimeException"><![CDATA[java.lang.RuntimeException: WebDriver setup failed
	at com.nse.stock.base.BaseTest.setUp(BaseTest.java:59)
	at sun.reflect.NativeMethodAccessorImpl.invoke0(Native Method)
	at sun.reflect.NativeMethodAccessorImpl.invoke(NativeMethodAccessorImpl.java:62)
	at sun.reflect.DelegatingMethodAccessorImpl.invoke(DelegatingMethodAccessorImpl.java:43)
	at java.lang.reflect.Method.invoke(Method.java:498)
	at org.testng.internal.MethodInvocationHelper.invokeMethod(MethodInvocationHelper.java:133)
	at org.testng.internal.MethodInvocationHelper.invokeMethodConsideringTimeout(MethodInvocationHelper.java:62)
	at org.testng.internal.ConfigInvoker.invokeConfigurationMethod(ConfigInvoker.java:385)
	at org.testng.internal.ConfigInvoker.invokeConfigurations(ConfigInvoker.java:321)
	at org.testng.internal.TestInvoker.runConfigMethods(TestInvoker.java:700)
	at org.testng.internal.TestInvoker.invokeMethod(TestInvoker.java:527)
	at org.testng.internal.TestInvoker.invokeTestMethod(TestInvoker.java:173)
	at org.testng.internal.MethodRunner.runInSequence(MethodRunner.java:46)
	at org.testng.internal.TestInvoker$MethodInvocationAgent.invoke(TestInvoker.java:824)
	at org.testng.internal.TestInvoker.invokeTestMethods(TestInvoker.java:146)
	at org.testng.internal.TestMethodWorker.invokeTestMethods(TestMethodWorker.java:146)
	at org.testng.internal.TestMethodWorker.run(TestMethodWorker.java:128)
	at java.util.concurrent.ThreadPoolExecutor.runWorker(ThreadPoolExecutor.java:1142)
	at java.util.concurrent.ThreadPoolExecutor$Worker.run(ThreadPoolExecutor.java:617)
	at java.lang.Thread.run(Thread.java:745)
Caused by: java.lang.RuntimeException: Edge driver setup failed: The path to the driver executable must be set by the webdriver.edge.driver system property; for more information, see https://github.com/SeleniumHQ/selenium/wiki/MicrosoftWebDriver. The latest version can be downloaded from http://go.microsoft.com/fwlink/?LinkId=619687
	at com.nse.stock.utils.DriverManager.createEdgeDriverWithFallback(DriverManager.java:188)
	at com.nse.stock.utils.DriverManager.createDriver(DriverManager.java:65)
	at com.nse.stock.utils.DriverManager.getDriver(DriverManager.java:32)
	at com.nse.stock.base.BaseTest.setUp(BaseTest.java:42)
	... 19 more
Caused by: java.lang.IllegalStateException: The path to the driver executable must be set by the webdriver.edge.driver system property; for more information, see https://github.com/SeleniumHQ/selenium/wiki/MicrosoftWebDriver. The latest version can be downloaded from http://go.microsoft.com/fwlink/?LinkId=619687
	at com.google.common.base.Preconditions.checkState(Preconditions.java:847)
	at org.openqa.selenium.remote.service.DriverService.findExecutable(DriverService.java:134)
	at org.openqa.selenium.edge.EdgeDriverService.access$000(EdgeDriverService.java:37)
	at org.openqa.selenium.edge.EdgeDriverService$Builder.findDefaultExecutable(EdgeDriverService.java:90)
	at org.openqa.selenium.remote.service.DriverService$Builder.build(DriverService.java:355)
	at org.openqa.selenium.edge.EdgeDriverService.createDefaultService(EdgeDriverService.java:70)
	at org.openqa.selenium.edge.EdgeDriver.<init>(EdgeDriver.java:130)
	at com.nse.stock.utils.DriverManager.createEdgeDriverWithFallback(DriverManager.java:185)
	... 22 more
]]></failure>
    <system-out><![CDATA[2025-09-29 22:36:47.063 [TestNG-test=Firefox Browser Tests-1] INFO  com.nse.stock.base.BaseTest - Setting up test class with browser: edge
2025-09-29 22:36:47.071 [TestNG-test=Firefox Browser Tests-1] INFO  com.nse.stock.base.BaseTest - Starting test setup for browser: edge
2025-09-29 22:36:47.071 [TestNG-test=Firefox Browser Tests-1] INFO  com.nse.stock.utils.DriverManager - Creating WebDriver for browser: edge
2025-09-29 22:36:47.071 [TestNG-test=Firefox Browser Tests-1] INFO  com.nse.stock.utils.DriverManager - ? Starting Edge WebDriver setup with enhanced fallback mechanism...
2025-09-29 22:36:47.071 [TestNG-test=Firefox Browser Tests-1] INFO  com.nse.stock.utils.DriverManager - Method 1: Attempting WebDriverManager setup with timeout...
2025-09-29 22:36:49.070 [TestNG-test=Firefox Browser Tests-1] WARN  com.nse.stock.utils.DriverManager - ? WebDriverManager failed: io.github.bonigarcia.wdm.config.WebDriverManagerException: java.net.UnknownHostException: msedgedriver.azureedge.net. Trying fallback methods...
2025-09-29 22:36:49.070 [TestNG-test=Firefox Browser Tests-1] INFO  com.nse.stock.utils.DriverManager - Method 2: Searching for local EdgeDriver installation...
2025-09-29 22:36:49.070 [TestNG-test=Firefox Browser Tests-1] WARN  com.nse.stock.utils.DriverManager - ? No local EdgeDriver found in standard locations
2025-09-29 22:36:49.070 [TestNG-test=Firefox Browser Tests-1] WARN  com.nse.stock.utils.DriverManager - ? No local EdgeDriver found. Proceeding with system PATH...
2025-09-29 22:36:49.070 [TestNG-test=Firefox Browser Tests-1] INFO  com.nse.stock.utils.DriverManager - Creating Edge WebDriver with basic options...
2025-09-29 22:36:49.094 [TestNG-test=Firefox Browser Tests-1] ERROR com.nse.stock.utils.DriverManager - Failed to create Edge driver: The path to the driver executable must be set by the webdriver.edge.driver system property; for more information, see https://github.com/SeleniumHQ/selenium/wiki/MicrosoftWebDriver. The latest version can be downloaded from http://go.microsoft.com/fwlink/?LinkId=619687
2025-09-29 22:36:49.099 [TestNG-test=Firefox Browser Tests-1] ERROR com.nse.stock.base.BaseTest - Failed to setup WebDriver: Edge driver setup failed: The path to the driver executable must be set by the webdriver.edge.driver system property; for more information, see https://github.com/SeleniumHQ/selenium/wiki/MicrosoftWebDriver. The latest version can be downloaded from http://go.microsoft.com/fwlink/?LinkId=619687
java.lang.RuntimeException: Edge driver setup failed: The path to the driver executable must be set by the webdriver.edge.driver system property; for more information, see https://github.com/SeleniumHQ/selenium/wiki/MicrosoftWebDriver. The latest version can be downloaded from http://go.microsoft.com/fwlink/?LinkId=619687
	at com.nse.stock.utils.DriverManager.createEdgeDriverWithFallback(DriverManager.java:188) ~[classes/:?]
	at com.nse.stock.utils.DriverManager.createDriver(DriverManager.java:65) ~[classes/:?]
	at com.nse.stock.utils.DriverManager.getDriver(DriverManager.java:32) ~[classes/:?]
	at com.nse.stock.base.BaseTest.setUp(BaseTest.java:42) ~[classes/:?]
	at sun.reflect.NativeMethodAccessorImpl.invoke0(Native Method) ~[?:1.8.0_91]
	at sun.reflect.NativeMethodAccessorImpl.invoke(NativeMethodAccessorImpl.java:62) ~[?:1.8.0_91]
	at sun.reflect.DelegatingMethodAccessorImpl.invoke(DelegatingMethodAccessorImpl.java:43) ~[?:1.8.0_91]
	at java.lang.reflect.Method.invoke(Method.java:498) ~[?:1.8.0_91]
	at org.testng.internal.MethodInvocationHelper.invokeMethod(MethodInvocationHelper.java:133) ~[testng-7.4.0.jar:7.4.0]
	at org.testng.internal.MethodInvocationHelper.invokeMethodConsideringTimeout(MethodInvocationHelper.java:62) ~[testng-7.4.0.jar:7.4.0]
	at org.testng.internal.ConfigInvoker.invokeConfigurationMethod(ConfigInvoker.java:385) ~[testng-7.4.0.jar:7.4.0]
	at org.testng.internal.ConfigInvoker.invokeConfigurations(ConfigInvoker.java:321) ~[testng-7.4.0.jar:7.4.0]
	at org.testng.internal.TestInvoker.runConfigMethods(TestInvoker.java:700) ~[testng-7.4.0.jar:7.4.0]
	at org.testng.internal.TestInvoker.invokeMethod(TestInvoker.java:527) ~[testng-7.4.0.jar:7.4.0]
	at org.testng.internal.TestInvoker.invokeTestMethod(TestInvoker.java:173) ~[testng-7.4.0.jar:7.4.0]
	at org.testng.internal.MethodRunner.runInSequence(MethodRunner.java:46) ~[testng-7.4.0.jar:7.4.0]
	at org.testng.internal.TestInvoker$MethodInvocationAgent.invoke(TestInvoker.java:824) ~[testng-7.4.0.jar:7.4.0]
	at org.testng.internal.TestInvoker.invokeTestMethods(TestInvoker.java:146) ~[testng-7.4.0.jar:7.4.0]
	at org.testng.internal.TestMethodWorker.invokeTestMethods(TestMethodWorker.java:146) ~[testng-7.4.0.jar:7.4.0]
	at org.testng.internal.TestMethodWorker.run(TestMethodWorker.java:128) ~[testng-7.4.0.jar:7.4.0]
	at java.util.concurrent.ThreadPoolExecutor.runWorker(ThreadPoolExecutor.java:1142) ~[?:1.8.0_91]
	at java.util.concurrent.ThreadPoolExecutor$Worker.run(ThreadPoolExecutor.java:617) ~[?:1.8.0_91]
	at java.lang.Thread.run(Thread.java:745) ~[?:1.8.0_91]
Caused by: java.lang.IllegalStateException: The path to the driver executable must be set by the webdriver.edge.driver system property; for more information, see https://github.com/SeleniumHQ/selenium/wiki/MicrosoftWebDriver. The latest version can be downloaded from http://go.microsoft.com/fwlink/?LinkId=619687
	at com.google.common.base.Preconditions.checkState(Preconditions.java:847) ~[guava-25.0-jre.jar:?]
	at org.openqa.selenium.remote.service.DriverService.findExecutable(DriverService.java:134) ~[selenium-remote-driver-3.141.59.jar:?]
	at org.openqa.selenium.edge.EdgeDriverService.access$000(EdgeDriverService.java:37) ~[selenium-edge-driver-3.141.59.jar:?]
	at org.openqa.selenium.edge.EdgeDriverService$Builder.findDefaultExecutable(EdgeDriverService.java:90) ~[selenium-edge-driver-3.141.59.jar:?]
	at org.openqa.selenium.remote.service.DriverService$Builder.build(DriverService.java:355) ~[selenium-remote-driver-3.141.59.jar:?]
	at org.openqa.selenium.edge.EdgeDriverService.createDefaultService(EdgeDriverService.java:70) ~[selenium-edge-driver-3.141.59.jar:?]
	at org.openqa.selenium.edge.EdgeDriver.<init>(EdgeDriver.java:130) ~[selenium-edge-driver-3.141.59.jar:?]
	at com.nse.stock.utils.DriverManager.createEdgeDriverWithFallback(DriverManager.java:185) ~[classes/:?]
	... 22 more
]]></system-out>
  </testcase>
  <testcase name="setUp[edge](0)" classname="com.nse.stock.tests.StockInformationTest" time="1.289">
    <failure message="WebDriver setup failed" type="java.lang.RuntimeException"><![CDATA[java.lang.RuntimeException: WebDriver setup failed
	at com.nse.stock.base.BaseTest.setUp(BaseTest.java:59)
	at sun.reflect.NativeMethodAccessorImpl.invoke0(Native Method)
	at sun.reflect.NativeMethodAccessorImpl.invoke(NativeMethodAccessorImpl.java:62)
	at sun.reflect.DelegatingMethodAccessorImpl.invoke(DelegatingMethodAccessorImpl.java:43)
	at java.lang.reflect.Method.invoke(Method.java:498)
	at org.testng.internal.MethodInvocationHelper.invokeMethod(MethodInvocationHelper.java:133)
	at org.testng.internal.MethodInvocationHelper.invokeMethodConsideringTimeout(MethodInvocationHelper.java:62)
	at org.testng.internal.ConfigInvoker.invokeConfigurationMethod(ConfigInvoker.java:385)
	at org.testng.internal.ConfigInvoker.invokeConfigurations(ConfigInvoker.java:321)
	at org.testng.internal.TestInvoker.runConfigMethods(TestInvoker.java:700)
	at org.testng.internal.TestInvoker.invokeMethod(TestInvoker.java:527)
	at org.testng.internal.TestInvoker.invokeTestMethod(TestInvoker.java:173)
	at org.testng.internal.MethodRunner.runInSequence(MethodRunner.java:46)
	at org.testng.internal.TestInvoker$MethodInvocationAgent.invoke(TestInvoker.java:824)
	at org.testng.internal.TestInvoker.invokeTestMethods(TestInvoker.java:146)
	at org.testng.internal.TestMethodWorker.invokeTestMethods(TestMethodWorker.java:146)
	at org.testng.internal.TestMethodWorker.run(TestMethodWorker.java:128)
	at java.util.concurrent.ThreadPoolExecutor.runWorker(ThreadPoolExecutor.java:1142)
	at java.util.concurrent.ThreadPoolExecutor$Worker.run(ThreadPoolExecutor.java:617)
	at java.lang.Thread.run(Thread.java:745)
Caused by: java.lang.RuntimeException: Edge driver setup failed: The path to the driver executable must be set by the webdriver.edge.driver system property; for more information, see https://github.com/SeleniumHQ/selenium/wiki/MicrosoftWebDriver. The latest version can be downloaded from http://go.microsoft.com/fwlink/?LinkId=619687
	at com.nse.stock.utils.DriverManager.createEdgeDriverWithFallback(DriverManager.java:188)
	at com.nse.stock.utils.DriverManager.createDriver(DriverManager.java:65)
	at com.nse.stock.utils.DriverManager.getDriver(DriverManager.java:32)
	at com.nse.stock.base.BaseTest.setUp(BaseTest.java:42)
	... 19 more
Caused by: java.lang.IllegalStateException: The path to the driver executable must be set by the webdriver.edge.driver system property; for more information, see https://github.com/SeleniumHQ/selenium/wiki/MicrosoftWebDriver. The latest version can be downloaded from http://go.microsoft.com/fwlink/?LinkId=619687
	at com.google.common.base.Preconditions.checkState(Preconditions.java:847)
	at org.openqa.selenium.remote.service.DriverService.findExecutable(DriverService.java:134)
	at org.openqa.selenium.edge.EdgeDriverService.access$000(EdgeDriverService.java:37)
	at org.openqa.selenium.edge.EdgeDriverService$Builder.findDefaultExecutable(EdgeDriverService.java:90)
	at org.openqa.selenium.remote.service.DriverService$Builder.build(DriverService.java:355)
	at org.openqa.selenium.edge.EdgeDriverService.createDefaultService(EdgeDriverService.java:70)
	at org.openqa.selenium.edge.EdgeDriver.<init>(EdgeDriver.java:130)
	at com.nse.stock.utils.DriverManager.createEdgeDriverWithFallback(DriverManager.java:185)
	... 22 more
]]></failure>
    <system-out><![CDATA[2025-09-29 22:36:53.485 [TestNG-test=Edge Browser Tests-1] INFO  com.nse.stock.base.BaseTest - Setting up test class with browser: edge
2025-09-29 22:36:53.498 [TestNG-test=Edge Browser Tests-1] INFO  com.nse.stock.base.BaseTest - Starting test setup for browser: edge
2025-09-29 22:36:53.498 [TestNG-test=Edge Browser Tests-1] INFO  com.nse.stock.utils.DriverManager - Creating WebDriver for browser: edge
2025-09-29 22:36:53.498 [TestNG-test=Edge Browser Tests-1] INFO  com.nse.stock.utils.DriverManager - ? Starting Edge WebDriver setup with enhanced fallback mechanism...
2025-09-29 22:36:53.498 [TestNG-test=Edge Browser Tests-1] INFO  com.nse.stock.utils.DriverManager - Method 1: Attempting WebDriverManager setup with timeout...
2025-09-29 22:36:54.797 [TestNG-test=Edge Browser Tests-1] WARN  com.nse.stock.utils.DriverManager - ? WebDriverManager failed: io.github.bonigarcia.wdm.config.WebDriverManagerException: java.net.UnknownHostException: msedgedriver.azureedge.net. Trying fallback methods...
2025-09-29 22:36:54.797 [TestNG-test=Edge Browser Tests-1] INFO  com.nse.stock.utils.DriverManager - Method 2: Searching for local EdgeDriver installation...
2025-09-29 22:36:54.797 [TestNG-test=Edge Browser Tests-1] WARN  com.nse.stock.utils.DriverManager - ? No local EdgeDriver found in standard locations
2025-09-29 22:36:54.797 [TestNG-test=Edge Browser Tests-1] WARN  com.nse.stock.utils.DriverManager - ? No local EdgeDriver found. Proceeding with system PATH...
2025-09-29 22:36:54.797 [TestNG-test=Edge Browser Tests-1] INFO  com.nse.stock.utils.DriverManager - Creating Edge WebDriver with basic options...
2025-09-29 22:36:54.805 [TestNG-test=Edge Browser Tests-1] ERROR com.nse.stock.utils.DriverManager - Failed to create Edge driver: The path to the driver executable must be set by the webdriver.edge.driver system property; for more information, see https://github.com/SeleniumHQ/selenium/wiki/MicrosoftWebDriver. The latest version can be downloaded from http://go.microsoft.com/fwlink/?LinkId=619687
2025-09-29 22:36:54.805 [TestNG-test=Edge Browser Tests-1] ERROR com.nse.stock.base.BaseTest - Failed to setup WebDriver: Edge driver setup failed: The path to the driver executable must be set by the webdriver.edge.driver system property; for more information, see https://github.com/SeleniumHQ/selenium/wiki/MicrosoftWebDriver. The latest version can be downloaded from http://go.microsoft.com/fwlink/?LinkId=619687
java.lang.RuntimeException: Edge driver setup failed: The path to the driver executable must be set by the webdriver.edge.driver system property; for more information, see https://github.com/SeleniumHQ/selenium/wiki/MicrosoftWebDriver. The latest version can be downloaded from http://go.microsoft.com/fwlink/?LinkId=619687
	at com.nse.stock.utils.DriverManager.createEdgeDriverWithFallback(DriverManager.java:188) ~[classes/:?]
	at com.nse.stock.utils.DriverManager.createDriver(DriverManager.java:65) ~[classes/:?]
	at com.nse.stock.utils.DriverManager.getDriver(DriverManager.java:32) ~[classes/:?]
	at com.nse.stock.base.BaseTest.setUp(BaseTest.java:42) ~[classes/:?]
	at sun.reflect.NativeMethodAccessorImpl.invoke0(Native Method) ~[?:1.8.0_91]
	at sun.reflect.NativeMethodAccessorImpl.invoke(NativeMethodAccessorImpl.java:62) ~[?:1.8.0_91]
	at sun.reflect.DelegatingMethodAccessorImpl.invoke(DelegatingMethodAccessorImpl.java:43) ~[?:1.8.0_91]
	at java.lang.reflect.Method.invoke(Method.java:498) ~[?:1.8.0_91]
	at org.testng.internal.MethodInvocationHelper.invokeMethod(MethodInvocationHelper.java:133) ~[testng-7.4.0.jar:7.4.0]
	at org.testng.internal.MethodInvocationHelper.invokeMethodConsideringTimeout(MethodInvocationHelper.java:62) ~[testng-7.4.0.jar:7.4.0]
	at org.testng.internal.ConfigInvoker.invokeConfigurationMethod(ConfigInvoker.java:385) ~[testng-7.4.0.jar:7.4.0]
	at org.testng.internal.ConfigInvoker.invokeConfigurations(ConfigInvoker.java:321) ~[testng-7.4.0.jar:7.4.0]
	at org.testng.internal.TestInvoker.runConfigMethods(TestInvoker.java:700) ~[testng-7.4.0.jar:7.4.0]
	at org.testng.internal.TestInvoker.invokeMethod(TestInvoker.java:527) ~[testng-7.4.0.jar:7.4.0]
	at org.testng.internal.TestInvoker.invokeTestMethod(TestInvoker.java:173) ~[testng-7.4.0.jar:7.4.0]
	at org.testng.internal.MethodRunner.runInSequence(MethodRunner.java:46) ~[testng-7.4.0.jar:7.4.0]
	at org.testng.internal.TestInvoker$MethodInvocationAgent.invoke(TestInvoker.java:824) ~[testng-7.4.0.jar:7.4.0]
	at org.testng.internal.TestInvoker.invokeTestMethods(TestInvoker.java:146) ~[testng-7.4.0.jar:7.4.0]
	at org.testng.internal.TestMethodWorker.invokeTestMethods(TestMethodWorker.java:146) ~[testng-7.4.0.jar:7.4.0]
	at org.testng.internal.TestMethodWorker.run(TestMethodWorker.java:128) ~[testng-7.4.0.jar:7.4.0]
	at java.util.concurrent.ThreadPoolExecutor.runWorker(ThreadPoolExecutor.java:1142) ~[?:1.8.0_91]
	at java.util.concurrent.ThreadPoolExecutor$Worker.run(ThreadPoolExecutor.java:617) ~[?:1.8.0_91]
	at java.lang.Thread.run(Thread.java:745) ~[?:1.8.0_91]
Caused by: java.lang.IllegalStateException: The path to the driver executable must be set by the webdriver.edge.driver system property; for more information, see https://github.com/SeleniumHQ/selenium/wiki/MicrosoftWebDriver. The latest version can be downloaded from http://go.microsoft.com/fwlink/?LinkId=619687
	at com.google.common.base.Preconditions.checkState(Preconditions.java:847) ~[guava-25.0-jre.jar:?]
	at org.openqa.selenium.remote.service.DriverService.findExecutable(DriverService.java:134) ~[selenium-remote-driver-3.141.59.jar:?]
	at org.openqa.selenium.edge.EdgeDriverService.access$000(EdgeDriverService.java:37) ~[selenium-edge-driver-3.141.59.jar:?]
	at org.openqa.selenium.edge.EdgeDriverService$Builder.findDefaultExecutable(EdgeDriverService.java:90) ~[selenium-edge-driver-3.141.59.jar:?]
	at org.openqa.selenium.remote.service.DriverService$Builder.build(DriverService.java:355) ~[selenium-remote-driver-3.141.59.jar:?]
	at org.openqa.selenium.edge.EdgeDriverService.createDefaultService(EdgeDriverService.java:70) ~[selenium-edge-driver-3.141.59.jar:?]
	at org.openqa.selenium.edge.EdgeDriver.<init>(EdgeDriver.java:130) ~[selenium-edge-driver-3.141.59.jar:?]
	at com.nse.stock.utils.DriverManager.createEdgeDriverWithFallback(DriverManager.java:185) ~[classes/:?]
	... 22 more
]]></system-out>
  </testcase>
  <testcase name="testNSEWebsiteAccessibility" classname="com.nse.stock.tests.StockInformationTest" time="0">
    <skipped message="WebDriver setup failed"/>
    <system-out><![CDATA[2025-09-29 22:36:42.368 [TestNG-test=Chrome Browser Tests-1] INFO  com.nse.stock.listeners.ExtentReportListener - Test started: testNSEWebsiteAccessibility - Verify NSE website is accessible
2025-09-29 22:36:42.368 [TestNG-test=Chrome Browser Tests-1] INFO  com.nse.stock.listeners.ScreenshotListener - Test started: testNSEWebsiteAccessibility on browser: edge in thread: TestNG-test=Chrome Browser Tests-1
2025-09-29 22:36:42.368 [TestNG-test=Chrome Browser Tests-1] WARN  com.nse.stock.listeners.ExtentReportListener - Test skipped: testNSEWebsiteAccessibility - WebDriver setup failed
]]></system-out>
  </testcase>
  <testcase name="testNSEWebsiteAccessibility" classname="com.nse.stock.tests.StockInformationTest" time="0">
    <skipped message="WebDriver setup failed"/>
    <system-out><![CDATA[2025-09-29 22:36:49.104 [TestNG-test=Firefox Browser Tests-1] INFO  com.nse.stock.listeners.ExtentReportListener - Test started: testNSEWebsiteAccessibility - Verify NSE website is accessible
2025-09-29 22:36:49.104 [TestNG-test=Firefox Browser Tests-1] INFO  com.nse.stock.listeners.ScreenshotListener - Test started: testNSEWebsiteAccessibility on browser: edge in thread: TestNG-test=Firefox Browser Tests-1
2025-09-29 22:36:49.104 [TestNG-test=Firefox Browser Tests-1] WARN  com.nse.stock.listeners.ExtentReportListener - Test skipped: testNSEWebsiteAccessibility - WebDriver setup failed
]]></system-out>
  </testcase>
  <testcase name="testNSEWebsiteAccessibility" classname="com.nse.stock.tests.StockInformationTest" time="0">
    <skipped message="WebDriver setup failed"/>
    <system-out><![CDATA[2025-09-29 22:36:54.805 [TestNG-test=Edge Browser Tests-1] INFO  com.nse.stock.listeners.ExtentReportListener - Test started: testNSEWebsiteAccessibility - Verify NSE website is accessible
2025-09-29 22:36:54.805 [TestNG-test=Edge Browser Tests-1] INFO  com.nse.stock.listeners.ScreenshotListener - Test started: testNSEWebsiteAccessibility on browser: edge in thread: TestNG-test=Edge Browser Tests-1
2025-09-29 22:36:54.813 [TestNG-test=Edge Browser Tests-1] WARN  com.nse.stock.listeners.ExtentReportListener - Test skipped: testNSEWebsiteAccessibility - WebDriver setup failed
]]></system-out>
  </testcase>
  <testcase name="tearDown" classname="com.nse.stock.tests.StockInformationTest" time="0">
    <skipped/>
    <system-out><![CDATA[2025-09-29 22:36:42.377 [TestNG-test=Chrome Browser Tests-1] WARN  com.nse.stock.listeners.ScreenshotListener - WebDriver is null, cannot capture screenshot for test: testNSEWebsiteAccessibility
]]></system-out>
  </testcase>
  <testcase name="tearDown" classname="com.nse.stock.tests.StockInformationTest" time="0">
    <skipped/>
    <system-out><![CDATA[2025-09-29 22:36:43.522 [TestNG-test=Chrome Browser Tests-1] WARN  com.nse.stock.listeners.ScreenshotListener - WebDriver is null, cannot capture screenshot for test: testStockInformationDisplay
]]></system-out>
  </testcase>
  <testcase name="tearDown" classname="com.nse.stock.tests.StockInformationTest" time="0">
    <skipped/>
    <system-out><![CDATA[2025-09-29 22:36:43.576 [TestNG-test=Chrome Browser Tests-1] WARN  com.nse.stock.listeners.ScreenshotListener - WebDriver is null, cannot capture screenshot for test: testStockInformationDisplay
]]></system-out>
  </testcase>
  <testcase name="tearDown" classname="com.nse.stock.tests.StockInformationTest" time="0">
    <skipped/>
    <system-out><![CDATA[2025-09-29 22:36:43.586 [TestNG-test=Chrome Browser Tests-1] WARN  com.nse.stock.listeners.ScreenshotListener - WebDriver is null, cannot capture screenshot for test: testStockInformationDisplay
]]></system-out>
  </testcase>
  <testcase name="tearDown" classname="com.nse.stock.tests.StockInformationTest" time="0">
    <skipped/>
    <system-out><![CDATA[2025-09-29 22:36:43.688 [TestNG-test=Chrome Browser Tests-1] WARN  com.nse.stock.listeners.ScreenshotListener - WebDriver is null, cannot capture screenshot for test: testDefaultStockInformation
]]></system-out>
  </testcase>
  <testcase name="tearDown" classname="com.nse.stock.tests.StockInformationTest" time="0">
    <skipped/>
    <system-out><![CDATA[2025-09-29 22:36:43.730 [TestNG-test=Chrome Browser Tests-1] WARN  com.nse.stock.listeners.ScreenshotListener - WebDriver is null, cannot capture screenshot for test: testInvalidStockSearch
]]></system-out>
  </testcase>
  <testcase name="tearDown" classname="com.nse.stock.tests.StockInformationTest" time="0">
    <skipped/>
    <system-out><![CDATA[2025-09-29 22:36:43.784 [TestNG-test=Chrome Browser Tests-1] WARN  com.nse.stock.listeners.ScreenshotListener - WebDriver is null, cannot capture screenshot for test: testStockInformationCompleteness
]]></system-out>
  </testcase>
  <testcase name="tearDown" classname="com.nse.stock.tests.StockInformationTest" time="0">
    <skipped/>
    <system-out><![CDATA[2025-09-29 22:36:49.104 [TestNG-test=Firefox Browser Tests-1] WARN  com.nse.stock.listeners.ScreenshotListener - WebDriver is null, cannot capture screenshot for test: testNSEWebsiteAccessibility
]]></system-out>
  </testcase>
  <testcase name="tearDown" classname="com.nse.stock.tests.StockInformationTest" time="0">
    <skipped/>
    <system-out><![CDATA[2025-09-29 22:36:50.959 [TestNG-test=Firefox Browser Tests-1] WARN  com.nse.stock.listeners.ScreenshotListener - WebDriver is null, cannot capture screenshot for test: testStockInformationDisplay
]]></system-out>
  </testcase>
  <testcase name="tearDown" classname="com.nse.stock.tests.StockInformationTest" time="0">
    <skipped/>
    <system-out><![CDATA[2025-09-29 22:36:50.961 [TestNG-test=Firefox Browser Tests-1] WARN  com.nse.stock.listeners.ScreenshotListener - WebDriver is null, cannot capture screenshot for test: testStockInformationDisplay
]]></system-out>
  </testcase>
  <testcase name="tearDown" classname="com.nse.stock.tests.StockInformationTest" time="0">
    <skipped/>
    <system-out><![CDATA[2025-09-29 22:36:50.985 [TestNG-test=Firefox Browser Tests-1] WARN  com.nse.stock.listeners.ScreenshotListener - WebDriver is null, cannot capture screenshot for test: testStockInformationDisplay
]]></system-out>
  </testcase>
  <testcase name="tearDown" classname="com.nse.stock.tests.StockInformationTest" time="0">
    <skipped/>
    <system-out><![CDATA[2025-09-29 22:36:51.053 [TestNG-test=Firefox Browser Tests-1] WARN  com.nse.stock.listeners.ScreenshotListener - WebDriver is null, cannot capture screenshot for test: testDefaultStockInformation
]]></system-out>
  </testcase>
  <testcase name="tearDown" classname="com.nse.stock.tests.StockInformationTest" time="0">
    <skipped/>
    <system-out><![CDATA[2025-09-29 22:36:51.134 [TestNG-test=Firefox Browser Tests-1] WARN  com.nse.stock.listeners.ScreenshotListener - WebDriver is null, cannot capture screenshot for test: testInvalidStockSearch
]]></system-out>
  </testcase>
  <testcase name="tearDown" classname="com.nse.stock.tests.StockInformationTest" time="0">
    <skipped/>
    <system-out><![CDATA[2025-09-29 22:36:51.166 [TestNG-test=Firefox Browser Tests-1] WARN  com.nse.stock.listeners.ScreenshotListener - WebDriver is null, cannot capture screenshot for test: testStockInformationCompleteness
]]></system-out>
  </testcase>
  <testcase name="tearDown" classname="com.nse.stock.tests.StockInformationTest" time="0">
    <skipped/>
    <system-out><![CDATA[2025-09-29 22:36:54.813 [TestNG-test=Edge Browser Tests-1] WARN  com.nse.stock.listeners.ScreenshotListener - WebDriver is null, cannot capture screenshot for test: testNSEWebsiteAccessibility
]]></system-out>
  </testcase>
  <testcase name="tearDown" classname="com.nse.stock.tests.StockInformationTest" time="0">
    <skipped/>
    <system-out><![CDATA[2025-09-29 22:36:56.307 [TestNG-test=Edge Browser Tests-1] WARN  com.nse.stock.listeners.ScreenshotListener - WebDriver is null, cannot capture screenshot for test: testStockInformationDisplay
]]></system-out>
  </testcase>
  <testcase name="tearDown" classname="com.nse.stock.tests.StockInformationTest" time="0">
    <skipped/>
    <system-out><![CDATA[2025-09-29 22:36:56.315 [TestNG-test=Edge Browser Tests-1] WARN  com.nse.stock.listeners.ScreenshotListener - WebDriver is null, cannot capture screenshot for test: testStockInformationDisplay
]]></system-out>
  </testcase>
  <testcase name="tearDown" classname="com.nse.stock.tests.StockInformationTest" time="0">
    <skipped/>
    <system-out><![CDATA[2025-09-29 22:36:56.315 [TestNG-test=Edge Browser Tests-1] WARN  com.nse.stock.listeners.ScreenshotListener - WebDriver is null, cannot capture screenshot for test: testStockInformationDisplay
]]></system-out>
  </testcase>
  <testcase name="tearDown" classname="com.nse.stock.tests.StockInformationTest" time="0">
    <skipped/>
    <system-out><![CDATA[2025-09-29 22:36:56.381 [TestNG-test=Edge Browser Tests-1] WARN  com.nse.stock.listeners.ScreenshotListener - WebDriver is null, cannot capture screenshot for test: testDefaultStockInformation
]]></system-out>
  </testcase>
  <testcase name="tearDown" classname="com.nse.stock.tests.StockInformationTest" time="0">
    <skipped/>
    <system-out><![CDATA[2025-09-29 22:36:56.410 [TestNG-test=Edge Browser Tests-1] WARN  com.nse.stock.listeners.ScreenshotListener - WebDriver is null, cannot capture screenshot for test: testInvalidStockSearch
]]></system-out>
  </testcase>
  <testcase name="tearDown" classname="com.nse.stock.tests.StockInformationTest" time="0">
    <skipped/>
    <system-out><![CDATA[2025-09-29 22:36:56.445 [TestNG-test=Edge Browser Tests-1] WARN  com.nse.stock.listeners.ScreenshotListener - WebDriver is null, cannot capture screenshot for test: testStockInformationCompleteness
]]></system-out>
  </testcase>
  <testcase name="setUp" classname="com.nse.stock.tests.StockInformationTest" time="0">
    <skipped/>
  </testcase>
  <testcase name="setUp" classname="com.nse.stock.tests.StockInformationTest" time="0">
    <skipped/>
  </testcase>
  <testcase name="setUp" classname="com.nse.stock.tests.StockInformationTest" time="0">
    <skipped/>
  </testcase>
  <testcase name="setUp" classname="com.nse.stock.tests.StockInformationTest" time="0">
    <skipped/>
  </testcase>
  <testcase name="setUp" classname="com.nse.stock.tests.StockInformationTest" time="0">
    <skipped/>
  </testcase>
  <testcase name="setUp" classname="com.nse.stock.tests.StockInformationTest" time="0">
    <skipped/>
  </testcase>
  <testcase name="setUp" classname="com.nse.stock.tests.StockInformationTest" time="0">
    <skipped/>
  </testcase>
  <testcase name="setUp" classname="com.nse.stock.tests.StockInformationTest" time="0">
    <skipped/>
  </testcase>
  <testcase name="setUp" classname="com.nse.stock.tests.StockInformationTest" time="0">
    <skipped/>
  </testcase>
  <testcase name="setUp" classname="com.nse.stock.tests.StockInformationTest" time="0">
    <skipped/>
  </testcase>
  <testcase name="setUp" classname="com.nse.stock.tests.StockInformationTest" time="0">
    <skipped/>
  </testcase>
  <testcase name="setUp" classname="com.nse.stock.tests.StockInformationTest" time="0">
    <skipped/>
  </testcase>
  <testcase name="setUp" classname="com.nse.stock.tests.StockInformationTest" time="0">
    <skipped/>
  </testcase>
  <testcase name="setUp" classname="com.nse.stock.tests.StockInformationTest" time="0">
    <skipped/>
  </testcase>
  <testcase name="setUp" classname="com.nse.stock.tests.StockInformationTest" time="0">
    <skipped/>
  </testcase>
  <testcase name="setUp" classname="com.nse.stock.tests.StockInformationTest" time="0">
    <skipped/>
  </testcase>
  <testcase name="setUp" classname="com.nse.stock.tests.StockInformationTest" time="0">
    <skipped/>
  </testcase>
  <testcase name="setUp" classname="com.nse.stock.tests.StockInformationTest" time="0">
    <skipped/>
  </testcase>
  <testcase name="testStockInformationDisplay[TATAMOTORS](1)" classname="com.nse.stock.tests.StockInformationTest" time="0">
    <skipped message="WebDriver setup failed"/>
    <system-out><![CDATA[2025-09-29 22:36:43.517 [TestNG-test=Chrome Browser Tests-1] INFO  com.nse.stock.listeners.ExtentReportListener - Test started: testStockInformationDisplay - Verify stock information display for multiple stocks
2025-09-29 22:36:43.517 [TestNG-test=Chrome Browser Tests-1] INFO  com.nse.stock.listeners.ScreenshotListener - Test started: testStockInformationDisplay on browser: edge in thread: TestNG-test=Chrome Browser Tests-1
2025-09-29 22:36:43.522 [TestNG-test=Chrome Browser Tests-1] WARN  com.nse.stock.listeners.ExtentReportListener - Test skipped: testStockInformationDisplay - WebDriver setup failed
]]></system-out>
  </testcase>
  <testcase name="testStockInformationDisplay[TATAMOTORS](1)" classname="com.nse.stock.tests.StockInformationTest" time="0">
    <skipped message="WebDriver setup failed"/>
    <system-out><![CDATA[2025-09-29 22:36:50.943 [TestNG-test=Firefox Browser Tests-1] INFO  com.nse.stock.listeners.ExtentReportListener - Test started: testStockInformationDisplay - Verify stock information display for multiple stocks
2025-09-29 22:36:50.943 [TestNG-test=Firefox Browser Tests-1] INFO  com.nse.stock.listeners.ScreenshotListener - Test started: testStockInformationDisplay on browser: edge in thread: TestNG-test=Firefox Browser Tests-1
2025-09-29 22:36:50.954 [TestNG-test=Firefox Browser Tests-1] WARN  com.nse.stock.listeners.ExtentReportListener - Test skipped: testStockInformationDisplay - WebDriver setup failed
]]></system-out>
  </testcase>
  <testcase name="testStockInformationDisplay[TATAMOTORS](1)" classname="com.nse.stock.tests.StockInformationTest" time="0">
    <skipped message="WebDriver setup failed"/>
    <system-out><![CDATA[2025-09-29 22:36:56.296 [TestNG-test=Edge Browser Tests-1] INFO  com.nse.stock.listeners.ExtentReportListener - Test started: testStockInformationDisplay - Verify stock information display for multiple stocks
2025-09-29 22:36:56.304 [TestNG-test=Edge Browser Tests-1] INFO  com.nse.stock.listeners.ScreenshotListener - Test started: testStockInformationDisplay on browser: edge in thread: TestNG-test=Edge Browser Tests-1
2025-09-29 22:36:56.304 [TestNG-test=Edge Browser Tests-1] WARN  com.nse.stock.listeners.ExtentReportListener - Test skipped: testStockInformationDisplay - WebDriver setup failed
]]></system-out>
  </testcase>
  <testcase name="testStockInformationDisplay[RELIANCE](2)" classname="com.nse.stock.tests.StockInformationTest" time="0">
    <skipped message="WebDriver setup failed"/>
    <system-out><![CDATA[2025-09-29 22:36:43.522 [TestNG-test=Chrome Browser Tests-1] INFO  com.nse.stock.listeners.ExtentReportListener - Test started: testStockInformationDisplay - Verify stock information display for multiple stocks
2025-09-29 22:36:43.564 [TestNG-test=Chrome Browser Tests-1] INFO  com.nse.stock.listeners.ScreenshotListener - Test started: testStockInformationDisplay on browser: edge in thread: TestNG-test=Chrome Browser Tests-1
2025-09-29 22:36:43.564 [TestNG-test=Chrome Browser Tests-1] WARN  com.nse.stock.listeners.ExtentReportListener - Test skipped: testStockInformationDisplay - WebDriver setup failed
]]></system-out>
  </testcase>
  <testcase name="testStockInformationDisplay[RELIANCE](2)" classname="com.nse.stock.tests.StockInformationTest" time="0">
    <skipped message="WebDriver setup failed"/>
    <system-out><![CDATA[2025-09-29 22:36:50.961 [TestNG-test=Firefox Browser Tests-1] INFO  com.nse.stock.listeners.ExtentReportListener - Test started: testStockInformationDisplay - Verify stock information display for multiple stocks
2025-09-29 22:36:50.961 [TestNG-test=Firefox Browser Tests-1] INFO  com.nse.stock.listeners.ScreenshotListener - Test started: testStockInformationDisplay on browser: edge in thread: TestNG-test=Firefox Browser Tests-1
2025-09-29 22:36:50.961 [TestNG-test=Firefox Browser Tests-1] WARN  com.nse.stock.listeners.ExtentReportListener - Test skipped: testStockInformationDisplay - WebDriver setup failed
]]></system-out>
  </testcase>
  <testcase name="testStockInformationDisplay[RELIANCE](2)" classname="com.nse.stock.tests.StockInformationTest" time="0">
    <skipped message="WebDriver setup failed"/>
    <system-out><![CDATA[2025-09-29 22:36:56.307 [TestNG-test=Edge Browser Tests-1] INFO  com.nse.stock.listeners.ExtentReportListener - Test started: testStockInformationDisplay - Verify stock information display for multiple stocks
2025-09-29 22:36:56.307 [TestNG-test=Edge Browser Tests-1] INFO  com.nse.stock.listeners.ScreenshotListener - Test started: testStockInformationDisplay on browser: edge in thread: TestNG-test=Edge Browser Tests-1
2025-09-29 22:36:56.315 [TestNG-test=Edge Browser Tests-1] WARN  com.nse.stock.listeners.ExtentReportListener - Test skipped: testStockInformationDisplay - WebDriver setup failed
]]></system-out>
  </testcase>
  <testcase name="testStockInformationDisplay[INFY](3)" classname="com.nse.stock.tests.StockInformationTest" time="0">
    <skipped message="WebDriver setup failed"/>
    <system-out><![CDATA[2025-09-29 22:36:43.583 [TestNG-test=Chrome Browser Tests-1] INFO  com.nse.stock.listeners.ExtentReportListener - Test started: testStockInformationDisplay - Verify stock information display for multiple stocks
2025-09-29 22:36:43.584 [TestNG-test=Chrome Browser Tests-1] INFO  com.nse.stock.listeners.ScreenshotListener - Test started: testStockInformationDisplay on browser: edge in thread: TestNG-test=Chrome Browser Tests-1
2025-09-29 22:36:43.585 [TestNG-test=Chrome Browser Tests-1] WARN  com.nse.stock.listeners.ExtentReportListener - Test skipped: testStockInformationDisplay - WebDriver setup failed
]]></system-out>
  </testcase>
  <testcase name="testStockInformationDisplay[INFY](3)" classname="com.nse.stock.tests.StockInformationTest" time="0">
    <skipped message="WebDriver setup failed"/>
    <system-out><![CDATA[2025-09-29 22:36:50.969 [TestNG-test=Firefox Browser Tests-1] INFO  com.nse.stock.listeners.ExtentReportListener - Test started: testStockInformationDisplay - Verify stock information display for multiple stocks
2025-09-29 22:36:50.969 [TestNG-test=Firefox Browser Tests-1] INFO  com.nse.stock.listeners.ScreenshotListener - Test started: testStockInformationDisplay on browser: edge in thread: TestNG-test=Firefox Browser Tests-1
2025-09-29 22:36:50.982 [TestNG-test=Firefox Browser Tests-1] WARN  com.nse.stock.listeners.ExtentReportListener - Test skipped: testStockInformationDisplay - WebDriver setup failed
]]></system-out>
  </testcase>
  <testcase name="testStockInformationDisplay[INFY](3)" classname="com.nse.stock.tests.StockInformationTest" time="0">
    <skipped message="WebDriver setup failed"/>
    <system-out><![CDATA[2025-09-29 22:36:56.315 [TestNG-test=Edge Browser Tests-1] INFO  com.nse.stock.listeners.ExtentReportListener - Test started: testStockInformationDisplay - Verify stock information display for multiple stocks
2025-09-29 22:36:56.315 [TestNG-test=Edge Browser Tests-1] INFO  com.nse.stock.listeners.ScreenshotListener - Test started: testStockInformationDisplay on browser: edge in thread: TestNG-test=Edge Browser Tests-1
2025-09-29 22:36:56.315 [TestNG-test=Edge Browser Tests-1] WARN  com.nse.stock.listeners.ExtentReportListener - Test skipped: testStockInformationDisplay - WebDriver setup failed
]]></system-out>
  </testcase>
  <testcase name="testDefaultStockInformation" classname="com.nse.stock.tests.StockInformationTest" time="0">
    <skipped message="WebDriver setup failed"/>
    <system-out><![CDATA[2025-09-29 22:36:43.681 [TestNG-test=Chrome Browser Tests-1] INFO  com.nse.stock.listeners.ExtentReportListener - Test started: testDefaultStockInformation - Verify stock information for default stock (TATAMOTORS)
2025-09-29 22:36:43.688 [TestNG-test=Chrome Browser Tests-1] INFO  com.nse.stock.listeners.ScreenshotListener - Test started: testDefaultStockInformation on browser: edge in thread: TestNG-test=Chrome Browser Tests-1
2025-09-29 22:36:43.688 [TestNG-test=Chrome Browser Tests-1] WARN  com.nse.stock.listeners.ExtentReportListener - Test skipped: testDefaultStockInformation - WebDriver setup failed
]]></system-out>
  </testcase>
  <testcase name="testDefaultStockInformation" classname="com.nse.stock.tests.StockInformationTest" time="0">
    <skipped message="WebDriver setup failed"/>
    <system-out><![CDATA[2025-09-29 22:36:51.047 [TestNG-test=Firefox Browser Tests-1] INFO  com.nse.stock.listeners.ExtentReportListener - Test started: testDefaultStockInformation - Verify stock information for default stock (TATAMOTORS)
2025-09-29 22:36:51.053 [TestNG-test=Firefox Browser Tests-1] INFO  com.nse.stock.listeners.ScreenshotListener - Test started: testDefaultStockInformation on browser: edge in thread: TestNG-test=Firefox Browser Tests-1
2025-09-29 22:36:51.053 [TestNG-test=Firefox Browser Tests-1] WARN  com.nse.stock.listeners.ExtentReportListener - Test skipped: testDefaultStockInformation - WebDriver setup failed
]]></system-out>
  </testcase>
  <testcase name="testDefaultStockInformation" classname="com.nse.stock.tests.StockInformationTest" time="0">
    <skipped message="WebDriver setup failed"/>
    <system-out><![CDATA[2025-09-29 22:36:56.363 [TestNG-test=Edge Browser Tests-1] INFO  com.nse.stock.listeners.ExtentReportListener - Test started: testDefaultStockInformation - Verify stock information for default stock (TATAMOTORS)
2025-09-29 22:36:56.363 [TestNG-test=Edge Browser Tests-1] INFO  com.nse.stock.listeners.ScreenshotListener - Test started: testDefaultStockInformation on browser: edge in thread: TestNG-test=Edge Browser Tests-1
2025-09-29 22:36:56.377 [TestNG-test=Edge Browser Tests-1] WARN  com.nse.stock.listeners.ExtentReportListener - Test skipped: testDefaultStockInformation - WebDriver setup failed
]]></system-out>
  </testcase>
  <testcase name="testInvalidStockSearch" classname="com.nse.stock.tests.StockInformationTest" time="0">
    <skipped message="WebDriver setup failed"/>
    <system-out><![CDATA[2025-09-29 22:36:43.703 [TestNG-test=Chrome Browser Tests-1] INFO  com.nse.stock.listeners.ExtentReportListener - Test started: testInvalidStockSearch - Verify stock search functionality with invalid symbol
2025-09-29 22:36:43.703 [TestNG-test=Chrome Browser Tests-1] INFO  com.nse.stock.listeners.ScreenshotListener - Test started: testInvalidStockSearch on browser: edge in thread: TestNG-test=Chrome Browser Tests-1
2025-09-29 22:36:43.730 [TestNG-test=Chrome Browser Tests-1] WARN  com.nse.stock.listeners.ExtentReportListener - Test skipped: testInvalidStockSearch - WebDriver setup failed
]]></system-out>
  </testcase>
  <testcase name="testInvalidStockSearch" classname="com.nse.stock.tests.StockInformationTest" time="0">
    <skipped message="WebDriver setup failed"/>
    <system-out><![CDATA[2025-09-29 22:36:51.119 [TestNG-test=Firefox Browser Tests-1] INFO  com.nse.stock.listeners.ExtentReportListener - Test started: testInvalidStockSearch - Verify stock search functionality with invalid symbol
2025-09-29 22:36:51.119 [TestNG-test=Firefox Browser Tests-1] INFO  com.nse.stock.listeners.ScreenshotListener - Test started: testInvalidStockSearch on browser: edge in thread: TestNG-test=Firefox Browser Tests-1
2025-09-29 22:36:51.127 [TestNG-test=Firefox Browser Tests-1] WARN  com.nse.stock.listeners.ExtentReportListener - Test skipped: testInvalidStockSearch - WebDriver setup failed
]]></system-out>
  </testcase>
  <testcase name="testInvalidStockSearch" classname="com.nse.stock.tests.StockInformationTest" time="0">
    <skipped message="WebDriver setup failed"/>
    <system-out><![CDATA[2025-09-29 22:36:56.397 [TestNG-test=Edge Browser Tests-1] INFO  com.nse.stock.listeners.ExtentReportListener - Test started: testInvalidStockSearch - Verify stock search functionality with invalid symbol
2025-09-29 22:36:56.397 [TestNG-test=Edge Browser Tests-1] INFO  com.nse.stock.listeners.ScreenshotListener - Test started: testInvalidStockSearch on browser: edge in thread: TestNG-test=Edge Browser Tests-1
2025-09-29 22:36:56.410 [TestNG-test=Edge Browser Tests-1] WARN  com.nse.stock.listeners.ExtentReportListener - Test skipped: testInvalidStockSearch - WebDriver setup failed
]]></system-out>
  </testcase>
  <testcase name="testStockInformationCompleteness" classname="com.nse.stock.tests.StockInformationTest" time="0">
    <skipped message="WebDriver setup failed"/>
    <system-out><![CDATA[2025-09-29 22:36:43.760 [TestNG-test=Chrome Browser Tests-1] INFO  com.nse.stock.listeners.ExtentReportListener - Test started: testStockInformationCompleteness - Verify stock information completeness
2025-09-29 22:36:43.773 [TestNG-test=Chrome Browser Tests-1] INFO  com.nse.stock.listeners.ScreenshotListener - Test started: testStockInformationCompleteness on browser: edge in thread: TestNG-test=Chrome Browser Tests-1
2025-09-29 22:36:43.784 [TestNG-test=Chrome Browser Tests-1] WARN  com.nse.stock.listeners.ExtentReportListener - Test skipped: testStockInformationCompleteness - WebDriver setup failed
]]></system-out>
  </testcase>
  <testcase name="testStockInformationCompleteness" classname="com.nse.stock.tests.StockInformationTest" time="0">
    <skipped message="WebDriver setup failed"/>
    <system-out><![CDATA[2025-09-29 22:36:51.160 [TestNG-test=Firefox Browser Tests-1] INFO  com.nse.stock.listeners.ExtentReportListener - Test started: testStockInformationCompleteness - Verify stock information completeness
2025-09-29 22:36:51.166 [TestNG-test=Firefox Browser Tests-1] INFO  com.nse.stock.listeners.ScreenshotListener - Test started: testStockInformationCompleteness on browser: edge in thread: TestNG-test=Firefox Browser Tests-1
2025-09-29 22:36:51.166 [TestNG-test=Firefox Browser Tests-1] WARN  com.nse.stock.listeners.ExtentReportListener - Test skipped: testStockInformationCompleteness - WebDriver setup failed
]]></system-out>
  </testcase>
  <testcase name="testStockInformationCompleteness" classname="com.nse.stock.tests.StockInformationTest" time="0">
    <skipped message="WebDriver setup failed"/>
    <system-out><![CDATA[2025-09-29 22:36:56.443 [TestNG-test=Edge Browser Tests-1] INFO  com.nse.stock.listeners.ExtentReportListener - Test started: testStockInformationCompleteness - Verify stock information completeness
2025-09-29 22:36:56.443 [TestNG-test=Edge Browser Tests-1] INFO  com.nse.stock.listeners.ScreenshotListener - Test started: testStockInformationCompleteness on browser: edge in thread: TestNG-test=Edge Browser Tests-1
2025-09-29 22:36:56.445 [TestNG-test=Edge Browser Tests-1] WARN  com.nse.stock.listeners.ExtentReportListener - Test skipped: testStockInformationCompleteness - WebDriver setup failed
]]></system-out>
  </testcase>
  <testcase name="tearDownClass" classname="com.nse.stock.tests.StockInformationTest" time="0">
    <skipped/>
  </testcase>
  <testcase name="tearDownClass" classname="com.nse.stock.tests.StockInformationTest" time="0">
    <skipped/>
  </testcase>
  <testcase name="tearDownClass" classname="com.nse.stock.tests.StockInformationTest" time="0">
    <skipped/>
  </testcase>
  <testcase name="setUp[edge](0)" classname="com.nse.stock.tests.StockProfitLossTest" time="1.075">
    <failure message="WebDriver setup failed" type="java.lang.RuntimeException"><![CDATA[java.lang.RuntimeException: WebDriver setup failed
	at com.nse.stock.base.BaseTest.setUp(BaseTest.java:59)
	at sun.reflect.NativeMethodAccessorImpl.invoke0(Native Method)
	at sun.reflect.NativeMethodAccessorImpl.invoke(NativeMethodAccessorImpl.java:62)
	at sun.reflect.DelegatingMethodAccessorImpl.invoke(DelegatingMethodAccessorImpl.java:43)
	at java.lang.reflect.Method.invoke(Method.java:498)
	at org.testng.internal.MethodInvocationHelper.invokeMethod(MethodInvocationHelper.java:133)
	at org.testng.internal.MethodInvocationHelper.invokeMethodConsideringTimeout(MethodInvocationHelper.java:62)
	at org.testng.internal.ConfigInvoker.invokeConfigurationMethod(ConfigInvoker.java:385)
	at org.testng.internal.ConfigInvoker.invokeConfigurations(ConfigInvoker.java:321)
	at org.testng.internal.TestInvoker.runConfigMethods(TestInvoker.java:700)
	at org.testng.internal.TestInvoker.invokeMethod(TestInvoker.java:527)
	at org.testng.internal.TestInvoker.invokeTestMethod(TestInvoker.java:173)
	at org.testng.internal.MethodRunner.runInSequence(MethodRunner.java:46)
	at org.testng.internal.TestInvoker$MethodInvocationAgent.invoke(TestInvoker.java:824)
	at org.testng.internal.TestInvoker.invokeTestMethods(TestInvoker.java:146)
	at org.testng.internal.TestMethodWorker.invokeTestMethods(TestMethodWorker.java:146)
	at org.testng.internal.TestMethodWorker.run(TestMethodWorker.java:128)
	at java.util.concurrent.ThreadPoolExecutor.runWorker(ThreadPoolExecutor.java:1142)
	at java.util.concurrent.ThreadPoolExecutor$Worker.run(ThreadPoolExecutor.java:617)
	at java.lang.Thread.run(Thread.java:745)
Caused by: java.lang.RuntimeException: Edge driver setup failed: The path to the driver executable must be set by the webdriver.edge.driver system property; for more information, see https://github.com/SeleniumHQ/selenium/wiki/MicrosoftWebDriver. The latest version can be downloaded from http://go.microsoft.com/fwlink/?LinkId=619687
	at com.nse.stock.utils.DriverManager.createEdgeDriverWithFallback(DriverManager.java:188)
	at com.nse.stock.utils.DriverManager.createDriver(DriverManager.java:65)
	at com.nse.stock.utils.DriverManager.getDriver(DriverManager.java:32)
	at com.nse.stock.base.BaseTest.setUp(BaseTest.java:42)
	... 19 more
Caused by: java.lang.IllegalStateException: The path to the driver executable must be set by the webdriver.edge.driver system property; for more information, see https://github.com/SeleniumHQ/selenium/wiki/MicrosoftWebDriver. The latest version can be downloaded from http://go.microsoft.com/fwlink/?LinkId=619687
	at com.google.common.base.Preconditions.checkState(Preconditions.java:847)
	at org.openqa.selenium.remote.service.DriverService.findExecutable(DriverService.java:134)
	at org.openqa.selenium.edge.EdgeDriverService.access$000(EdgeDriverService.java:37)
	at org.openqa.selenium.edge.EdgeDriverService$Builder.findDefaultExecutable(EdgeDriverService.java:90)
	at org.openqa.selenium.remote.service.DriverService$Builder.build(DriverService.java:355)
	at org.openqa.selenium.edge.EdgeDriverService.createDefaultService(EdgeDriverService.java:70)
	at org.openqa.selenium.edge.EdgeDriver.<init>(EdgeDriver.java:130)
	at com.nse.stock.utils.DriverManager.createEdgeDriverWithFallback(DriverManager.java:185)
	... 22 more
]]></failure>
    <system-out><![CDATA[2025-09-29 22:36:42.385 [TestNG-test=Chrome Browser Tests-1] INFO  com.nse.stock.base.BaseTest - Setting up test class with browser: edge
2025-09-29 22:36:42.385 [TestNG-test=Chrome Browser Tests-1] INFO  com.nse.stock.utils.TestDataReader - Loaded 10 NIFTY 50 stocks from test data
2025-09-29 22:36:42.385 [TestNG-test=Chrome Browser Tests-1] INFO  com.nse.stock.utils.TestDataReader - Selected 5 stocks for parallel testing
2025-09-29 22:36:42.385 [TestNG-test=Chrome Browser Tests-1] INFO  com.nse.stock.base.BaseTest - Starting test setup for browser: edge
2025-09-29 22:36:42.385 [TestNG-test=Chrome Browser Tests-1] INFO  com.nse.stock.utils.DriverManager - Creating WebDriver for browser: edge
2025-09-29 22:36:42.385 [TestNG-test=Chrome Browser Tests-1] INFO  com.nse.stock.utils.DriverManager - ? Starting Edge WebDriver setup with enhanced fallback mechanism...
2025-09-29 22:36:42.385 [TestNG-test=Chrome Browser Tests-1] INFO  com.nse.stock.utils.DriverManager - Method 1: Attempting WebDriverManager setup with timeout...
2025-09-29 22:36:43.433 [TestNG-test=Chrome Browser Tests-1] WARN  com.nse.stock.utils.DriverManager - ? WebDriverManager failed: io.github.bonigarcia.wdm.config.WebDriverManagerException: java.net.UnknownHostException: msedgedriver.azureedge.net. Trying fallback methods...
2025-09-29 22:36:43.433 [TestNG-test=Chrome Browser Tests-1] INFO  com.nse.stock.utils.DriverManager - Method 2: Searching for local EdgeDriver installation...
2025-09-29 22:36:43.433 [TestNG-test=Chrome Browser Tests-1] WARN  com.nse.stock.utils.DriverManager - ? No local EdgeDriver found in standard locations
2025-09-29 22:36:43.433 [TestNG-test=Chrome Browser Tests-1] WARN  com.nse.stock.utils.DriverManager - ? No local EdgeDriver found. Proceeding with system PATH...
2025-09-29 22:36:43.433 [TestNG-test=Chrome Browser Tests-1] INFO  com.nse.stock.utils.DriverManager - Creating Edge WebDriver with basic options...
2025-09-29 22:36:43.443 [TestNG-test=Chrome Browser Tests-1] ERROR com.nse.stock.utils.DriverManager - Failed to create Edge driver: The path to the driver executable must be set by the webdriver.edge.driver system property; for more information, see https://github.com/SeleniumHQ/selenium/wiki/MicrosoftWebDriver. The latest version can be downloaded from http://go.microsoft.com/fwlink/?LinkId=619687
2025-09-29 22:36:43.443 [TestNG-test=Chrome Browser Tests-1] ERROR com.nse.stock.base.BaseTest - Failed to setup WebDriver: Edge driver setup failed: The path to the driver executable must be set by the webdriver.edge.driver system property; for more information, see https://github.com/SeleniumHQ/selenium/wiki/MicrosoftWebDriver. The latest version can be downloaded from http://go.microsoft.com/fwlink/?LinkId=619687
java.lang.RuntimeException: Edge driver setup failed: The path to the driver executable must be set by the webdriver.edge.driver system property; for more information, see https://github.com/SeleniumHQ/selenium/wiki/MicrosoftWebDriver. The latest version can be downloaded from http://go.microsoft.com/fwlink/?LinkId=619687
	at com.nse.stock.utils.DriverManager.createEdgeDriverWithFallback(DriverManager.java:188) ~[classes/:?]
	at com.nse.stock.utils.DriverManager.createDriver(DriverManager.java:65) ~[classes/:?]
	at com.nse.stock.utils.DriverManager.getDriver(DriverManager.java:32) ~[classes/:?]
	at com.nse.stock.base.BaseTest.setUp(BaseTest.java:42) ~[classes/:?]
	at sun.reflect.NativeMethodAccessorImpl.invoke0(Native Method) ~[?:1.8.0_91]
	at sun.reflect.NativeMethodAccessorImpl.invoke(NativeMethodAccessorImpl.java:62) ~[?:1.8.0_91]
	at sun.reflect.DelegatingMethodAccessorImpl.invoke(DelegatingMethodAccessorImpl.java:43) ~[?:1.8.0_91]
	at java.lang.reflect.Method.invoke(Method.java:498) ~[?:1.8.0_91]
	at org.testng.internal.MethodInvocationHelper.invokeMethod(MethodInvocationHelper.java:133) ~[testng-7.4.0.jar:7.4.0]
	at org.testng.internal.MethodInvocationHelper.invokeMethodConsideringTimeout(MethodInvocationHelper.java:62) ~[testng-7.4.0.jar:7.4.0]
	at org.testng.internal.ConfigInvoker.invokeConfigurationMethod(ConfigInvoker.java:385) ~[testng-7.4.0.jar:7.4.0]
	at org.testng.internal.ConfigInvoker.invokeConfigurations(ConfigInvoker.java:321) ~[testng-7.4.0.jar:7.4.0]
	at org.testng.internal.TestInvoker.runConfigMethods(TestInvoker.java:700) ~[testng-7.4.0.jar:7.4.0]
	at org.testng.internal.TestInvoker.invokeMethod(TestInvoker.java:527) ~[testng-7.4.0.jar:7.4.0]
	at org.testng.internal.TestInvoker.invokeTestMethod(TestInvoker.java:173) ~[testng-7.4.0.jar:7.4.0]
	at org.testng.internal.MethodRunner.runInSequence(MethodRunner.java:46) ~[testng-7.4.0.jar:7.4.0]
	at org.testng.internal.TestInvoker$MethodInvocationAgent.invoke(TestInvoker.java:824) ~[testng-7.4.0.jar:7.4.0]
	at org.testng.internal.TestInvoker.invokeTestMethods(TestInvoker.java:146) ~[testng-7.4.0.jar:7.4.0]
	at org.testng.internal.TestMethodWorker.invokeTestMethods(TestMethodWorker.java:146) ~[testng-7.4.0.jar:7.4.0]
	at org.testng.internal.TestMethodWorker.run(TestMethodWorker.java:128) ~[testng-7.4.0.jar:7.4.0]
	at java.util.concurrent.ThreadPoolExecutor.runWorker(ThreadPoolExecutor.java:1142) ~[?:1.8.0_91]
	at java.util.concurrent.ThreadPoolExecutor$Worker.run(ThreadPoolExecutor.java:617) ~[?:1.8.0_91]
	at java.lang.Thread.run(Thread.java:745) ~[?:1.8.0_91]
Caused by: java.lang.IllegalStateException: The path to the driver executable must be set by the webdriver.edge.driver system property; for more information, see https://github.com/SeleniumHQ/selenium/wiki/MicrosoftWebDriver. The latest version can be downloaded from http://go.microsoft.com/fwlink/?LinkId=619687
	at com.google.common.base.Preconditions.checkState(Preconditions.java:847) ~[guava-25.0-jre.jar:?]
	at org.openqa.selenium.remote.service.DriverService.findExecutable(DriverService.java:134) ~[selenium-remote-driver-3.141.59.jar:?]
	at org.openqa.selenium.edge.EdgeDriverService.access$000(EdgeDriverService.java:37) ~[selenium-edge-driver-3.141.59.jar:?]
	at org.openqa.selenium.edge.EdgeDriverService$Builder.findDefaultExecutable(EdgeDriverService.java:90) ~[selenium-edge-driver-3.141.59.jar:?]
	at org.openqa.selenium.remote.service.DriverService$Builder.build(DriverService.java:355) ~[selenium-remote-driver-3.141.59.jar:?]
	at org.openqa.selenium.edge.EdgeDriverService.createDefaultService(EdgeDriverService.java:70) ~[selenium-edge-driver-3.141.59.jar:?]
	at org.openqa.selenium.edge.EdgeDriver.<init>(EdgeDriver.java:130) ~[selenium-edge-driver-3.141.59.jar:?]
	at com.nse.stock.utils.DriverManager.createEdgeDriverWithFallback(DriverManager.java:185) ~[classes/:?]
	... 22 more
]]></system-out>
  </testcase>
  <testcase name="setUp[edge](0)" classname="com.nse.stock.tests.StockProfitLossTest" time="1.672">
    <failure message="WebDriver setup failed" type="java.lang.RuntimeException"><![CDATA[java.lang.RuntimeException: WebDriver setup failed
	at com.nse.stock.base.BaseTest.setUp(BaseTest.java:59)
	at sun.reflect.NativeMethodAccessorImpl.invoke0(Native Method)
	at sun.reflect.NativeMethodAccessorImpl.invoke(NativeMethodAccessorImpl.java:62)
	at sun.reflect.DelegatingMethodAccessorImpl.invoke(DelegatingMethodAccessorImpl.java:43)
	at java.lang.reflect.Method.invoke(Method.java:498)
	at org.testng.internal.MethodInvocationHelper.invokeMethod(MethodInvocationHelper.java:133)
	at org.testng.internal.MethodInvocationHelper.invokeMethodConsideringTimeout(MethodInvocationHelper.java:62)
	at org.testng.internal.ConfigInvoker.invokeConfigurationMethod(ConfigInvoker.java:385)
	at org.testng.internal.ConfigInvoker.invokeConfigurations(ConfigInvoker.java:321)
	at org.testng.internal.TestInvoker.runConfigMethods(TestInvoker.java:700)
	at org.testng.internal.TestInvoker.invokeMethod(TestInvoker.java:527)
	at org.testng.internal.TestInvoker.invokeTestMethod(TestInvoker.java:173)
	at org.testng.internal.MethodRunner.runInSequence(MethodRunner.java:46)
	at org.testng.internal.TestInvoker$MethodInvocationAgent.invoke(TestInvoker.java:824)
	at org.testng.internal.TestInvoker.invokeTestMethods(TestInvoker.java:146)
	at org.testng.internal.TestMethodWorker.invokeTestMethods(TestMethodWorker.java:146)
	at org.testng.internal.TestMethodWorker.run(TestMethodWorker.java:128)
	at java.util.concurrent.ThreadPoolExecutor.runWorker(ThreadPoolExecutor.java:1142)
	at java.util.concurrent.ThreadPoolExecutor$Worker.run(ThreadPoolExecutor.java:617)
	at java.lang.Thread.run(Thread.java:745)
Caused by: java.lang.RuntimeException: Edge driver setup failed: The path to the driver executable must be set by the webdriver.edge.driver system property; for more information, see https://github.com/SeleniumHQ/selenium/wiki/MicrosoftWebDriver. The latest version can be downloaded from http://go.microsoft.com/fwlink/?LinkId=619687
	at com.nse.stock.utils.DriverManager.createEdgeDriverWithFallback(DriverManager.java:188)
	at com.nse.stock.utils.DriverManager.createDriver(DriverManager.java:65)
	at com.nse.stock.utils.DriverManager.getDriver(DriverManager.java:32)
	at com.nse.stock.base.BaseTest.setUp(BaseTest.java:42)
	... 19 more
Caused by: java.lang.IllegalStateException: The path to the driver executable must be set by the webdriver.edge.driver system property; for more information, see https://github.com/SeleniumHQ/selenium/wiki/MicrosoftWebDriver. The latest version can be downloaded from http://go.microsoft.com/fwlink/?LinkId=619687
	at com.google.common.base.Preconditions.checkState(Preconditions.java:847)
	at org.openqa.selenium.remote.service.DriverService.findExecutable(DriverService.java:134)
	at org.openqa.selenium.edge.EdgeDriverService.access$000(EdgeDriverService.java:37)
	at org.openqa.selenium.edge.EdgeDriverService$Builder.findDefaultExecutable(EdgeDriverService.java:90)
	at org.openqa.selenium.remote.service.DriverService$Builder.build(DriverService.java:355)
	at org.openqa.selenium.edge.EdgeDriverService.createDefaultService(EdgeDriverService.java:70)
	at org.openqa.selenium.edge.EdgeDriver.<init>(EdgeDriver.java:130)
	at com.nse.stock.utils.DriverManager.createEdgeDriverWithFallback(DriverManager.java:185)
	... 22 more
]]></failure>
    <system-out><![CDATA[2025-09-29 22:36:49.113 [TestNG-test=Firefox Browser Tests-1] INFO  com.nse.stock.base.BaseTest - Setting up test class with browser: edge
2025-09-29 22:36:49.116 [TestNG-test=Firefox Browser Tests-1] INFO  com.nse.stock.utils.TestDataReader - Loaded 10 NIFTY 50 stocks from test data
2025-09-29 22:36:49.124 [TestNG-test=Firefox Browser Tests-1] INFO  com.nse.stock.utils.TestDataReader - Selected 5 stocks for parallel testing
2025-09-29 22:36:49.124 [TestNG-test=Firefox Browser Tests-1] INFO  com.nse.stock.base.BaseTest - Starting test setup for browser: edge
2025-09-29 22:36:49.124 [TestNG-test=Firefox Browser Tests-1] INFO  com.nse.stock.utils.DriverManager - Creating WebDriver for browser: edge
2025-09-29 22:36:49.130 [TestNG-test=Firefox Browser Tests-1] INFO  com.nse.stock.utils.DriverManager - ? Starting Edge WebDriver setup with enhanced fallback mechanism...
2025-09-29 22:36:49.130 [TestNG-test=Firefox Browser Tests-1] INFO  com.nse.stock.utils.DriverManager - Method 1: Attempting WebDriverManager setup with timeout...
2025-09-29 22:36:50.764 [TestNG-test=Firefox Browser Tests-1] WARN  com.nse.stock.utils.DriverManager - ? WebDriverManager failed: io.github.bonigarcia.wdm.config.WebDriverManagerException: java.net.UnknownHostException: msedgedriver.azureedge.net. Trying fallback methods...
2025-09-29 22:36:50.764 [TestNG-test=Firefox Browser Tests-1] INFO  com.nse.stock.utils.DriverManager - Method 2: Searching for local EdgeDriver installation...
2025-09-29 22:36:50.764 [TestNG-test=Firefox Browser Tests-1] WARN  com.nse.stock.utils.DriverManager - ? No local EdgeDriver found in standard locations
2025-09-29 22:36:50.764 [TestNG-test=Firefox Browser Tests-1] WARN  com.nse.stock.utils.DriverManager - ? No local EdgeDriver found. Proceeding with system PATH...
2025-09-29 22:36:50.764 [TestNG-test=Firefox Browser Tests-1] INFO  com.nse.stock.utils.DriverManager - Creating Edge WebDriver with basic options...
2025-09-29 22:36:50.772 [TestNG-test=Firefox Browser Tests-1] ERROR com.nse.stock.utils.DriverManager - Failed to create Edge driver: The path to the driver executable must be set by the webdriver.edge.driver system property; for more information, see https://github.com/SeleniumHQ/selenium/wiki/MicrosoftWebDriver. The latest version can be downloaded from http://go.microsoft.com/fwlink/?LinkId=619687
2025-09-29 22:36:50.772 [TestNG-test=Firefox Browser Tests-1] ERROR com.nse.stock.base.BaseTest - Failed to setup WebDriver: Edge driver setup failed: The path to the driver executable must be set by the webdriver.edge.driver system property; for more information, see https://github.com/SeleniumHQ/selenium/wiki/MicrosoftWebDriver. The latest version can be downloaded from http://go.microsoft.com/fwlink/?LinkId=619687
java.lang.RuntimeException: Edge driver setup failed: The path to the driver executable must be set by the webdriver.edge.driver system property; for more information, see https://github.com/SeleniumHQ/selenium/wiki/MicrosoftWebDriver. The latest version can be downloaded from http://go.microsoft.com/fwlink/?LinkId=619687
	at com.nse.stock.utils.DriverManager.createEdgeDriverWithFallback(DriverManager.java:188) ~[classes/:?]
	at com.nse.stock.utils.DriverManager.createDriver(DriverManager.java:65) ~[classes/:?]
	at com.nse.stock.utils.DriverManager.getDriver(DriverManager.java:32) ~[classes/:?]
	at com.nse.stock.base.BaseTest.setUp(BaseTest.java:42) ~[classes/:?]
	at sun.reflect.NativeMethodAccessorImpl.invoke0(Native Method) ~[?:1.8.0_91]
	at sun.reflect.NativeMethodAccessorImpl.invoke(NativeMethodAccessorImpl.java:62) ~[?:1.8.0_91]
	at sun.reflect.DelegatingMethodAccessorImpl.invoke(DelegatingMethodAccessorImpl.java:43) ~[?:1.8.0_91]
	at java.lang.reflect.Method.invoke(Method.java:498) ~[?:1.8.0_91]
	at org.testng.internal.MethodInvocationHelper.invokeMethod(MethodInvocationHelper.java:133) ~[testng-7.4.0.jar:7.4.0]
	at org.testng.internal.MethodInvocationHelper.invokeMethodConsideringTimeout(MethodInvocationHelper.java:62) ~[testng-7.4.0.jar:7.4.0]
	at org.testng.internal.ConfigInvoker.invokeConfigurationMethod(ConfigInvoker.java:385) ~[testng-7.4.0.jar:7.4.0]
	at org.testng.internal.ConfigInvoker.invokeConfigurations(ConfigInvoker.java:321) ~[testng-7.4.0.jar:7.4.0]
	at org.testng.internal.TestInvoker.runConfigMethods(TestInvoker.java:700) ~[testng-7.4.0.jar:7.4.0]
	at org.testng.internal.TestInvoker.invokeMethod(TestInvoker.java:527) ~[testng-7.4.0.jar:7.4.0]
	at org.testng.internal.TestInvoker.invokeTestMethod(TestInvoker.java:173) ~[testng-7.4.0.jar:7.4.0]
	at org.testng.internal.MethodRunner.runInSequence(MethodRunner.java:46) ~[testng-7.4.0.jar:7.4.0]
	at org.testng.internal.TestInvoker$MethodInvocationAgent.invoke(TestInvoker.java:824) ~[testng-7.4.0.jar:7.4.0]
	at org.testng.internal.TestInvoker.invokeTestMethods(TestInvoker.java:146) ~[testng-7.4.0.jar:7.4.0]
	at org.testng.internal.TestMethodWorker.invokeTestMethods(TestMethodWorker.java:146) ~[testng-7.4.0.jar:7.4.0]
	at org.testng.internal.TestMethodWorker.run(TestMethodWorker.java:128) ~[testng-7.4.0.jar:7.4.0]
	at java.util.concurrent.ThreadPoolExecutor.runWorker(ThreadPoolExecutor.java:1142) ~[?:1.8.0_91]
	at java.util.concurrent.ThreadPoolExecutor$Worker.run(ThreadPoolExecutor.java:617) ~[?:1.8.0_91]
	at java.lang.Thread.run(Thread.java:745) ~[?:1.8.0_91]
Caused by: java.lang.IllegalStateException: The path to the driver executable must be set by the webdriver.edge.driver system property; for more information, see https://github.com/SeleniumHQ/selenium/wiki/MicrosoftWebDriver. The latest version can be downloaded from http://go.microsoft.com/fwlink/?LinkId=619687
	at com.google.common.base.Preconditions.checkState(Preconditions.java:847) ~[guava-25.0-jre.jar:?]
	at org.openqa.selenium.remote.service.DriverService.findExecutable(DriverService.java:134) ~[selenium-remote-driver-3.141.59.jar:?]
	at org.openqa.selenium.edge.EdgeDriverService.access$000(EdgeDriverService.java:37) ~[selenium-edge-driver-3.141.59.jar:?]
	at org.openqa.selenium.edge.EdgeDriverService$Builder.findDefaultExecutable(EdgeDriverService.java:90) ~[selenium-edge-driver-3.141.59.jar:?]
	at org.openqa.selenium.remote.service.DriverService$Builder.build(DriverService.java:355) ~[selenium-remote-driver-3.141.59.jar:?]
	at org.openqa.selenium.edge.EdgeDriverService.createDefaultService(EdgeDriverService.java:70) ~[selenium-edge-driver-3.141.59.jar:?]
	at org.openqa.selenium.edge.EdgeDriver.<init>(EdgeDriver.java:130) ~[selenium-edge-driver-3.141.59.jar:?]
	at com.nse.stock.utils.DriverManager.createEdgeDriverWithFallback(DriverManager.java:185) ~[classes/:?]
	... 22 more
]]></system-out>
  </testcase>
  <testcase name="setUp[edge](0)" classname="com.nse.stock.tests.StockProfitLossTest" time="1.446">
    <failure message="WebDriver setup failed" type="java.lang.RuntimeException"><![CDATA[java.lang.RuntimeException: WebDriver setup failed
	at com.nse.stock.base.BaseTest.setUp(BaseTest.java:59)
	at sun.reflect.NativeMethodAccessorImpl.invoke0(Native Method)
	at sun.reflect.NativeMethodAccessorImpl.invoke(NativeMethodAccessorImpl.java:62)
	at sun.reflect.DelegatingMethodAccessorImpl.invoke(DelegatingMethodAccessorImpl.java:43)
	at java.lang.reflect.Method.invoke(Method.java:498)
	at org.testng.internal.MethodInvocationHelper.invokeMethod(MethodInvocationHelper.java:133)
	at org.testng.internal.MethodInvocationHelper.invokeMethodConsideringTimeout(MethodInvocationHelper.java:62)
	at org.testng.internal.ConfigInvoker.invokeConfigurationMethod(ConfigInvoker.java:385)
	at org.testng.internal.ConfigInvoker.invokeConfigurations(ConfigInvoker.java:321)
	at org.testng.internal.TestInvoker.runConfigMethods(TestInvoker.java:700)
	at org.testng.internal.TestInvoker.invokeMethod(TestInvoker.java:527)
	at org.testng.internal.TestInvoker.invokeTestMethod(TestInvoker.java:173)
	at org.testng.internal.MethodRunner.runInSequence(MethodRunner.java:46)
	at org.testng.internal.TestInvoker$MethodInvocationAgent.invoke(TestInvoker.java:824)
	at org.testng.internal.TestInvoker.invokeTestMethods(TestInvoker.java:146)
	at org.testng.internal.TestMethodWorker.invokeTestMethods(TestMethodWorker.java:146)
	at org.testng.internal.TestMethodWorker.run(TestMethodWorker.java:128)
	at java.util.concurrent.ThreadPoolExecutor.runWorker(ThreadPoolExecutor.java:1142)
	at java.util.concurrent.ThreadPoolExecutor$Worker.run(ThreadPoolExecutor.java:617)
	at java.lang.Thread.run(Thread.java:745)
Caused by: java.lang.RuntimeException: Edge driver setup failed: The path to the driver executable must be set by the webdriver.edge.driver system property; for more information, see https://github.com/SeleniumHQ/selenium/wiki/MicrosoftWebDriver. The latest version can be downloaded from http://go.microsoft.com/fwlink/?LinkId=619687
	at com.nse.stock.utils.DriverManager.createEdgeDriverWithFallback(DriverManager.java:188)
	at com.nse.stock.utils.DriverManager.createDriver(DriverManager.java:65)
	at com.nse.stock.utils.DriverManager.getDriver(DriverManager.java:32)
	at com.nse.stock.base.BaseTest.setUp(BaseTest.java:42)
	... 19 more
Caused by: java.lang.IllegalStateException: The path to the driver executable must be set by the webdriver.edge.driver system property; for more information, see https://github.com/SeleniumHQ/selenium/wiki/MicrosoftWebDriver. The latest version can be downloaded from http://go.microsoft.com/fwlink/?LinkId=619687
	at com.google.common.base.Preconditions.checkState(Preconditions.java:847)
	at org.openqa.selenium.remote.service.DriverService.findExecutable(DriverService.java:134)
	at org.openqa.selenium.edge.EdgeDriverService.access$000(EdgeDriverService.java:37)
	at org.openqa.selenium.edge.EdgeDriverService$Builder.findDefaultExecutable(EdgeDriverService.java:90)
	at org.openqa.selenium.remote.service.DriverService$Builder.build(DriverService.java:355)
	at org.openqa.selenium.edge.EdgeDriverService.createDefaultService(EdgeDriverService.java:70)
	at org.openqa.selenium.edge.EdgeDriver.<init>(EdgeDriver.java:130)
	at com.nse.stock.utils.DriverManager.createEdgeDriverWithFallback(DriverManager.java:185)
	... 22 more
]]></failure>
    <system-out><![CDATA[2025-09-29 22:36:54.813 [TestNG-test=Edge Browser Tests-1] INFO  com.nse.stock.base.BaseTest - Setting up test class with browser: edge
2025-09-29 22:36:54.813 [TestNG-test=Edge Browser Tests-1] INFO  com.nse.stock.utils.TestDataReader - Loaded 10 NIFTY 50 stocks from test data
2025-09-29 22:36:54.813 [TestNG-test=Edge Browser Tests-1] INFO  com.nse.stock.utils.TestDataReader - Selected 5 stocks for parallel testing
2025-09-29 22:36:54.813 [TestNG-test=Edge Browser Tests-1] INFO  com.nse.stock.base.BaseTest - Starting test setup for browser: edge
2025-09-29 22:36:54.813 [TestNG-test=Edge Browser Tests-1] INFO  com.nse.stock.utils.DriverManager - Creating WebDriver for browser: edge
2025-09-29 22:36:54.813 [TestNG-test=Edge Browser Tests-1] INFO  com.nse.stock.utils.DriverManager - ? Starting Edge WebDriver setup with enhanced fallback mechanism...
2025-09-29 22:36:54.813 [TestNG-test=Edge Browser Tests-1] INFO  com.nse.stock.utils.DriverManager - Method 1: Attempting WebDriverManager setup with timeout...
2025-09-29 22:36:56.201 [TestNG-test=Edge Browser Tests-1] WARN  com.nse.stock.utils.DriverManager - ? WebDriverManager failed: io.github.bonigarcia.wdm.config.WebDriverManagerException: java.net.UnknownHostException: msedgedriver.azureedge.net. Trying fallback methods...
2025-09-29 22:36:56.210 [TestNG-test=Edge Browser Tests-1] INFO  com.nse.stock.utils.DriverManager - Method 2: Searching for local EdgeDriver installation...
2025-09-29 22:36:56.211 [TestNG-test=Edge Browser Tests-1] WARN  com.nse.stock.utils.DriverManager - ? No local EdgeDriver found in standard locations
2025-09-29 22:36:56.211 [TestNG-test=Edge Browser Tests-1] WARN  com.nse.stock.utils.DriverManager - ? No local EdgeDriver found. Proceeding with system PATH...
2025-09-29 22:36:56.211 [TestNG-test=Edge Browser Tests-1] INFO  com.nse.stock.utils.DriverManager - Creating Edge WebDriver with basic options...
2025-09-29 22:36:56.244 [TestNG-test=Edge Browser Tests-1] ERROR com.nse.stock.utils.DriverManager - Failed to create Edge driver: The path to the driver executable must be set by the webdriver.edge.driver system property; for more information, see https://github.com/SeleniumHQ/selenium/wiki/MicrosoftWebDriver. The latest version can be downloaded from http://go.microsoft.com/fwlink/?LinkId=619687
2025-09-29 22:36:56.244 [TestNG-test=Edge Browser Tests-1] ERROR com.nse.stock.base.BaseTest - Failed to setup WebDriver: Edge driver setup failed: The path to the driver executable must be set by the webdriver.edge.driver system property; for more information, see https://github.com/SeleniumHQ/selenium/wiki/MicrosoftWebDriver. The latest version can be downloaded from http://go.microsoft.com/fwlink/?LinkId=619687
java.lang.RuntimeException: Edge driver setup failed: The path to the driver executable must be set by the webdriver.edge.driver system property; for more information, see https://github.com/SeleniumHQ/selenium/wiki/MicrosoftWebDriver. The latest version can be downloaded from http://go.microsoft.com/fwlink/?LinkId=619687
	at com.nse.stock.utils.DriverManager.createEdgeDriverWithFallback(DriverManager.java:188) ~[classes/:?]
	at com.nse.stock.utils.DriverManager.createDriver(DriverManager.java:65) ~[classes/:?]
	at com.nse.stock.utils.DriverManager.getDriver(DriverManager.java:32) ~[classes/:?]
	at com.nse.stock.base.BaseTest.setUp(BaseTest.java:42) ~[classes/:?]
	at sun.reflect.NativeMethodAccessorImpl.invoke0(Native Method) ~[?:1.8.0_91]
	at sun.reflect.NativeMethodAccessorImpl.invoke(NativeMethodAccessorImpl.java:62) ~[?:1.8.0_91]
	at sun.reflect.DelegatingMethodAccessorImpl.invoke(DelegatingMethodAccessorImpl.java:43) ~[?:1.8.0_91]
	at java.lang.reflect.Method.invoke(Method.java:498) ~[?:1.8.0_91]
	at org.testng.internal.MethodInvocationHelper.invokeMethod(MethodInvocationHelper.java:133) ~[testng-7.4.0.jar:7.4.0]
	at org.testng.internal.MethodInvocationHelper.invokeMethodConsideringTimeout(MethodInvocationHelper.java:62) ~[testng-7.4.0.jar:7.4.0]
	at org.testng.internal.ConfigInvoker.invokeConfigurationMethod(ConfigInvoker.java:385) ~[testng-7.4.0.jar:7.4.0]
	at org.testng.internal.ConfigInvoker.invokeConfigurations(ConfigInvoker.java:321) ~[testng-7.4.0.jar:7.4.0]
	at org.testng.internal.TestInvoker.runConfigMethods(TestInvoker.java:700) ~[testng-7.4.0.jar:7.4.0]
	at org.testng.internal.TestInvoker.invokeMethod(TestInvoker.java:527) ~[testng-7.4.0.jar:7.4.0]
	at org.testng.internal.TestInvoker.invokeTestMethod(TestInvoker.java:173) ~[testng-7.4.0.jar:7.4.0]
	at org.testng.internal.MethodRunner.runInSequence(MethodRunner.java:46) ~[testng-7.4.0.jar:7.4.0]
	at org.testng.internal.TestInvoker$MethodInvocationAgent.invoke(TestInvoker.java:824) ~[testng-7.4.0.jar:7.4.0]
	at org.testng.internal.TestInvoker.invokeTestMethods(TestInvoker.java:146) ~[testng-7.4.0.jar:7.4.0]
	at org.testng.internal.TestMethodWorker.invokeTestMethods(TestMethodWorker.java:146) ~[testng-7.4.0.jar:7.4.0]
	at org.testng.internal.TestMethodWorker.run(TestMethodWorker.java:128) ~[testng-7.4.0.jar:7.4.0]
	at java.util.concurrent.ThreadPoolExecutor.runWorker(ThreadPoolExecutor.java:1142) ~[?:1.8.0_91]
	at java.util.concurrent.ThreadPoolExecutor$Worker.run(ThreadPoolExecutor.java:617) ~[?:1.8.0_91]
	at java.lang.Thread.run(Thread.java:745) ~[?:1.8.0_91]
Caused by: java.lang.IllegalStateException: The path to the driver executable must be set by the webdriver.edge.driver system property; for more information, see https://github.com/SeleniumHQ/selenium/wiki/MicrosoftWebDriver. The latest version can be downloaded from http://go.microsoft.com/fwlink/?LinkId=619687
	at com.google.common.base.Preconditions.checkState(Preconditions.java:847) ~[guava-25.0-jre.jar:?]
	at org.openqa.selenium.remote.service.DriverService.findExecutable(DriverService.java:134) ~[selenium-remote-driver-3.141.59.jar:?]
	at org.openqa.selenium.edge.EdgeDriverService.access$000(EdgeDriverService.java:37) ~[selenium-edge-driver-3.141.59.jar:?]
	at org.openqa.selenium.edge.EdgeDriverService$Builder.findDefaultExecutable(EdgeDriverService.java:90) ~[selenium-edge-driver-3.141.59.jar:?]
	at org.openqa.selenium.remote.service.DriverService$Builder.build(DriverService.java:355) ~[selenium-remote-driver-3.141.59.jar:?]
	at org.openqa.selenium.edge.EdgeDriverService.createDefaultService(EdgeDriverService.java:70) ~[selenium-edge-driver-3.141.59.jar:?]
	at org.openqa.selenium.edge.EdgeDriver.<init>(EdgeDriver.java:130) ~[selenium-edge-driver-3.141.59.jar:?]
	at com.nse.stock.utils.DriverManager.createEdgeDriverWithFallback(DriverManager.java:185) ~[classes/:?]
	... 22 more
]]></system-out>
  </testcase>
  <testcase name="testStockProfitLossCalculation[StockInfo{symbol=&apos;TATAMOTORS&apos;, companyName=&apos;Tata Motors Limited&apos;, currentPrice=0.00, priceChange=0.00, percentageChange=0.00%, weekHigh52=0.00, weekLow52=0.00, volume=&apos;null&apos;, marketCap=&apos;null&apos;, purchasePrice=500.00, profitLoss=0.00, profitLossPercentage=0.00%, status=&apos;BREAK_EVEN&apos;}](1)" classname="com.nse.stock.tests.StockProfitLossTest" time="0">
    <skipped message="WebDriver setup failed"/>
    <system-out><![CDATA[2025-09-29 22:36:43.451 [TestNG-test=Chrome Browser Tests-1] INFO  com.nse.stock.listeners.ExtentReportListener - Test started: testStockProfitLossCalculation - Calculate and verify profit/loss for stocks with predefined purchase prices
2025-09-29 22:36:43.451 [TestNG-test=Chrome Browser Tests-1] INFO  com.nse.stock.listeners.ScreenshotListener - Test started: testStockProfitLossCalculation on browser: edge in thread: TestNG-test=Chrome Browser Tests-1
2025-09-29 22:36:43.451 [TestNG-test=Chrome Browser Tests-1] WARN  com.nse.stock.listeners.ExtentReportListener - Test skipped: testStockProfitLossCalculation - WebDriver setup failed
]]></system-out>
  </testcase>
  <testcase name="testStockProfitLossCalculation[StockInfo{symbol=&apos;TATAMOTORS&apos;, companyName=&apos;Tata Motors Limited&apos;, currentPrice=0.00, priceChange=0.00, percentageChange=0.00%, weekHigh52=0.00, weekLow52=0.00, volume=&apos;null&apos;, marketCap=&apos;null&apos;, purchasePrice=500.00, profitLoss=0.00, profitLossPercentage=0.00%, status=&apos;BREAK_EVEN&apos;}](1)" classname="com.nse.stock.tests.StockProfitLossTest" time="0">
    <skipped message="WebDriver setup failed"/>
    <system-out><![CDATA[2025-09-29 22:36:50.772 [TestNG-test=Firefox Browser Tests-1] INFO  com.nse.stock.listeners.ExtentReportListener - Test started: testStockProfitLossCalculation - Calculate and verify profit/loss for stocks with predefined purchase prices
2025-09-29 22:36:50.780 [TestNG-test=Firefox Browser Tests-1] INFO  com.nse.stock.listeners.ScreenshotListener - Test started: testStockProfitLossCalculation on browser: edge in thread: TestNG-test=Firefox Browser Tests-1
2025-09-29 22:36:50.783 [TestNG-test=Firefox Browser Tests-1] WARN  com.nse.stock.listeners.ExtentReportListener - Test skipped: testStockProfitLossCalculation - WebDriver setup failed
]]></system-out>
  </testcase>
  <testcase name="testStockProfitLossCalculation[StockInfo{symbol=&apos;TATAMOTORS&apos;, companyName=&apos;Tata Motors Limited&apos;, currentPrice=0.00, priceChange=0.00, percentageChange=0.00%, weekHigh52=0.00, weekLow52=0.00, volume=&apos;null&apos;, marketCap=&apos;null&apos;, purchasePrice=500.00, profitLoss=0.00, profitLossPercentage=0.00%, status=&apos;BREAK_EVEN&apos;}](1)" classname="com.nse.stock.tests.StockProfitLossTest" time="0">
    <skipped message="WebDriver setup failed"/>
    <system-out><![CDATA[2025-09-29 22:36:56.251 [TestNG-test=Edge Browser Tests-1] INFO  com.nse.stock.listeners.ExtentReportListener - Test started: testStockProfitLossCalculation - Calculate and verify profit/loss for stocks with predefined purchase prices
2025-09-29 22:36:56.251 [TestNG-test=Edge Browser Tests-1] INFO  com.nse.stock.listeners.ScreenshotListener - Test started: testStockProfitLossCalculation on browser: edge in thread: TestNG-test=Edge Browser Tests-1
2025-09-29 22:36:56.251 [TestNG-test=Edge Browser Tests-1] WARN  com.nse.stock.listeners.ExtentReportListener - Test skipped: testStockProfitLossCalculation - WebDriver setup failed
]]></system-out>
  </testcase>
  <testcase name="tearDown" classname="com.nse.stock.tests.StockProfitLossTest" time="0">
    <skipped/>
    <system-out><![CDATA[2025-09-29 22:36:43.459 [TestNG-test=Chrome Browser Tests-1] WARN  com.nse.stock.listeners.ScreenshotListener - WebDriver is null, cannot capture screenshot for test: testStockProfitLossCalculation
]]></system-out>
  </testcase>
  <testcase name="tearDown" classname="com.nse.stock.tests.StockProfitLossTest" time="0">
    <skipped/>
    <system-out><![CDATA[2025-09-29 22:36:43.470 [TestNG-test=Chrome Browser Tests-1] WARN  com.nse.stock.listeners.ScreenshotListener - WebDriver is null, cannot capture screenshot for test: testStockProfitLossCalculation
]]></system-out>
  </testcase>
  <testcase name="tearDown" classname="com.nse.stock.tests.StockProfitLossTest" time="0">
    <skipped/>
    <system-out><![CDATA[2025-09-29 22:36:43.487 [TestNG-test=Chrome Browser Tests-1] WARN  com.nse.stock.listeners.ScreenshotListener - WebDriver is null, cannot capture screenshot for test: testStockProfitLossCalculation
]]></system-out>
  </testcase>
  <testcase name="tearDown" classname="com.nse.stock.tests.StockProfitLossTest" time="0">
    <skipped/>
    <system-out><![CDATA[2025-09-29 22:36:43.503 [TestNG-test=Chrome Browser Tests-1] WARN  com.nse.stock.listeners.ScreenshotListener - WebDriver is null, cannot capture screenshot for test: testStockProfitLossCalculation
]]></system-out>
  </testcase>
  <testcase name="tearDown" classname="com.nse.stock.tests.StockProfitLossTest" time="0">
    <skipped/>
    <system-out><![CDATA[2025-09-29 22:36:43.512 [TestNG-test=Chrome Browser Tests-1] WARN  com.nse.stock.listeners.ScreenshotListener - WebDriver is null, cannot capture screenshot for test: testStockProfitLossCalculation
]]></system-out>
  </testcase>
  <testcase name="tearDown" classname="com.nse.stock.tests.StockProfitLossTest" time="0">
    <skipped/>
    <system-out><![CDATA[2025-09-29 22:36:43.622 [TestNG-test=Chrome Browser Tests-1] WARN  com.nse.stock.listeners.ScreenshotListener - WebDriver is null, cannot capture screenshot for test: testTataMotorsProfitLoss
]]></system-out>
  </testcase>
  <testcase name="tearDown" classname="com.nse.stock.tests.StockProfitLossTest" time="0">
    <skipped/>
    <system-out><![CDATA[2025-09-29 22:36:43.654 [TestNG-test=Chrome Browser Tests-1] WARN  com.nse.stock.listeners.ScreenshotListener - WebDriver is null, cannot capture screenshot for test: testCustomPurchasePriceProfitLoss
]]></system-out>
  </testcase>
  <testcase name="tearDown" classname="com.nse.stock.tests.StockProfitLossTest" time="0">
    <skipped/>
    <system-out><![CDATA[2025-09-29 22:36:43.703 [TestNG-test=Chrome Browser Tests-1] WARN  com.nse.stock.listeners.ScreenshotListener - WebDriver is null, cannot capture screenshot for test: testBatchProfitLossCalculation
]]></system-out>
  </testcase>
  <testcase name="tearDown" classname="com.nse.stock.tests.StockProfitLossTest" time="0">
    <skipped/>
    <system-out><![CDATA[2025-09-29 22:36:43.752 [TestNG-test=Chrome Browser Tests-1] WARN  com.nse.stock.listeners.ScreenshotListener - WebDriver is null, cannot capture screenshot for test: testProfitLossEdgeCases
]]></system-out>
  </testcase>
  <testcase name="tearDown" classname="com.nse.stock.tests.StockProfitLossTest" time="0">
    <skipped/>
    <system-out><![CDATA[2025-09-29 22:36:50.783 [TestNG-test=Firefox Browser Tests-1] WARN  com.nse.stock.listeners.ScreenshotListener - WebDriver is null, cannot capture screenshot for test: testStockProfitLossCalculation
]]></system-out>
  </testcase>
  <testcase name="tearDown" classname="com.nse.stock.tests.StockProfitLossTest" time="0">
    <skipped/>
    <system-out><![CDATA[2025-09-29 22:36:50.880 [TestNG-test=Firefox Browser Tests-1] WARN  com.nse.stock.listeners.ScreenshotListener - WebDriver is null, cannot capture screenshot for test: testStockProfitLossCalculation
]]></system-out>
  </testcase>
  <testcase name="tearDown" classname="com.nse.stock.tests.StockProfitLossTest" time="0">
    <skipped/>
    <system-out><![CDATA[2025-09-29 22:36:50.884 [TestNG-test=Firefox Browser Tests-1] WARN  com.nse.stock.listeners.ScreenshotListener - WebDriver is null, cannot capture screenshot for test: testStockProfitLossCalculation
]]></system-out>
  </testcase>
  <testcase name="tearDown" classname="com.nse.stock.tests.StockProfitLossTest" time="0">
    <skipped/>
    <system-out><![CDATA[2025-09-29 22:36:50.916 [TestNG-test=Firefox Browser Tests-1] WARN  com.nse.stock.listeners.ScreenshotListener - WebDriver is null, cannot capture screenshot for test: testStockProfitLossCalculation
]]></system-out>
  </testcase>
  <testcase name="tearDown" classname="com.nse.stock.tests.StockProfitLossTest" time="0">
    <skipped/>
    <system-out><![CDATA[2025-09-29 22:36:50.935 [TestNG-test=Firefox Browser Tests-1] WARN  com.nse.stock.listeners.ScreenshotListener - WebDriver is null, cannot capture screenshot for test: testStockProfitLossCalculation
]]></system-out>
  </testcase>
  <testcase name="tearDown" classname="com.nse.stock.tests.StockProfitLossTest" time="0">
    <skipped/>
    <system-out><![CDATA[2025-09-29 22:36:51.000 [TestNG-test=Firefox Browser Tests-1] WARN  com.nse.stock.listeners.ScreenshotListener - WebDriver is null, cannot capture screenshot for test: testTataMotorsProfitLoss
]]></system-out>
  </testcase>
  <testcase name="tearDown" classname="com.nse.stock.tests.StockProfitLossTest" time="0">
    <skipped/>
    <system-out><![CDATA[2025-09-29 22:36:51.047 [TestNG-test=Firefox Browser Tests-1] WARN  com.nse.stock.listeners.ScreenshotListener - WebDriver is null, cannot capture screenshot for test: testCustomPurchasePriceProfitLoss
]]></system-out>
  </testcase>
  <testcase name="tearDown" classname="com.nse.stock.tests.StockProfitLossTest" time="0">
    <skipped/>
    <system-out><![CDATA[2025-09-29 22:36:51.119 [TestNG-test=Firefox Browser Tests-1] WARN  com.nse.stock.listeners.ScreenshotListener - WebDriver is null, cannot capture screenshot for test: testBatchProfitLossCalculation
]]></system-out>
  </testcase>
  <testcase name="tearDown" classname="com.nse.stock.tests.StockProfitLossTest" time="0">
    <skipped/>
    <system-out><![CDATA[2025-09-29 22:36:51.160 [TestNG-test=Firefox Browser Tests-1] WARN  com.nse.stock.listeners.ScreenshotListener - WebDriver is null, cannot capture screenshot for test: testProfitLossEdgeCases
]]></system-out>
  </testcase>
  <testcase name="tearDown" classname="com.nse.stock.tests.StockProfitLossTest" time="0">
    <skipped/>
    <system-out><![CDATA[2025-09-29 22:36:56.259 [TestNG-test=Edge Browser Tests-1] WARN  com.nse.stock.listeners.ScreenshotListener - WebDriver is null, cannot capture screenshot for test: testStockProfitLossCalculation
]]></system-out>
  </testcase>
  <testcase name="tearDown" classname="com.nse.stock.tests.StockProfitLossTest" time="0">
    <skipped/>
    <system-out><![CDATA[2025-09-29 22:36:56.259 [TestNG-test=Edge Browser Tests-1] WARN  com.nse.stock.listeners.ScreenshotListener - WebDriver is null, cannot capture screenshot for test: testStockProfitLossCalculation
]]></system-out>
  </testcase>
  <testcase name="tearDown" classname="com.nse.stock.tests.StockProfitLossTest" time="0">
    <skipped/>
    <system-out><![CDATA[2025-09-29 22:36:56.270 [TestNG-test=Edge Browser Tests-1] WARN  com.nse.stock.listeners.ScreenshotListener - WebDriver is null, cannot capture screenshot for test: testStockProfitLossCalculation
]]></system-out>
  </testcase>
  <testcase name="tearDown" classname="com.nse.stock.tests.StockProfitLossTest" time="0">
    <skipped/>
    <system-out><![CDATA[2025-09-29 22:36:56.280 [TestNG-test=Edge Browser Tests-1] WARN  com.nse.stock.listeners.ScreenshotListener - WebDriver is null, cannot capture screenshot for test: testStockProfitLossCalculation
]]></system-out>
  </testcase>
  <testcase name="tearDown" classname="com.nse.stock.tests.StockProfitLossTest" time="0">
    <skipped/>
    <system-out><![CDATA[2025-09-29 22:36:56.296 [TestNG-test=Edge Browser Tests-1] WARN  com.nse.stock.listeners.ScreenshotListener - WebDriver is null, cannot capture screenshot for test: testStockProfitLossCalculation
]]></system-out>
  </testcase>
  <testcase name="tearDown" classname="com.nse.stock.tests.StockProfitLossTest" time="0">
    <skipped/>
    <system-out><![CDATA[2025-09-29 22:36:56.331 [TestNG-test=Edge Browser Tests-1] WARN  com.nse.stock.listeners.ScreenshotListener - WebDriver is null, cannot capture screenshot for test: testTataMotorsProfitLoss
]]></system-out>
  </testcase>
  <testcase name="tearDown" classname="com.nse.stock.tests.StockProfitLossTest" time="0">
    <skipped/>
    <system-out><![CDATA[2025-09-29 22:36:56.347 [TestNG-test=Edge Browser Tests-1] WARN  com.nse.stock.listeners.ScreenshotListener - WebDriver is null, cannot capture screenshot for test: testCustomPurchasePriceProfitLoss
]]></system-out>
  </testcase>
  <testcase name="tearDown" classname="com.nse.stock.tests.StockProfitLossTest" time="0">
    <skipped/>
    <system-out><![CDATA[2025-09-29 22:36:56.397 [TestNG-test=Edge Browser Tests-1] WARN  com.nse.stock.listeners.ScreenshotListener - WebDriver is null, cannot capture screenshot for test: testBatchProfitLossCalculation
]]></system-out>
  </testcase>
  <testcase name="tearDown" classname="com.nse.stock.tests.StockProfitLossTest" time="0">
    <skipped/>
    <system-out><![CDATA[2025-09-29 22:36:56.442 [TestNG-test=Edge Browser Tests-1] WARN  com.nse.stock.listeners.ScreenshotListener - WebDriver is null, cannot capture screenshot for test: testProfitLossEdgeCases
]]></system-out>
  </testcase>
  <testcase name="setUp" classname="com.nse.stock.tests.StockProfitLossTest" time="0">
    <skipped/>
  </testcase>
  <testcase name="setUp" classname="com.nse.stock.tests.StockProfitLossTest" time="0">
    <skipped/>
  </testcase>
  <testcase name="setUp" classname="com.nse.stock.tests.StockProfitLossTest" time="0">
    <skipped/>
  </testcase>
  <testcase name="setUp" classname="com.nse.stock.tests.StockProfitLossTest" time="0">
    <skipped/>
  </testcase>
  <testcase name="setUp" classname="com.nse.stock.tests.StockProfitLossTest" time="0">
    <skipped/>
  </testcase>
  <testcase name="setUp" classname="com.nse.stock.tests.StockProfitLossTest" time="0">
    <skipped/>
  </testcase>
  <testcase name="setUp" classname="com.nse.stock.tests.StockProfitLossTest" time="0">
    <skipped/>
  </testcase>
  <testcase name="setUp" classname="com.nse.stock.tests.StockProfitLossTest" time="0">
    <skipped/>
  </testcase>
  <testcase name="setUp" classname="com.nse.stock.tests.StockProfitLossTest" time="0">
    <skipped/>
  </testcase>
  <testcase name="setUp" classname="com.nse.stock.tests.StockProfitLossTest" time="0">
    <skipped/>
  </testcase>
  <testcase name="setUp" classname="com.nse.stock.tests.StockProfitLossTest" time="0">
    <skipped/>
  </testcase>
  <testcase name="setUp" classname="com.nse.stock.tests.StockProfitLossTest" time="0">
    <skipped/>
  </testcase>
  <testcase name="setUp" classname="com.nse.stock.tests.StockProfitLossTest" time="0">
    <skipped/>
  </testcase>
  <testcase name="setUp" classname="com.nse.stock.tests.StockProfitLossTest" time="0">
    <skipped/>
  </testcase>
  <testcase name="setUp" classname="com.nse.stock.tests.StockProfitLossTest" time="0">
    <skipped/>
  </testcase>
  <testcase name="setUp" classname="com.nse.stock.tests.StockProfitLossTest" time="0">
    <skipped/>
  </testcase>
  <testcase name="setUp" classname="com.nse.stock.tests.StockProfitLossTest" time="0">
    <skipped/>
  </testcase>
  <testcase name="setUp" classname="com.nse.stock.tests.StockProfitLossTest" time="0">
    <skipped/>
  </testcase>
  <testcase name="setUp" classname="com.nse.stock.tests.StockProfitLossTest" time="0">
    <skipped/>
  </testcase>
  <testcase name="setUp" classname="com.nse.stock.tests.StockProfitLossTest" time="0">
    <skipped/>
  </testcase>
  <testcase name="setUp" classname="com.nse.stock.tests.StockProfitLossTest" time="0">
    <skipped/>
  </testcase>
  <testcase name="setUp" classname="com.nse.stock.tests.StockProfitLossTest" time="0">
    <skipped/>
  </testcase>
  <testcase name="setUp" classname="com.nse.stock.tests.StockProfitLossTest" time="0">
    <skipped/>
  </testcase>
  <testcase name="setUp" classname="com.nse.stock.tests.StockProfitLossTest" time="0">
    <skipped/>
  </testcase>
  <testcase name="testStockProfitLossCalculation[StockInfo{symbol=&apos;RELIANCE&apos;, companyName=&apos;Reliance Industries Limited&apos;, currentPrice=0.00, priceChange=0.00, percentageChange=0.00%, weekHigh52=0.00, weekLow52=0.00, volume=&apos;null&apos;, marketCap=&apos;null&apos;, purchasePrice=2500.00, profitLoss=0.00, profitLossPercentage=0.00%, status=&apos;BREAK_EVEN&apos;}](2)" classname="com.nse.stock.tests.StockProfitLossTest" time="0">
    <skipped message="WebDriver setup failed"/>
    <system-out><![CDATA[2025-09-29 22:36:43.459 [TestNG-test=Chrome Browser Tests-1] INFO  com.nse.stock.listeners.ExtentReportListener - Test started: testStockProfitLossCalculation - Calculate and verify profit/loss for stocks with predefined purchase prices
2025-09-29 22:36:43.459 [TestNG-test=Chrome Browser Tests-1] INFO  com.nse.stock.listeners.ScreenshotListener - Test started: testStockProfitLossCalculation on browser: edge in thread: TestNG-test=Chrome Browser Tests-1
2025-09-29 22:36:43.467 [TestNG-test=Chrome Browser Tests-1] WARN  com.nse.stock.listeners.ExtentReportListener - Test skipped: testStockProfitLossCalculation - WebDriver setup failed
]]></system-out>
  </testcase>
  <testcase name="testStockProfitLossCalculation[StockInfo{symbol=&apos;RELIANCE&apos;, companyName=&apos;Reliance Industries Limited&apos;, currentPrice=0.00, priceChange=0.00, percentageChange=0.00%, weekHigh52=0.00, weekLow52=0.00, volume=&apos;null&apos;, marketCap=&apos;null&apos;, purchasePrice=2500.00, profitLoss=0.00, profitLossPercentage=0.00%, status=&apos;BREAK_EVEN&apos;}](2)" classname="com.nse.stock.tests.StockProfitLossTest" time="0">
    <skipped message="WebDriver setup failed"/>
    <system-out><![CDATA[2025-09-29 22:36:50.867 [TestNG-test=Firefox Browser Tests-1] INFO  com.nse.stock.listeners.ExtentReportListener - Test started: testStockProfitLossCalculation - Calculate and verify profit/loss for stocks with predefined purchase prices
2025-09-29 22:36:50.880 [TestNG-test=Firefox Browser Tests-1] INFO  com.nse.stock.listeners.ScreenshotListener - Test started: testStockProfitLossCalculation on browser: edge in thread: TestNG-test=Firefox Browser Tests-1
2025-09-29 22:36:50.880 [TestNG-test=Firefox Browser Tests-1] WARN  com.nse.stock.listeners.ExtentReportListener - Test skipped: testStockProfitLossCalculation - WebDriver setup failed
]]></system-out>
  </testcase>
  <testcase name="testStockProfitLossCalculation[StockInfo{symbol=&apos;RELIANCE&apos;, companyName=&apos;Reliance Industries Limited&apos;, currentPrice=0.00, priceChange=0.00, percentageChange=0.00%, weekHigh52=0.00, weekLow52=0.00, volume=&apos;null&apos;, marketCap=&apos;null&apos;, purchasePrice=2500.00, profitLoss=0.00, profitLossPercentage=0.00%, status=&apos;BREAK_EVEN&apos;}](2)" classname="com.nse.stock.tests.StockProfitLossTest" time="0">
    <skipped message="WebDriver setup failed"/>
    <system-out><![CDATA[2025-09-29 22:36:56.259 [TestNG-test=Edge Browser Tests-1] INFO  com.nse.stock.listeners.ExtentReportListener - Test started: testStockProfitLossCalculation - Calculate and verify profit/loss for stocks with predefined purchase prices
2025-09-29 22:36:56.259 [TestNG-test=Edge Browser Tests-1] INFO  com.nse.stock.listeners.ScreenshotListener - Test started: testStockProfitLossCalculation on browser: edge in thread: TestNG-test=Edge Browser Tests-1
2025-09-29 22:36:56.259 [TestNG-test=Edge Browser Tests-1] WARN  com.nse.stock.listeners.ExtentReportListener - Test skipped: testStockProfitLossCalculation - WebDriver setup failed
]]></system-out>
  </testcase>
  <testcase name="testStockProfitLossCalculation[StockInfo{symbol=&apos;INFY&apos;, companyName=&apos;Infosys Limited&apos;, currentPrice=0.00, priceChange=0.00, percentageChange=0.00%, weekHigh52=0.00, weekLow52=0.00, volume=&apos;null&apos;, marketCap=&apos;null&apos;, purchasePrice=1500.00, profitLoss=0.00, profitLossPercentage=0.00%, status=&apos;BREAK_EVEN&apos;}](3)" classname="com.nse.stock.tests.StockProfitLossTest" time="0">
    <skipped message="WebDriver setup failed"/>
    <system-out><![CDATA[2025-09-29 22:36:43.470 [TestNG-test=Chrome Browser Tests-1] INFO  com.nse.stock.listeners.ExtentReportListener - Test started: testStockProfitLossCalculation - Calculate and verify profit/loss for stocks with predefined purchase prices
2025-09-29 22:36:43.470 [TestNG-test=Chrome Browser Tests-1] INFO  com.nse.stock.listeners.ScreenshotListener - Test started: testStockProfitLossCalculation on browser: edge in thread: TestNG-test=Chrome Browser Tests-1
2025-09-29 22:36:43.484 [TestNG-test=Chrome Browser Tests-1] WARN  com.nse.stock.listeners.ExtentReportListener - Test skipped: testStockProfitLossCalculation - WebDriver setup failed
]]></system-out>
  </testcase>
  <testcase name="testStockProfitLossCalculation[StockInfo{symbol=&apos;INFY&apos;, companyName=&apos;Infosys Limited&apos;, currentPrice=0.00, priceChange=0.00, percentageChange=0.00%, weekHigh52=0.00, weekLow52=0.00, volume=&apos;null&apos;, marketCap=&apos;null&apos;, purchasePrice=1500.00, profitLoss=0.00, profitLossPercentage=0.00%, status=&apos;BREAK_EVEN&apos;}](3)" classname="com.nse.stock.tests.StockProfitLossTest" time="0">
    <skipped message="WebDriver setup failed"/>
    <system-out><![CDATA[2025-09-29 22:36:50.884 [TestNG-test=Firefox Browser Tests-1] INFO  com.nse.stock.listeners.ExtentReportListener - Test started: testStockProfitLossCalculation - Calculate and verify profit/loss for stocks with predefined purchase prices
2025-09-29 22:36:50.884 [TestNG-test=Firefox Browser Tests-1] INFO  com.nse.stock.listeners.ScreenshotListener - Test started: testStockProfitLossCalculation on browser: edge in thread: TestNG-test=Firefox Browser Tests-1
2025-09-29 22:36:50.884 [TestNG-test=Firefox Browser Tests-1] WARN  com.nse.stock.listeners.ExtentReportListener - Test skipped: testStockProfitLossCalculation - WebDriver setup failed
]]></system-out>
  </testcase>
  <testcase name="testStockProfitLossCalculation[StockInfo{symbol=&apos;INFY&apos;, companyName=&apos;Infosys Limited&apos;, currentPrice=0.00, priceChange=0.00, percentageChange=0.00%, weekHigh52=0.00, weekLow52=0.00, volume=&apos;null&apos;, marketCap=&apos;null&apos;, purchasePrice=1500.00, profitLoss=0.00, profitLossPercentage=0.00%, status=&apos;BREAK_EVEN&apos;}](3)" classname="com.nse.stock.tests.StockProfitLossTest" time="0">
    <skipped message="WebDriver setup failed"/>
    <system-out><![CDATA[2025-09-29 22:36:56.267 [TestNG-test=Edge Browser Tests-1] INFO  com.nse.stock.listeners.ExtentReportListener - Test started: testStockProfitLossCalculation - Calculate and verify profit/loss for stocks with predefined purchase prices
2025-09-29 22:36:56.267 [TestNG-test=Edge Browser Tests-1] INFO  com.nse.stock.listeners.ScreenshotListener - Test started: testStockProfitLossCalculation on browser: edge in thread: TestNG-test=Edge Browser Tests-1
2025-09-29 22:36:56.270 [TestNG-test=Edge Browser Tests-1] WARN  com.nse.stock.listeners.ExtentReportListener - Test skipped: testStockProfitLossCalculation - WebDriver setup failed
]]></system-out>
  </testcase>
  <testcase name="testStockProfitLossCalculation[StockInfo{symbol=&apos;TCS&apos;, companyName=&apos;Tata Consultancy Services Limited&apos;, currentPrice=0.00, priceChange=0.00, percentageChange=0.00%, weekHigh52=0.00, weekLow52=0.00, volume=&apos;null&apos;, marketCap=&apos;null&apos;, purchasePrice=3500.00, profitLoss=0.00, profitLossPercentage=0.00%, status=&apos;BREAK_EVEN&apos;}](4)" classname="com.nse.stock.tests.StockProfitLossTest" time="0">
    <skipped message="WebDriver setup failed"/>
    <system-out><![CDATA[2025-09-29 22:36:43.487 [TestNG-test=Chrome Browser Tests-1] INFO  com.nse.stock.listeners.ExtentReportListener - Test started: testStockProfitLossCalculation - Calculate and verify profit/loss for stocks with predefined purchase prices
2025-09-29 22:36:43.495 [TestNG-test=Chrome Browser Tests-1] INFO  com.nse.stock.listeners.ScreenshotListener - Test started: testStockProfitLossCalculation on browser: edge in thread: TestNG-test=Chrome Browser Tests-1
2025-09-29 22:36:43.495 [TestNG-test=Chrome Browser Tests-1] WARN  com.nse.stock.listeners.ExtentReportListener - Test skipped: testStockProfitLossCalculation - WebDriver setup failed
]]></system-out>
  </testcase>
  <testcase name="testStockProfitLossCalculation[StockInfo{symbol=&apos;TCS&apos;, companyName=&apos;Tata Consultancy Services Limited&apos;, currentPrice=0.00, priceChange=0.00, percentageChange=0.00%, weekHigh52=0.00, weekLow52=0.00, volume=&apos;null&apos;, marketCap=&apos;null&apos;, purchasePrice=3500.00, profitLoss=0.00, profitLossPercentage=0.00%, status=&apos;BREAK_EVEN&apos;}](4)" classname="com.nse.stock.tests.StockProfitLossTest" time="0">
    <skipped message="WebDriver setup failed"/>
    <system-out><![CDATA[2025-09-29 22:36:50.892 [TestNG-test=Firefox Browser Tests-1] INFO  com.nse.stock.listeners.ExtentReportListener - Test started: testStockProfitLossCalculation - Calculate and verify profit/loss for stocks with predefined purchase prices
2025-09-29 22:36:50.913 [TestNG-test=Firefox Browser Tests-1] INFO  com.nse.stock.listeners.ScreenshotListener - Test started: testStockProfitLossCalculation on browser: edge in thread: TestNG-test=Firefox Browser Tests-1
2025-09-29 22:36:50.916 [TestNG-test=Firefox Browser Tests-1] WARN  com.nse.stock.listeners.ExtentReportListener - Test skipped: testStockProfitLossCalculation - WebDriver setup failed
]]></system-out>
  </testcase>
  <testcase name="testStockProfitLossCalculation[StockInfo{symbol=&apos;TCS&apos;, companyName=&apos;Tata Consultancy Services Limited&apos;, currentPrice=0.00, priceChange=0.00, percentageChange=0.00%, weekHigh52=0.00, weekLow52=0.00, volume=&apos;null&apos;, marketCap=&apos;null&apos;, purchasePrice=3500.00, profitLoss=0.00, profitLossPercentage=0.00%, status=&apos;BREAK_EVEN&apos;}](4)" classname="com.nse.stock.tests.StockProfitLossTest" time="0">
    <skipped message="WebDriver setup failed"/>
    <system-out><![CDATA[2025-09-29 22:36:56.270 [TestNG-test=Edge Browser Tests-1] INFO  com.nse.stock.listeners.ExtentReportListener - Test started: testStockProfitLossCalculation - Calculate and verify profit/loss for stocks with predefined purchase prices
2025-09-29 22:36:56.270 [TestNG-test=Edge Browser Tests-1] INFO  com.nse.stock.listeners.ScreenshotListener - Test started: testStockProfitLossCalculation on browser: edge in thread: TestNG-test=Edge Browser Tests-1
2025-09-29 22:36:56.270 [TestNG-test=Edge Browser Tests-1] WARN  com.nse.stock.listeners.ExtentReportListener - Test skipped: testStockProfitLossCalculation - WebDriver setup failed
]]></system-out>
  </testcase>
  <testcase name="testStockProfitLossCalculation[StockInfo{symbol=&apos;HDFCBANK&apos;, companyName=&apos;HDFC Bank Limited&apos;, currentPrice=0.00, priceChange=0.00, percentageChange=0.00%, weekHigh52=0.00, weekLow52=0.00, volume=&apos;null&apos;, marketCap=&apos;null&apos;, purchasePrice=1600.00, profitLoss=0.00, profitLossPercentage=0.00%, status=&apos;BREAK_EVEN&apos;}](5)" classname="com.nse.stock.tests.StockProfitLossTest" time="0">
    <skipped message="WebDriver setup failed"/>
    <system-out><![CDATA[2025-09-29 22:36:43.503 [TestNG-test=Chrome Browser Tests-1] INFO  com.nse.stock.listeners.ExtentReportListener - Test started: testStockProfitLossCalculation - Calculate and verify profit/loss for stocks with predefined purchase prices
2025-09-29 22:36:43.503 [TestNG-test=Chrome Browser Tests-1] INFO  com.nse.stock.listeners.ScreenshotListener - Test started: testStockProfitLossCalculation on browser: edge in thread: TestNG-test=Chrome Browser Tests-1
2025-09-29 22:36:43.503 [TestNG-test=Chrome Browser Tests-1] WARN  com.nse.stock.listeners.ExtentReportListener - Test skipped: testStockProfitLossCalculation - WebDriver setup failed
]]></system-out>
  </testcase>
  <testcase name="testStockProfitLossCalculation[StockInfo{symbol=&apos;HDFCBANK&apos;, companyName=&apos;HDFC Bank Limited&apos;, currentPrice=0.00, priceChange=0.00, percentageChange=0.00%, weekHigh52=0.00, weekLow52=0.00, volume=&apos;null&apos;, marketCap=&apos;null&apos;, purchasePrice=1600.00, profitLoss=0.00, profitLossPercentage=0.00%, status=&apos;BREAK_EVEN&apos;}](5)" classname="com.nse.stock.tests.StockProfitLossTest" time="0">
    <skipped message="WebDriver setup failed"/>
    <system-out><![CDATA[2025-09-29 22:36:50.924 [TestNG-test=Firefox Browser Tests-1] INFO  com.nse.stock.listeners.ExtentReportListener - Test started: testStockProfitLossCalculation - Calculate and verify profit/loss for stocks with predefined purchase prices
2025-09-29 22:36:50.924 [TestNG-test=Firefox Browser Tests-1] INFO  com.nse.stock.listeners.ScreenshotListener - Test started: testStockProfitLossCalculation on browser: edge in thread: TestNG-test=Firefox Browser Tests-1
2025-09-29 22:36:50.931 [TestNG-test=Firefox Browser Tests-1] WARN  com.nse.stock.listeners.ExtentReportListener - Test skipped: testStockProfitLossCalculation - WebDriver setup failed
]]></system-out>
  </testcase>
  <testcase name="testStockProfitLossCalculation[StockInfo{symbol=&apos;HDFCBANK&apos;, companyName=&apos;HDFC Bank Limited&apos;, currentPrice=0.00, priceChange=0.00, percentageChange=0.00%, weekHigh52=0.00, weekLow52=0.00, volume=&apos;null&apos;, marketCap=&apos;null&apos;, purchasePrice=1600.00, profitLoss=0.00, profitLossPercentage=0.00%, status=&apos;BREAK_EVEN&apos;}](5)" classname="com.nse.stock.tests.StockProfitLossTest" time="0">
    <skipped message="WebDriver setup failed"/>
    <system-out><![CDATA[2025-09-29 22:36:56.288 [TestNG-test=Edge Browser Tests-1] INFO  com.nse.stock.listeners.ExtentReportListener - Test started: testStockProfitLossCalculation - Calculate and verify profit/loss for stocks with predefined purchase prices
2025-09-29 22:36:56.288 [TestNG-test=Edge Browser Tests-1] INFO  com.nse.stock.listeners.ScreenshotListener - Test started: testStockProfitLossCalculation on browser: edge in thread: TestNG-test=Edge Browser Tests-1
2025-09-29 22:36:56.296 [TestNG-test=Edge Browser Tests-1] WARN  com.nse.stock.listeners.ExtentReportListener - Test skipped: testStockProfitLossCalculation - WebDriver setup failed
]]></system-out>
  </testcase>
  <testcase name="testTataMotorsProfitLoss" classname="com.nse.stock.tests.StockProfitLossTest" time="0">
    <skipped message="WebDriver setup failed"/>
    <system-out><![CDATA[2025-09-29 22:36:43.601 [TestNG-test=Chrome Browser Tests-1] INFO  com.nse.stock.listeners.ExtentReportListener - Test started: testTataMotorsProfitLoss - Test profit/loss calculation for TATAMOTORS with specific purchase price
2025-09-29 22:36:43.604 [TestNG-test=Chrome Browser Tests-1] INFO  com.nse.stock.listeners.ScreenshotListener - Test started: testTataMotorsProfitLoss on browser: edge in thread: TestNG-test=Chrome Browser Tests-1
2025-09-29 22:36:43.622 [TestNG-test=Chrome Browser Tests-1] WARN  com.nse.stock.listeners.ExtentReportListener - Test skipped: testTataMotorsProfitLoss - WebDriver setup failed
]]></system-out>
  </testcase>
  <testcase name="testTataMotorsProfitLoss" classname="com.nse.stock.tests.StockProfitLossTest" time="0">
    <skipped message="WebDriver setup failed"/>
    <system-out><![CDATA[2025-09-29 22:36:50.995 [TestNG-test=Firefox Browser Tests-1] INFO  com.nse.stock.listeners.ExtentReportListener - Test started: testTataMotorsProfitLoss - Test profit/loss calculation for TATAMOTORS with specific purchase price
2025-09-29 22:36:51.000 [TestNG-test=Firefox Browser Tests-1] INFO  com.nse.stock.listeners.ScreenshotListener - Test started: testTataMotorsProfitLoss on browser: edge in thread: TestNG-test=Firefox Browser Tests-1
2025-09-29 22:36:51.000 [TestNG-test=Firefox Browser Tests-1] WARN  com.nse.stock.listeners.ExtentReportListener - Test skipped: testTataMotorsProfitLoss - WebDriver setup failed
]]></system-out>
  </testcase>
  <testcase name="testTataMotorsProfitLoss" classname="com.nse.stock.tests.StockProfitLossTest" time="0">
    <skipped message="WebDriver setup failed"/>
    <system-out><![CDATA[2025-09-29 22:36:56.323 [TestNG-test=Edge Browser Tests-1] INFO  com.nse.stock.listeners.ExtentReportListener - Test started: testTataMotorsProfitLoss - Test profit/loss calculation for TATAMOTORS with specific purchase price
2025-09-29 22:36:56.323 [TestNG-test=Edge Browser Tests-1] INFO  com.nse.stock.listeners.ScreenshotListener - Test started: testTataMotorsProfitLoss on browser: edge in thread: TestNG-test=Edge Browser Tests-1
2025-09-29 22:36:56.331 [TestNG-test=Edge Browser Tests-1] WARN  com.nse.stock.listeners.ExtentReportListener - Test skipped: testTataMotorsProfitLoss - WebDriver setup failed
]]></system-out>
  </testcase>
  <testcase name="testCustomPurchasePriceProfitLoss" classname="com.nse.stock.tests.StockProfitLossTest" time="0">
    <skipped message="WebDriver setup failed"/>
    <system-out><![CDATA[2025-09-29 22:36:43.647 [TestNG-test=Chrome Browser Tests-1] INFO  com.nse.stock.listeners.ExtentReportListener - Test started: testCustomPurchasePriceProfitLoss - Test profit/loss calculation with custom purchase price
2025-09-29 22:36:43.647 [TestNG-test=Chrome Browser Tests-1] INFO  com.nse.stock.listeners.ScreenshotListener - Test started: testCustomPurchasePriceProfitLoss on browser: edge in thread: TestNG-test=Chrome Browser Tests-1
2025-09-29 22:36:43.654 [TestNG-test=Chrome Browser Tests-1] WARN  com.nse.stock.listeners.ExtentReportListener - Test skipped: testCustomPurchasePriceProfitLoss - WebDriver setup failed
]]></system-out>
  </testcase>
  <testcase name="testCustomPurchasePriceProfitLoss" classname="com.nse.stock.tests.StockProfitLossTest" time="0">
    <skipped message="WebDriver setup failed"/>
    <system-out><![CDATA[2025-09-29 22:36:51.043 [TestNG-test=Firefox Browser Tests-1] INFO  com.nse.stock.listeners.ExtentReportListener - Test started: testCustomPurchasePriceProfitLoss - Test profit/loss calculation with custom purchase price
2025-09-29 22:36:51.043 [TestNG-test=Firefox Browser Tests-1] INFO  com.nse.stock.listeners.ScreenshotListener - Test started: testCustomPurchasePriceProfitLoss on browser: edge in thread: TestNG-test=Firefox Browser Tests-1
2025-09-29 22:36:51.047 [TestNG-test=Firefox Browser Tests-1] WARN  com.nse.stock.listeners.ExtentReportListener - Test skipped: testCustomPurchasePriceProfitLoss - WebDriver setup failed
]]></system-out>
  </testcase>
  <testcase name="testCustomPurchasePriceProfitLoss" classname="com.nse.stock.tests.StockProfitLossTest" time="0">
    <skipped message="WebDriver setup failed"/>
    <system-out><![CDATA[2025-09-29 22:36:56.344 [TestNG-test=Edge Browser Tests-1] INFO  com.nse.stock.listeners.ExtentReportListener - Test started: testCustomPurchasePriceProfitLoss - Test profit/loss calculation with custom purchase price
2025-09-29 22:36:56.345 [TestNG-test=Edge Browser Tests-1] INFO  com.nse.stock.listeners.ScreenshotListener - Test started: testCustomPurchasePriceProfitLoss on browser: edge in thread: TestNG-test=Edge Browser Tests-1
2025-09-29 22:36:56.345 [TestNG-test=Edge Browser Tests-1] WARN  com.nse.stock.listeners.ExtentReportListener - Test skipped: testCustomPurchasePriceProfitLoss - WebDriver setup failed
]]></system-out>
  </testcase>
  <testcase name="testBatchProfitLossCalculation" classname="com.nse.stock.tests.StockProfitLossTest" time="0">
    <skipped message="WebDriver setup failed"/>
    <system-out><![CDATA[2025-09-29 22:36:43.699 [TestNG-test=Chrome Browser Tests-1] INFO  com.nse.stock.listeners.ExtentReportListener - Test started: testBatchProfitLossCalculation - Test profit/loss calculation for multiple stocks in batch
2025-09-29 22:36:43.703 [TestNG-test=Chrome Browser Tests-1] INFO  com.nse.stock.listeners.ScreenshotListener - Test started: testBatchProfitLossCalculation on browser: edge in thread: TestNG-test=Chrome Browser Tests-1
2025-09-29 22:36:43.703 [TestNG-test=Chrome Browser Tests-1] WARN  com.nse.stock.listeners.ExtentReportListener - Test skipped: testBatchProfitLossCalculation - WebDriver setup failed
]]></system-out>
  </testcase>
  <testcase name="testBatchProfitLossCalculation" classname="com.nse.stock.tests.StockProfitLossTest" time="0">
    <skipped message="WebDriver setup failed"/>
    <system-out><![CDATA[2025-09-29 22:36:51.113 [TestNG-test=Firefox Browser Tests-1] INFO  com.nse.stock.listeners.ExtentReportListener - Test started: testBatchProfitLossCalculation - Test profit/loss calculation for multiple stocks in batch
2025-09-29 22:36:51.113 [TestNG-test=Firefox Browser Tests-1] INFO  com.nse.stock.listeners.ScreenshotListener - Test started: testBatchProfitLossCalculation on browser: edge in thread: TestNG-test=Firefox Browser Tests-1
2025-09-29 22:36:51.119 [TestNG-test=Firefox Browser Tests-1] WARN  com.nse.stock.listeners.ExtentReportListener - Test skipped: testBatchProfitLossCalculation - WebDriver setup failed
]]></system-out>
  </testcase>
  <testcase name="testBatchProfitLossCalculation" classname="com.nse.stock.tests.StockProfitLossTest" time="0">
    <skipped message="WebDriver setup failed"/>
    <system-out><![CDATA[2025-09-29 22:36:56.397 [TestNG-test=Edge Browser Tests-1] INFO  com.nse.stock.listeners.ExtentReportListener - Test started: testBatchProfitLossCalculation - Test profit/loss calculation for multiple stocks in batch
2025-09-29 22:36:56.397 [TestNG-test=Edge Browser Tests-1] INFO  com.nse.stock.listeners.ScreenshotListener - Test started: testBatchProfitLossCalculation on browser: edge in thread: TestNG-test=Edge Browser Tests-1
2025-09-29 22:36:56.397 [TestNG-test=Edge Browser Tests-1] WARN  com.nse.stock.listeners.ExtentReportListener - Test skipped: testBatchProfitLossCalculation - WebDriver setup failed
]]></system-out>
  </testcase>
  <testcase name="testProfitLossEdgeCases" classname="com.nse.stock.tests.StockProfitLossTest" time="0">
    <skipped message="WebDriver setup failed"/>
    <system-out><![CDATA[2025-09-29 22:36:43.744 [TestNG-test=Chrome Browser Tests-1] INFO  com.nse.stock.listeners.ExtentReportListener - Test started: testProfitLossEdgeCases - Test edge cases for profit/loss calculation
2025-09-29 22:36:43.744 [TestNG-test=Chrome Browser Tests-1] INFO  com.nse.stock.listeners.ScreenshotListener - Test started: testProfitLossEdgeCases on browser: edge in thread: TestNG-test=Chrome Browser Tests-1
2025-09-29 22:36:43.752 [TestNG-test=Chrome Browser Tests-1] WARN  com.nse.stock.listeners.ExtentReportListener - Test skipped: testProfitLossEdgeCases - WebDriver setup failed
]]></system-out>
  </testcase>
  <testcase name="testProfitLossEdgeCases" classname="com.nse.stock.tests.StockProfitLossTest" time="0">
    <skipped message="WebDriver setup failed"/>
    <system-out><![CDATA[2025-09-29 22:36:51.152 [TestNG-test=Firefox Browser Tests-1] INFO  com.nse.stock.listeners.ExtentReportListener - Test started: testProfitLossEdgeCases - Test edge cases for profit/loss calculation
2025-09-29 22:36:51.152 [TestNG-test=Firefox Browser Tests-1] INFO  com.nse.stock.listeners.ScreenshotListener - Test started: testProfitLossEdgeCases on browser: edge in thread: TestNG-test=Firefox Browser Tests-1
2025-09-29 22:36:51.160 [TestNG-test=Firefox Browser Tests-1] WARN  com.nse.stock.listeners.ExtentReportListener - Test skipped: testProfitLossEdgeCases - WebDriver setup failed
]]></system-out>
  </testcase>
  <testcase name="testProfitLossEdgeCases" classname="com.nse.stock.tests.StockProfitLossTest" time="0">
    <skipped message="WebDriver setup failed"/>
    <system-out><![CDATA[2025-09-29 22:36:56.436 [TestNG-test=Edge Browser Tests-1] INFO  com.nse.stock.listeners.ExtentReportListener - Test started: testProfitLossEdgeCases - Test edge cases for profit/loss calculation
2025-09-29 22:36:56.436 [TestNG-test=Edge Browser Tests-1] INFO  com.nse.stock.listeners.ScreenshotListener - Test started: testProfitLossEdgeCases on browser: edge in thread: TestNG-test=Edge Browser Tests-1
2025-09-29 22:36:56.442 [TestNG-test=Edge Browser Tests-1] WARN  com.nse.stock.listeners.ExtentReportListener - Test skipped: testProfitLossEdgeCases - WebDriver setup failed
]]></system-out>
  </testcase>
  <testcase name="tearDownClass" classname="com.nse.stock.tests.StockProfitLossTest" time="0">
    <skipped/>
  </testcase>
  <testcase name="tearDownClass" classname="com.nse.stock.tests.StockProfitLossTest" time="0">
    <skipped/>
  </testcase>
  <testcase name="tearDownClass" classname="com.nse.stock.tests.StockProfitLossTest" time="0">
    <skipped/>
  </testcase>
</testsuite>